Note: Starting dynamic gmin stepping
Warning: Dynamic gmin stepping failed
Note: Starting true gmin stepping
Warning: True gmin stepping failed
Note: Starting source stepping
Warning: source stepping failed
Note: Transient op started
Warning: singular matrix:  check node m.xbias.xbiasmasterncoarse.xmbdiv.x1.xdivcell2.xm2.msky130_fd_pr__pfet_01v8#dbody

Warning: singular matrix:  check node m.xbias.xbiasmasterncoarse.xmbdiv.x1.xdivcell2.xm2.msky130_fd_pr__pfet_01v8#dbody

Warning: singular matrix:  check node m.xbias.xbiasmasterncoarse.xmbdiv.x1.xdivcell2.xm2.msky130_fd_pr__pfet_01v8#dbody

Warning: singular matrix:  check node buffern

Warning: singular matrix:  check node m.xbias.xbiasmasterncoarse.xmbdiv.x1.xdivcell4.xm2.msky130_fd_pr__pfet_01v8#drain

Warning: singular matrix:  check node buffern

Error: Transient op failed, timestep too small


Error: The operating point could not be simulated successfully.
    Any of the following steps may fail.!

doAnalyses: OP:  Timestep too small; cause unrecorded.


op simulation(s) aborted
Warning from checkvalid: vector @m.xbias.xbiasbranch.xbuffs.xmndio.msky130_fd_pr__nfet_01v8[id] is not available or has zero length.
Error during 'write': no writable vector found.
Traceback (most recent call last):
  File "/home/alienfalcon/Projects/skywater/open_dvs_py312/open_dvs/git_dvs/nic2025_openDVS/analog/cace/scripts/tb_BiasBranchnMasterx1_op.py", line 9, in <module>
    rawfile = RawRead('{}/{}_{}.raw'.format(simpath, filename, simnumber))
              ^^^^^^^^^^^^^^^^^^^^^^^^^^^^^^^^^^^^^^^^^^^^^^^^^^^^^^^^^^^^
  File "/home/alienfalcon/Projects/skywater/open_dvs_py312/lib/python3.12/site-packages/spicelib/raw/raw_read.py", line 305, in __init__
    with open(raw_filename, "rb") as raw_file:
         ^^^^^^^^^^^^^^^^^^^^^^^^
FileNotFoundError: [Errno 2] No such file or directory: '/home/alienfalcon/Projects/skywater/open_dvs_py312/open_dvs/git_dvs/nic2025_openDVS/analog/runs/RUN_2026-05-07_06-11-54/parameters/op_sweep_code/run_077/tb_BiasBranchnMasterx1_op_77.raw'
Error: incomplete or empty netlist
       or no ".plot", ".print", or ".fourier" lines in batch mode;
no simulations run!
