"input" in: sky130B_mr.drc:169
    Polygons (raw): 285190 (flat)  75 (hierarchical)
    Elapsed: 0.000s  Memory: 419.00M
"polygons" in: sky130B_mr.drc:170
    Polygons (raw): 0 (flat)  0 (hierarchical)
    Elapsed: 0.000s  Memory: 419.00M
"polygons" in: sky130B_mr.drc:171
    Polygons (raw): 299526 (flat)  31 (hierarchical)
    Elapsed: 0.000s  Memory: 419.00M
"polygons" in: sky130B_mr.drc:172
    Polygons (raw): 16384 (flat)  1 (hierarchical)
    Elapsed: 0.000s  Memory: 419.00M
"polygons" in: sky130B_mr.drc:173
    Polygons (raw): 0 (flat)  0 (hierarchical)
    Elapsed: 0.000s  Memory: 420.00M
"polygons" in: sky130B_mr.drc:174
    Polygons (raw): 0 (flat)  0 (hierarchical)
    Elapsed: 0.000s  Memory: 420.00M
"polygons" in: sky130B_mr.drc:175
    Polygons (raw): 0 (flat)  0 (hierarchical)
    Elapsed: 0.000s  Memory: 420.00M
"polygons" in: sky130B_mr.drc:176
    Polygons (raw): 0 (flat)  0 (hierarchical)
    Elapsed: 0.000s  Memory: 420.00M
"polygons" in: sky130B_mr.drc:177
    Polygons (raw): 49152 (flat)  3 (hierarchical)
    Elapsed: 0.000s  Memory: 420.00M
"polygons" in: sky130B_mr.drc:178
    Polygons (raw): 0 (flat)  0 (hierarchical)
    Elapsed: 0.000s  Memory: 420.00M
"polygons" in: sky130B_mr.drc:179
    Polygons (raw): 0 (flat)  0 (hierarchical)
    Elapsed: 0.000s  Memory: 420.00M
"polygons" in: sky130B_mr.drc:180
    Polygons (raw): 0 (flat)  0 (hierarchical)
    Elapsed: 0.000s  Memory: 420.00M
"polygons" in: sky130B_mr.drc:181
    Polygons (raw): 0 (flat)  0 (hierarchical)
    Elapsed: 0.010s  Memory: 420.00M
"polygons" in: sky130B_mr.drc:182
    Polygons (raw): 717568 (flat)  85 (hierarchical)
    Elapsed: 0.000s  Memory: 420.00M
"polygons" in: sky130B_mr.drc:183
    Polygons (raw): 0 (flat)  0 (hierarchical)
    Elapsed: 0.000s  Memory: 420.00M
"polygons" in: sky130B_mr.drc:184
    Polygons (raw): 209670 (flat)  43 (hierarchical)
    Elapsed: 0.000s  Memory: 421.00M
"polygons" in: sky130B_mr.drc:185
    Polygons (raw): 288256 (flat)  44 (hierarchical)
    Elapsed: 0.000s  Memory: 421.00M
"polygons" in: sky130B_mr.drc:186
    Polygons (raw): 0 (flat)  0 (hierarchical)
    Elapsed: 0.000s  Memory: 421.00M
"polygons" in: sky130B_mr.drc:187
    Polygons (raw): 0 (flat)  0 (hierarchical)
    Elapsed: 0.000s  Memory: 421.00M
"polygons" in: sky130B_mr.drc:188
    Polygons (raw): 366848 (flat)  51 (hierarchical)
    Elapsed: 0.000s  Memory: 421.00M
"polygons" in: sky130B_mr.drc:189
    Polygons (raw): 5133789 (flat)  19124 (hierarchical)
    Elapsed: 0.010s  Memory: 422.00M
"polygons" in: sky130B_mr.drc:191
    Polygons (raw): 1338886 (flat)  302 (hierarchical)
    Elapsed: 0.000s  Memory: 422.00M
"polygons" in: sky130B_mr.drc:192
    Polygons (raw): 0 (flat)  0 (hierarchical)
    Elapsed: 0.000s  Memory: 422.00M
"polygons" in: sky130B_mr.drc:193
    Polygons (raw): 3127789 (flat)  17633 (hierarchical)
    Elapsed: 0.010s  Memory: 422.00M
"polygons" in: sky130B_mr.drc:195
    Polygons (raw): 3434254 (flat)  393 (hierarchical)
    Elapsed: 0.000s  Memory: 422.00M
"polygons" in: sky130B_mr.drc:196
    Polygons (raw): 2347718 (flat)  352 (hierarchical)
    Elapsed: 0.000s  Memory: 422.00M
"polygons" in: sky130B_mr.drc:198
    Polygons (raw): 1978815 (flat)  265 (hierarchical)
    Elapsed: 0.000s  Memory: 422.00M
"polygons" in: sky130B_mr.drc:199
    Polygons (raw): 585986 (flat)  190 (hierarchical)
    Elapsed: 0.000s  Memory: 422.00M
"polygons" in: sky130B_mr.drc:201
    Polygons (raw): 441761 (flat)  478 (hierarchical)
    Elapsed: 0.000s  Memory: 422.00M
"polygons" in: sky130B_mr.drc:202
    Polygons (raw): 462848 (flat)  107 (hierarchical)
    Elapsed: 0.000s  Memory: 423.00M
"polygons" in: sky130B_mr.drc:204
    Polygons (raw): 347136 (flat)  33 (hierarchical)
    Elapsed: 0.000s  Memory: 423.00M
"polygons" in: sky130B_mr.drc:205
    Polygons (raw): 51200 (flat)  11 (hierarchical)
    Elapsed: 0.000s  Memory: 423.00M
"polygons" in: sky130B_mr.drc:207
    Polygons (raw): 82688 (flat)  9 (hierarchical)
    Elapsed: 0.000s  Memory: 423.00M
"polygons" in: sky130B_mr.drc:209
    Polygons (raw): 16384 (flat)  4 (hierarchical)
    Elapsed: 0.000s  Memory: 423.00M
"polygons" in: sky130B_mr.drc:210
    Polygons (raw): 0 (flat)  0 (hierarchical)
    Elapsed: 0.000s  Memory: 423.00M
"polygons" in: sky130B_mr.drc:211
    Polygons (raw): 49152 (flat)  3 (hierarchical)
    Elapsed: 0.000s  Memory: 423.00M
"polygons" in: sky130B_mr.drc:212
    Polygons (raw): 0 (flat)  0 (hierarchical)
    Elapsed: 0.000s  Memory: 423.00M
"polygons" in: sky130B_mr.drc:213
    Polygons (raw): 0 (flat)  0 (hierarchical)
    Elapsed: 0.000s  Memory: 423.00M
"polygons" in: sky130B_mr.drc:214
    Polygons (raw): 0 (flat)  0 (hierarchical)
    Elapsed: 0.000s  Memory: 423.00M
"polygons" in: sky130B_mr.drc:215
    Polygons (raw): 0 (flat)  0 (hierarchical)
    Elapsed: 0.000s  Memory: 424.00M
"polygons" in: sky130B_mr.drc:216
    Polygons (raw): 0 (flat)  0 (hierarchical)
    Elapsed: 0.000s  Memory: 424.00M
"polygons" in: sky130B_mr.drc:217
    Polygons (raw): 0 (flat)  0 (hierarchical)
    Elapsed: 0.000s  Memory: 424.00M
"polygons" in: sky130B_mr.drc:218
    Polygons (raw): 0 (flat)  0 (hierarchical)
    Elapsed: 0.000s  Memory: 424.00M
"polygons" in: sky130B_mr.drc:219
    Polygons (raw): 0 (flat)  0 (hierarchical)
    Elapsed: 0.000s  Memory: 424.00M
"polygons" in: sky130B_mr.drc:220
    Polygons (raw): 0 (flat)  0 (hierarchical)
    Elapsed: 0.000s  Memory: 424.00M
"polygons" in: sky130B_mr.drc:221
    Polygons (raw): 0 (flat)  0 (hierarchical)
    Elapsed: 0.000s  Memory: 424.00M
"polygons" in: sky130B_mr.drc:222
    Polygons (raw): 0 (flat)  0 (hierarchical)
    Elapsed: 0.000s  Memory: 424.00M
"polygons" in: sky130B_mr.drc:223
    Polygons (raw): 0 (flat)  0 (hierarchical)
    Elapsed: 0.000s  Memory: 424.00M
"polygons" in: sky130B_mr.drc:224
    Polygons (raw): 0 (flat)  0 (hierarchical)
    Elapsed: 0.000s  Memory: 424.00M
"polygons" in: sky130B_mr.drc:225
    Polygons (raw): 0 (flat)  0 (hierarchical)
    Elapsed: 0.000s  Memory: 424.00M
"polygons" in: sky130B_mr.drc:226
    Polygons (raw): 0 (flat)  0 (hierarchical)
    Elapsed: 0.000s  Memory: 425.00M
"polygons" in: sky130B_mr.drc:227
    Polygons (raw): 0 (flat)  0 (hierarchical)
    Elapsed: 0.000s  Memory: 425.00M
"polygons" in: sky130B_mr.drc:228
    Polygons (raw): 0 (flat)  0 (hierarchical)
    Elapsed: 0.000s  Memory: 425.00M
"polygons" in: sky130B_mr.drc:229
    Polygons (raw): 0 (flat)  0 (hierarchical)
    Elapsed: 0.000s  Memory: 425.00M
"polygons" in: sky130B_mr.drc:230
    Polygons (raw): 0 (flat)  0 (hierarchical)
    Elapsed: 0.000s  Memory: 425.00M
"polygons" in: sky130B_mr.drc:231
    Polygons (raw): 0 (flat)  0 (hierarchical)
    Elapsed: 0.000s  Memory: 425.00M
"polygons" in: sky130B_mr.drc:232
    Polygons (raw): 0 (flat)  0 (hierarchical)
    Elapsed: 0.000s  Memory: 425.00M
"polygons" in: sky130B_mr.drc:233
    Polygons (raw): 0 (flat)  0 (hierarchical)
    Elapsed: 0.000s  Memory: 425.00M
"polygons" in: sky130B_mr.drc:234
    Polygons (raw): 0 (flat)  0 (hierarchical)
    Elapsed: 0.000s  Memory: 425.00M
"polygons" in: sky130B_mr.drc:235
    Polygons (raw): 0 (flat)  0 (hierarchical)
    Elapsed: 0.010s  Memory: 425.00M
"polygons" in: sky130B_mr.drc:236
    Polygons (raw): 0 (flat)  0 (hierarchical)
    Elapsed: 0.000s  Memory: 425.00M
"polygons" in: sky130B_mr.drc:237
    Polygons (raw): 0 (flat)  0 (hierarchical)
    Elapsed: 0.000s  Memory: 426.00M
"polygons" in: sky130B_mr.drc:238
    Polygons (raw): 0 (flat)  0 (hierarchical)
    Elapsed: 0.000s  Memory: 426.00M
"polygons" in: sky130B_mr.drc:239
    Polygons (raw): 0 (flat)  0 (hierarchical)
    Elapsed: 0.000s  Memory: 426.00M
"polygons" in: sky130B_mr.drc:240
    Polygons (raw): 0 (flat)  0 (hierarchical)
    Elapsed: 0.000s  Memory: 426.00M
"polygons" in: sky130B_mr.drc:241
    Polygons (raw): 0 (flat)  0 (hierarchical)
    Elapsed: 0.000s  Memory: 426.00M
"polygons" in: sky130B_mr.drc:242
    Polygons (raw): 0 (flat)  0 (hierarchical)
    Elapsed: 0.000s  Memory: 426.00M
"polygons" in: sky130B_mr.drc:243
    Polygons (raw): 0 (flat)  0 (hierarchical)
    Elapsed: 0.000s  Memory: 426.00M
"polygons" in: sky130B_mr.drc:244
    Polygons (raw): 0 (flat)  0 (hierarchical)
    Elapsed: 0.000s  Memory: 426.00M
"polygons" in: sky130B_mr.drc:245
    Polygons (raw): 0 (flat)  0 (hierarchical)
    Elapsed: 0.000s  Memory: 426.00M
"polygons" in: sky130B_mr.drc:246
    Polygons (raw): 0 (flat)  0 (hierarchical)
    Elapsed: 0.000s  Memory: 426.00M
"polygons" in: sky130B_mr.drc:247
    Polygons (raw): 0 (flat)  0 (hierarchical)
    Elapsed: 0.000s  Memory: 426.00M
"polygons" in: sky130B_mr.drc:248
    Polygons (raw): 0 (flat)  0 (hierarchical)
    Elapsed: 0.000s  Memory: 427.00M
"polygons" in: sky130B_mr.drc:249
    Polygons (raw): 0 (flat)  0 (hierarchical)
    Elapsed: 0.000s  Memory: 427.00M
"polygons" in: sky130B_mr.drc:250
    Polygons (raw): 0 (flat)  0 (hierarchical)
    Elapsed: 0.000s  Memory: 427.00M
"polygons" in: sky130B_mr.drc:251
    Polygons (raw): 0 (flat)  0 (hierarchical)
    Elapsed: 0.000s  Memory: 427.00M
"polygons" in: sky130B_mr.drc:252
    Polygons (raw): 16384 (flat)  1 (hierarchical)
    Elapsed: 0.000s  Memory: 427.00M
"polygons" in: sky130B_mr.drc:253
    Polygons (raw): 0 (flat)  0 (hierarchical)
    Elapsed: 0.000s  Memory: 427.00M
"polygons" in: sky130B_mr.drc:254
    Polygons (raw): 0 (flat)  0 (hierarchical)
    Elapsed: 0.000s  Memory: 427.00M
"polygons" in: sky130B_mr.drc:255
    Polygons (raw): 0 (flat)  0 (hierarchical)
    Elapsed: 0.000s  Memory: 427.00M
"polygons" in: sky130B_mr.drc:256
    Polygons (raw): 0 (flat)  0 (hierarchical)
    Elapsed: 0.000s  Memory: 427.00M
"polygons" in: sky130B_mr.drc:257
    Polygons (raw): 0 (flat)  0 (hierarchical)
    Elapsed: 0.000s  Memory: 427.00M
"polygons" in: sky130B_mr.drc:258
    Polygons (raw): 0 (flat)  0 (hierarchical)
    Elapsed: 0.000s  Memory: 427.00M
"polygons" in: sky130B_mr.drc:259
    Polygons (raw): 0 (flat)  0 (hierarchical)
    Elapsed: 0.000s  Memory: 427.00M
"polygons" in: sky130B_mr.drc:260
    Polygons (raw): 0 (flat)  0 (hierarchical)
    Elapsed: 0.000s  Memory: 428.00M
"polygons" in: sky130B_mr.drc:261
    Polygons (raw): 0 (flat)  0 (hierarchical)
    Elapsed: 0.000s  Memory: 428.00M
"polygons" in: sky130B_mr.drc:262
    Polygons (raw): 0 (flat)  0 (hierarchical)
    Elapsed: 0.000s  Memory: 428.00M
"polygons" in: sky130B_mr.drc:263
    Polygons (raw): 0 (flat)  0 (hierarchical)
    Elapsed: 0.000s  Memory: 428.00M
"polygons" in: sky130B_mr.drc:264
    Polygons (raw): 0 (flat)  0 (hierarchical)
    Elapsed: 0.000s  Memory: 428.00M
"merged" in: sky130B_mr.drc:266
    Polygons (raw): 0 (flat)  0 (hierarchical)
    Elapsed: 0.000s  Memory: 428.00M
DRC section
BEOL section
START: 67/20 (li)
"outside" in: sky130B_mr.drc:890
    Polygons (raw): 1338886 (flat)  302 (hierarchical)
    Elapsed: 0.000s  Memory: 429.00M
"interacting" in: sky130B_mr.drc:891
    Polygons (raw): 0 (flat)  0 (hierarchical)
    Elapsed: 0.000s  Memory: 429.00M
"inside" in: sky130B_mr.drc:891
    Polygons (raw): 0 (flat)  0 (hierarchical)
    Elapsed: 0.010s  Memory: 429.00M
"-" in: sky130B_mr.drc:891
    Polygons (raw): 0 (flat)  0 (hierarchical)
    Elapsed: 0.000s  Memory: 429.00M
"or" in: sky130B_mr.drc:890
    Polygons (raw): 860929 (flat)  26005 (hierarchical)
    Elapsed: 0.250s  Memory: 443.00M
"width" in: sky130B_mr.drc:893
    Edge pairs: 0 (flat)  0 (hierarchical)
    Elapsed: 0.020s  Memory: 443.00M
"output" in: sky130B_mr.drc:893
    Edge pairs: 0 (flat)  0 (hierarchical)
    Elapsed: 0.000s  Memory: 443.00M
"space" in: sky130B_mr.drc:897
    Edge pairs: 0 (flat)  0 (hierarchical)
    Elapsed: 9.080s  Memory: 767.00M
"output" in: sky130B_mr.drc:897
    Edge pairs: 0 (flat)  0 (hierarchical)
    Elapsed: 0.030s  Memory: 767.00M
"-" in: sky130B_mr.drc:901
    Polygons (raw): 5133789 (flat)  19124 (hierarchical)
    Elapsed: 0.000s  Memory: 767.00M
"enclosing" in: sky130B_mr.drc:903
    Edge pairs: 6344960 (flat)  1312674 (hierarchical)
    Elapsed: 53.480s  Memory: 694.00M
"second_edges" in: sky130B_mr.drc:903
    Edges: 6344960 (flat)  1312674 (hierarchical)
    Elapsed: 0.070s  Memory: 739.00M
"width" in: sky130B_mr.drc:904
    Edge pairs: 0 (flat)  0 (hierarchical)
    Elapsed: 13.350s  Memory: 1089.00M
"polygons" in: sky130B_mr.drc:905
    Polygons (raw): 0 (flat)  0 (hierarchical)
    Elapsed: 0.020s  Memory: 1089.00M
"interacting" in: sky130B_mr.drc:905
    Polygons (raw): 0 (flat)  0 (hierarchical)
    Elapsed: 0.000s  Memory: 1089.00M
"output" in: sky130B_mr.drc:906
    Polygons (raw): 0 (flat)  0 (hierarchical)
    Elapsed: 0.000s  Memory: 1089.00M
"interacting" in: sky130B_mr.drc:910
    Polygons (raw): 0 (flat)  0 (hierarchical)
    Elapsed: 0.000s  Memory: 1089.00M
"-" in: sky130B_mr.drc:910
    Polygons (raw): 1338886 (flat)  302 (hierarchical)
    Elapsed: 0.000s  Memory: 1089.00M
"with_area" in: sky130B_mr.drc:911
    Polygons (raw): 0 (flat)  0 (hierarchical)
    Elapsed: 0.300s  Memory: 1089.00M
"output" in: sky130B_mr.drc:911
    Polygons (raw): 0 (flat)  0 (hierarchical)
    Elapsed: 0.000s  Memory: 1089.00M
"&" in: sky130B_mr.drc:915
    Polygons (raw): 0 (flat)  0 (hierarchical)
    Elapsed: 0.000s  Memory: 1089.00M
"space" in: sky130B_mr.drc:916
    Edge pairs: 0 (flat)  0 (hierarchical)
    Elapsed: 0.000s  Memory: 1089.00M
"output" in: sky130B_mr.drc:916
    Edge pairs: 0 (flat)  0 (hierarchical)
    Elapsed: 0.000s  Memory: 1089.00M
"width" in: sky130B_mr.drc:920
    Edge pairs: 0 (flat)  0 (hierarchical)
    Elapsed: 0.000s  Memory: 1089.00M
"output" in: sky130B_mr.drc:920
    Edge pairs: 0 (flat)  0 (hierarchical)
    Elapsed: 0.000s  Memory: 1089.00M
END: 67/20 (li)
START: 67/13 (li_res)
"width" in: sky130B_mr.drc:928
    Edge pairs: 0 (flat)  0 (hierarchical)
    Elapsed: 0.000s  Memory: 1089.00M
"output" in: sky130B_mr.drc:928
    Edge pairs: 0 (flat)  0 (hierarchical)
    Elapsed: 0.010s  Memory: 1089.00M
END: 67/13 (li_res)
START: 67/44 (mcon)
"-" in: sky130B_mr.drc:936
    Polygons (raw): 3127789 (flat)  17633 (hierarchical)
    Elapsed: 0.000s  Memory: 1089.00M
"drc" in: sky130B_mr.drc:938
    Polygons (raw): 0 (flat)  0 (hierarchical)
    Elapsed: 1.250s  Memory: 1090.00M
"-" in: sky130B_mr.drc:939
    Polygons (raw): 3127789 (flat)  17633 (hierarchical)
    Elapsed: 0.010s  Memory: 1090.00M
"outside" in: sky130B_mr.drc:943
    Polygons (raw): 3127789 (flat)  17633 (hierarchical)
    Elapsed: 0.000s  Memory: 1090.00M
"non_rectangles" in: sky130B_mr.drc:944
    Polygons (raw): 0 (flat)  0 (hierarchical)
    Elapsed: 0.950s  Memory: 1090.00M
"output" in: sky130B_mr.drc:944
    Polygons (raw): 0 (flat)  0 (hierarchical)
    Elapsed: 0.020s  Memory: 1090.00M
"drc" in: sky130B_mr.drc:949
    Edge pairs: 0 (flat)  0 (hierarchical)
    Elapsed: 1.300s  Memory: 1082.00M
"output" in: sky130B_mr.drc:949
    Edge pairs: 0 (flat)  0 (hierarchical)
    Elapsed: 0.010s  Memory: 1029.00M
"drc" in: sky130B_mr.drc:953
    Edges: 0 (flat)  0 (hierarchical)
    Elapsed: 0.400s  Memory: 1029.00M
"output" in: sky130B_mr.drc:953
    Edges: 0 (flat)  0 (hierarchical)
    Elapsed: 0.000s  Memory: 1029.00M
"space" in: sky130B_mr.drc:957
    Edge pairs: 0 (flat)  0 (hierarchical)
    Elapsed: 0.460s  Memory: 1029.00M
"output" in: sky130B_mr.drc:957
    Edge pairs: 0 (flat)  0 (hierarchical)
    Elapsed: 0.020s  Memory: 1029.00M
"width" in: sky130B_mr.drc:962
    Edge pairs: 0 (flat)  0 (hierarchical)
    Elapsed: 0.000s  Memory: 1029.00M
"output" in: sky130B_mr.drc:962
    Edge pairs: 0 (flat)  0 (hierarchical)
    Elapsed: 0.000s  Memory: 1029.00M
"drc" in: sky130B_mr.drc:966
    Edge pairs: 0 (flat)  0 (hierarchical)
    Elapsed: 0.000s  Memory: 1029.00M
"output" in: sky130B_mr.drc:966
    Edge pairs: 0 (flat)  0 (hierarchical)
    Elapsed: 0.000s  Memory: 1029.00M
"-" in: sky130B_mr.drc:970
    Polygons (raw): 0 (flat)  0 (hierarchical)
    Elapsed: 0.000s  Memory: 1029.00M
"output" in: sky130B_mr.drc:970
    Polygons (raw): 0 (flat)  0 (hierarchical)
    Elapsed: 0.000s  Memory: 1029.00M
"-" in: sky130B_mr.drc:975
    Polygons (raw): 0 (flat)  0 (hierarchical)
    Elapsed: 0.230s  Memory: 1029.00M
"output" in: sky130B_mr.drc:975
    Polygons (raw): 0 (flat)  0 (hierarchical)
    Elapsed: 0.000s  Memory: 1029.00M
END: 67/44 (mcon)
START: 68/20 (m1)
"width" in: sky130B_mr.drc:980
    Edge pairs: 0 (flat)  0 (hierarchical)
    Elapsed: 0.750s  Memory: 1029.00M
"output" in: sky130B_mr.drc:980
    Edge pairs: 0 (flat)  0 (hierarchical)
    Elapsed: 0.010s  Memory: 1029.00M
"sized" in: sky130B_mr.drc:981
    Polygons (raw): 256 (flat)  256 (hierarchical)
    Elapsed: 1.010s  Memory: 1029.00M
"sized" in: sky130B_mr.drc:981
    Polygons (raw): 256 (flat)  256 (hierarchical)
    Elapsed: 0.010s  Memory: 1029.00M
"snap" in: sky130B_mr.drc:981
    Polygons (raw): 256 (flat)  256 (hierarchical)
    Elapsed: 0.000s  Memory: 1029.00M
"&" in: sky130B_mr.drc:981
    Polygons (raw): 256 (flat)  256 (hierarchical)
    Elapsed: 0.020s  Memory: 1029.00M
"edges" in: sky130B_mr.drc:982
    Edges: 7143696 (flat)  759628 (hierarchical)
    Elapsed: 0.040s  Memory: 1029.00M
"-" in: sky130B_mr.drc:982
    Edges: 7143178 (flat)  759110 (hierarchical)
    Elapsed: 0.960s  Memory: 1074.00M
"edges" in: sky130B_mr.drc:983
    Edges: 1032 (flat)  1032 (hierarchical)
    Elapsed: 0.020s  Memory: 1074.00M
"merged" in: sky130B_mr.drc:983
    Polygons (raw): 561603 (flat)  41070 (hierarchical)
    Elapsed: 0.620s  Memory: 1074.00M
"outside_part" in: sky130B_mr.drc:983
    Edges: 1540 (flat)  1540 (hierarchical)
    Elapsed: 0.040s  Memory: 1074.00M
"space" in: sky130B_mr.drc:985
    Edge pairs: 0 (flat)  0 (hierarchical)
    Elapsed: 12.830s  Memory: 1087.00M
"output" in: sky130B_mr.drc:985
    Edge pairs: 0 (flat)  0 (hierarchical)
    Elapsed: 0.020s  Memory: 1029.00M
"separation" in: sky130B_mr.drc:991
    Edge pairs: 0 (flat)  0 (hierarchical)
    Elapsed: 0.060s  Memory: 1029.00M
"space" in: sky130B_mr.drc:992
    Edge pairs: 0 (flat)  0 (hierarchical)
    Elapsed: 0.000s  Memory: 1029.00M
"+" in: sky130B_mr.drc:991
    Edge pairs: 0 (flat)  0 (hierarchical)
    Elapsed: 0.000s  Memory: 1029.00M
"output" in: sky130B_mr.drc:993
    Edge pairs: 0 (flat)  0 (hierarchical)
    Elapsed: 0.000s  Memory: 1029.00M
"input" in: sky130B_mr.drc:1004
    Polygons (raw): 3434254 (flat)  1455 (hierarchical)
    Elapsed: 0.000s  Memory: 1029.00M
"enclosing" in: sky130B_mr.drc:1006
    Edge pairs: 0 (flat)  0 (hierarchical)
    Elapsed: 33.400s  Memory: 1409.00M
"output" in: sky130B_mr.drc:1006
    Edge pairs: 0 (flat)  0 (hierarchical)
    Elapsed: 0.040s  Memory: 1093.00M
"-" in: sky130B_mr.drc:1010
    Polygons (raw): 0 (flat)  0 (hierarchical)
    Elapsed: 0.280s  Memory: 1029.00M
"output" in: sky130B_mr.drc:1010
    Polygons (raw): 0 (flat)  0 (hierarchical)
    Elapsed: 0.000s  Memory: 1029.00M
"input" in: sky130B_mr.drc:1024
    Polygons (raw): 0 (flat)  0 (hierarchical)
    Elapsed: 0.000s  Memory: 1029.00M
"enclosing" in: sky130B_mr.drc:1025
    Edge pairs: 0 (flat)  0 (hierarchical)
    Elapsed: 0.010s  Memory: 1029.00M
"output" in: sky130B_mr.drc:1025
    Edge pairs: 0 (flat)  0 (hierarchical)
    Elapsed: 0.000s  Memory: 1029.00M
"-" in: sky130B_mr.drc:1030
    Polygons (raw): 0 (flat)  0 (hierarchical)
    Elapsed: 0.000s  Memory: 1029.00M
"output" in: sky130B_mr.drc:1030
    Polygons (raw): 0 (flat)  0 (hierarchical)
    Elapsed: 0.000s  Memory: 1029.00M
"with_area" in: sky130B_mr.drc:1035
    Polygons (raw): 0 (flat)  0 (hierarchical)
    Elapsed: 0.050s  Memory: 1029.00M
"output" in: sky130B_mr.drc:1035
    Polygons (raw): 0 (flat)  0 (hierarchical)
    Elapsed: 0.000s  Memory: 1029.00M
"holes" in: sky130B_mr.drc:1038
    Polygons (raw): 4545 (flat)  2561 (hierarchical)
    Elapsed: 0.020s  Memory: 1029.00M
"with_area" in: sky130B_mr.drc:1039
    Polygons (raw): 0 (flat)  0 (hierarchical)
    Elapsed: 1.110s  Memory: 1029.00M
"output" in: sky130B_mr.drc:1040
    Polygons (raw): 0 (flat)  0 (hierarchical)
    Elapsed: 0.020s  Memory: 1029.00M
"enclosing" in: sky130B_mr.drc:1051
    Edge pairs: 3184896 (flat)  817162 (hierarchical)
    Elapsed: 42.720s  Memory: 1095.00M
"second_edges" in: sky130B_mr.drc:1051
    Edges: 3184896 (flat)  817162 (hierarchical)
    Elapsed: 0.050s  Memory: 1095.00M
"width" in: sky130B_mr.drc:1053
    Edge pairs: 0 (flat)  0 (hierarchical)
    Elapsed: 8.140s  Memory: 1018.00M
"polygons" in: sky130B_mr.drc:1055
    Polygons (raw): 0 (flat)  0 (hierarchical)
    Elapsed: 0.020s  Memory: 1018.00M
"interacting" in: sky130B_mr.drc:1055
    Polygons (raw): 0 (flat)  0 (hierarchical)
    Elapsed: 0.000s  Memory: 1018.00M
"output" in: sky130B_mr.drc:1056
    Polygons (raw): 0 (flat)  0 (hierarchical)
    Elapsed: 0.000s  Memory: 1018.00M
END: 68/20 (m1)
START: 68/44 (via)
"drc" in: sky130B_mr.drc:1067
    Polygons (raw): 0 (flat)  0 (hierarchical)
    Elapsed: 2.360s  Memory: 1018.00M
"-" in: sky130B_mr.drc:1068
    Polygons (raw): 2347718 (flat)  904 (hierarchical)
    Elapsed: 0.020s  Memory: 1018.00M
"-" in: sky130B_mr.drc:1073
    Polygons (raw): 2347718 (flat)  904 (hierarchical)
    Elapsed: 0.000s  Memory: 1018.00M
"non_rectangles" in: sky130B_mr.drc:1075
    Polygons (raw): 0 (flat)  0 (hierarchical)
    Elapsed: 1.540s  Memory: 1018.00M
"output" in: sky130B_mr.drc:1075
    Polygons (raw): 0 (flat)  0 (hierarchical)
    Elapsed: 0.010s  Memory: 1018.00M
"width" in: sky130B_mr.drc:1079
    Edge pairs: 0 (flat)  0 (hierarchical)
    Elapsed: 0.080s  Memory: 1018.00M
"output" in: sky130B_mr.drc:1079
    Edge pairs: 0 (flat)  0 (hierarchical)
    Elapsed: 0.000s  Memory: 1018.00M
"drc" in: sky130B_mr.drc:1084
    Edges: 0 (flat)  0 (hierarchical)
    Elapsed: 1.020s  Memory: 1018.00M
"output" in: sky130B_mr.drc:1084
    Edges: 0 (flat)  0 (hierarchical)
    Elapsed: 0.010s  Memory: 1018.00M
"space" in: sky130B_mr.drc:1089
    Edge pairs: 0 (flat)  0 (hierarchical)
    Elapsed: 0.150s  Memory: 1018.00M
"output" in: sky130B_mr.drc:1089
    Edge pairs: 0 (flat)  0 (hierarchical)
    Elapsed: 0.000s  Memory: 1018.00M
"width" in: sky130B_mr.drc:1095
    Edge pairs: 0 (flat)  0 (hierarchical)
    Elapsed: 0.000s  Memory: 1018.00M
"output" in: sky130B_mr.drc:1095
    Edge pairs: 0 (flat)  0 (hierarchical)
    Elapsed: 0.000s  Memory: 1018.00M
"drc" in: sky130B_mr.drc:1099
    Edge pairs: 0 (flat)  0 (hierarchical)
    Elapsed: 0.000s  Memory: 1018.00M
"output" in: sky130B_mr.drc:1099
    Edge pairs: 0 (flat)  0 (hierarchical)
    Elapsed: 0.000s  Memory: 1018.00M
"-" in: sky130B_mr.drc:1103
    Polygons (raw): 0 (flat)  0 (hierarchical)
    Elapsed: 0.000s  Memory: 1018.00M
"output" in: sky130B_mr.drc:1103
    Polygons (raw): 0 (flat)  0 (hierarchical)
    Elapsed: 0.000s  Memory: 1018.00M
"edges" in: sky130B_mr.drc:1110
    Edges: 7143696 (flat)  759628 (hierarchical)
    Elapsed: 0.040s  Memory: 1018.00M
"drc" in: sky130B_mr.drc:1111
    Edges: 7477528 (flat)  672808 (hierarchical)
    Elapsed: 3.650s  Memory: 1035.00M
"enclosing" in: sky130B_mr.drc:1111
    Edge pairs: 0 (flat)  0 (hierarchical)
    Elapsed: 7.170s  Memory: 1040.00M
"output" in: sky130B_mr.drc:1112
    Edge pairs: 0 (flat)  0 (hierarchical)
    Elapsed: 0.020s  Memory: 1040.00M
"squares" in: sky130B_mr.drc:1114
    Polygons (raw): 1869382 (flat)  168202 (hierarchical)
    Elapsed: 0.070s  Memory: 1040.00M
"drc" in: sky130B_mr.drc:1115
    Edges: 7477528 (flat)  672808 (hierarchical)
    Elapsed: 2.100s  Memory: 1040.00M
"-" in: sky130B_mr.drc:1116
    Edges: 0 (flat)  0 (hierarchical)
    Elapsed: 34.480s  Memory: 1101.00M
"output" in: sky130B_mr.drc:1117
    Edges: 0 (flat)  0 (hierarchical)
    Elapsed: 0.010s  Memory: 1066.00M
"edges" in: sky130B_mr.drc:1121
    Edges: 7143696 (flat)  759628 (hierarchical)
    Elapsed: 0.030s  Memory: 1066.00M
"drc" in: sky130B_mr.drc:1122
    Edges: 7477528 (flat)  672808 (hierarchical)
    Elapsed: 2.890s  Memory: 1073.00M
"enclosing" in: sky130B_mr.drc:1122
    Edge pairs: 764160 (flat)  59700 (hierarchical)
    Elapsed: 16.710s  Memory: 1208.00M
"second_edges" in: sky130B_mr.drc:1123
    Edges: 764160 (flat)  59700 (hierarchical)
    Elapsed: 0.020s  Memory: 1208.00M
"width" in: sky130B_mr.drc:1125
    Edge pairs: 0 (flat)  0 (hierarchical)
    Elapsed: 0.700s  Memory: 1208.00M
"polygons" in: sky130B_mr.drc:1126
    Polygons (raw): 0 (flat)  0 (hierarchical)
    Elapsed: 0.020s  Memory: 1208.00M
"interacting" in: sky130B_mr.drc:1126
    Polygons (raw): 0 (flat)  0 (hierarchical)
    Elapsed: 0.000s  Memory: 1208.00M
"output" in: sky130B_mr.drc:1127
    Polygons (raw): 0 (flat)  0 (hierarchical)
    Elapsed: 0.000s  Memory: 1208.00M
END: 68/44 (via)
START: 69/20 (m2)
"&" in: sky130B_mr.drc:1136
    Polygons (raw): 0 (flat)  0 (hierarchical)
    Elapsed: 0.000s  Memory: 1208.00M
"width" in: sky130B_mr.drc:1137
    Edge pairs: 0 (flat)  0 (hierarchical)
    Elapsed: 0.410s  Memory: 1208.00M
"output" in: sky130B_mr.drc:1137
    Edge pairs: 0 (flat)  0 (hierarchical)
    Elapsed: 0.000s  Memory: 1208.00M
"sized" in: sky130B_mr.drc:1139
    Polygons (raw): 0 (flat)  0 (hierarchical)
    Elapsed: 0.230s  Memory: 1208.00M
"sized" in: sky130B_mr.drc:1139
    Polygons (raw): 0 (flat)  0 (hierarchical)
    Elapsed: 0.020s  Memory: 1208.00M
"snap" in: sky130B_mr.drc:1139
    Polygons (raw): 0 (flat)  0 (hierarchical)
    Elapsed: 0.000s  Memory: 1208.00M
"&" in: sky130B_mr.drc:1139
    Polygons (raw): 0 (flat)  0 (hierarchical)
    Elapsed: 0.000s  Memory: 1208.00M
"edges" in: sky130B_mr.drc:1140
    Edges: 3730836 (flat)  278292 (hierarchical)
    Elapsed: 0.010s  Memory: 1208.00M
"-" in: sky130B_mr.drc:1140
    Edges: 3730836 (flat)  278292 (hierarchical)
    Elapsed: 0.010s  Memory: 1208.00M
"edges" in: sky130B_mr.drc:1141
    Edges: 0 (flat)  0 (hierarchical)
    Elapsed: 0.000s  Memory: 1208.00M
"merged" in: sky130B_mr.drc:1141
    Polygons (raw): 251365 (flat)  9321 (hierarchical)
    Elapsed: 0.340s  Memory: 1208.00M
"outside_part" in: sky130B_mr.drc:1141
    Edges: 0 (flat)  0 (hierarchical)
    Elapsed: 0.000s  Memory: 1208.00M
"-" in: sky130B_mr.drc:1142
    Polygons (raw): 2347718 (flat)  904 (hierarchical)
    Elapsed: 0.000s  Memory: 1208.00M
"space" in: sky130B_mr.drc:1144
    Edge pairs: 0 (flat)  0 (hierarchical)
    Elapsed: 3.330s  Memory: 1208.00M
"output" in: sky130B_mr.drc:1144
    Edge pairs: 0 (flat)  0 (hierarchical)
    Elapsed: 0.010s  Memory: 1208.00M
"separation" in: sky130B_mr.drc:1150
    Edge pairs: 0 (flat)  0 (hierarchical)
    Elapsed: 0.010s  Memory: 1208.00M
"space" in: sky130B_mr.drc:1151
    Edge pairs: 0 (flat)  0 (hierarchical)
    Elapsed: 0.000s  Memory: 1208.00M
"+" in: sky130B_mr.drc:1150
    Edge pairs: 0 (flat)  0 (hierarchical)
    Elapsed: 0.000s  Memory: 1208.00M
"output" in: sky130B_mr.drc:1152
    Edge pairs: 0 (flat)  0 (hierarchical)
    Elapsed: 0.000s  Memory: 1208.00M
"with_area" in: sky130B_mr.drc:1154
    Polygons (raw): 0 (flat)  0 (hierarchical)
    Elapsed: 0.010s  Memory: 1208.00M
"output" in: sky130B_mr.drc:1154
    Polygons (raw): 0 (flat)  0 (hierarchical)
    Elapsed: 0.000s  Memory: 1208.00M
"holes" in: sky130B_mr.drc:1156
    Polygons (raw): 0 (flat)  0 (hierarchical)
    Elapsed: 0.000s  Memory: 1208.00M
"with_area" in: sky130B_mr.drc:1157
    Polygons (raw): 0 (flat)  0 (hierarchical)
    Elapsed: 0.000s  Memory: 1208.00M
"output" in: sky130B_mr.drc:1158
    Polygons (raw): 0 (flat)  0 (hierarchical)
    Elapsed: 0.000s  Memory: 1208.00M
"enclosing" in: sky130B_mr.drc:1166
    Edge pairs: 0 (flat)  0 (hierarchical)
    Elapsed: 12.790s  Memory: 1208.00M
"output" in: sky130B_mr.drc:1166
    Edge pairs: 0 (flat)  0 (hierarchical)
    Elapsed: 0.020s  Memory: 1208.00M
"-" in: sky130B_mr.drc:1170
    Polygons (raw): 0 (flat)  0 (hierarchical)
    Elapsed: 0.280s  Memory: 1208.00M
"output" in: sky130B_mr.drc:1170
    Polygons (raw): 0 (flat)  0 (hierarchical)
    Elapsed: 0.000s  Memory: 1208.00M
"enclosing" in: sky130B_mr.drc:1174
    Edge pairs: 0 (flat)  0 (hierarchical)
    Elapsed: 0.010s  Memory: 1208.00M
"output" in: sky130B_mr.drc:1174
    Edge pairs: 0 (flat)  0 (hierarchical)
    Elapsed: 0.000s  Memory: 1208.00M
"enclosing" in: sky130B_mr.drc:1179
    Edge pairs: 946816 (flat)  244244 (hierarchical)
    Elapsed: 36.010s  Memory: 1208.00M
"second_edges" in: sky130B_mr.drc:1179
    Edges: 946816 (flat)  244244 (hierarchical)
    Elapsed: 0.030s  Memory: 1208.00M
"width" in: sky130B_mr.drc:1181
    Edge pairs: 0 (flat)  0 (hierarchical)
    Elapsed: 3.320s  Memory: 1208.00M
"polygons" in: sky130B_mr.drc:1182
    Polygons (raw): 0 (flat)  0 (hierarchical)
    Elapsed: 0.020s  Memory: 1208.00M
"interacting" in: sky130B_mr.drc:1182
    Polygons (raw): 0 (flat)  0 (hierarchical)
    Elapsed: 0.000s  Memory: 1208.00M
"output" in: sky130B_mr.drc:1183
    Polygons (raw): 0 (flat)  0 (hierarchical)
    Elapsed: 0.000s  Memory: 1208.00M
END: 69/20 (m2)
START: 69/44 (via2)
"drc" in: sky130B_mr.drc:1194
    Polygons (raw): 0 (flat)  0 (hierarchical)
    Elapsed: 0.060s  Memory: 1208.00M
"-" in: sky130B_mr.drc:1195
    Polygons (raw): 585986 (flat)  423 (hierarchical)
    Elapsed: 0.010s  Memory: 1208.00M
"-" in: sky130B_mr.drc:1200
    Polygons (raw): 585986 (flat)  423 (hierarchical)
    Elapsed: 0.000s  Memory: 1208.00M
"non_rectangles" in: sky130B_mr.drc:1201
    Polygons (raw): 0 (flat)  0 (hierarchical)
    Elapsed: 0.020s  Memory: 1208.00M
"output" in: sky130B_mr.drc:1201
    Polygons (raw): 0 (flat)  0 (hierarchical)
    Elapsed: 0.000s  Memory: 1208.00M
"width" in: sky130B_mr.drc:1205
    Edge pairs: 0 (flat)  0 (hierarchical)
    Elapsed: 0.000s  Memory: 1208.00M
"output" in: sky130B_mr.drc:1205
    Edge pairs: 0 (flat)  0 (hierarchical)
    Elapsed: 0.000s  Memory: 1208.00M
"edges" in: sky130B_mr.drc:1210
    Edges: 2343944 (flat)  1692 (hierarchical)
    Elapsed: 0.010s  Memory: 1208.00M
"without_length" in: sky130B_mr.drc:1211
    Edges: 0 (flat)  0 (hierarchical)
    Elapsed: 0.000s  Memory: 1208.00M
"output" in: sky130B_mr.drc:1212
    Edges: 0 (flat)  0 (hierarchical)
    Elapsed: 0.000s  Memory: 1208.00M
"space" in: sky130B_mr.drc:1213
    Edge pairs: 0 (flat)  0 (hierarchical)
    Elapsed: 0.050s  Memory: 1208.00M
"output" in: sky130B_mr.drc:1213
    Edge pairs: 0 (flat)  0 (hierarchical)
    Elapsed: 0.000s  Memory: 1208.00M
"width" in: sky130B_mr.drc:1219
    Edge pairs: 0 (flat)  0 (hierarchical)
    Elapsed: 0.000s  Memory: 1208.00M
"output" in: sky130B_mr.drc:1219
    Edge pairs: 0 (flat)  0 (hierarchical)
    Elapsed: 0.000s  Memory: 1208.00M
"drc" in: sky130B_mr.drc:1223
    Edge pairs: 0 (flat)  0 (hierarchical)
    Elapsed: 0.010s  Memory: 1208.00M
"output" in: sky130B_mr.drc:1223
    Edge pairs: 0 (flat)  0 (hierarchical)
    Elapsed: 0.000s  Memory: 1208.00M
"-" in: sky130B_mr.drc:1227
    Polygons (raw): 0 (flat)  0 (hierarchical)
    Elapsed: 0.000s  Memory: 1208.00M
"output" in: sky130B_mr.drc:1227
    Polygons (raw): 0 (flat)  0 (hierarchical)
    Elapsed: 0.000s  Memory: 1208.00M
"enclosing" in: sky130B_mr.drc:1233
    Edge pairs: 0 (flat)  0 (hierarchical)
    Elapsed: 3.960s  Memory: 1208.00M
"output" in: sky130B_mr.drc:1233
    Edge pairs: 0 (flat)  0 (hierarchical)
    Elapsed: 0.020s  Memory: 1208.00M
"-" in: sky130B_mr.drc:1237
    Polygons (raw): 0 (flat)  0 (hierarchical)
    Elapsed: 0.240s  Memory: 1208.00M
"output" in: sky130B_mr.drc:1237
    Polygons (raw): 0 (flat)  0 (hierarchical)
    Elapsed: 0.000s  Memory: 1208.00M
"enclosing" in: sky130B_mr.drc:1240
    Edge pairs: 374016 (flat)  158936 (hierarchical)
    Elapsed: 5.880s  Memory: 1208.00M
"second_edges" in: sky130B_mr.drc:1240
    Edges: 374016 (flat)  158936 (hierarchical)
    Elapsed: 0.030s  Memory: 1208.00M
"width" in: sky130B_mr.drc:1242
    Edge pairs: 0 (flat)  0 (hierarchical)
    Elapsed: 1.800s  Memory: 1208.00M
"polygons" in: sky130B_mr.drc:1243
    Polygons (raw): 0 (flat)  0 (hierarchical)
    Elapsed: 0.010s  Memory: 1208.00M
"interacting" in: sky130B_mr.drc:1243
    Polygons (raw): 0 (flat)  0 (hierarchical)
    Elapsed: 0.000s  Memory: 1208.00M
"output" in: sky130B_mr.drc:1244
    Polygons (raw): 0 (flat)  0 (hierarchical)
    Elapsed: 0.000s  Memory: 1208.00M
END: 69/44 (via2)
START: 70/20 (m3)
"width" in: sky130B_mr.drc:1253
    Edge pairs: 0 (flat)  0 (hierarchical)
    Elapsed: 0.170s  Memory: 1208.00M
"output" in: sky130B_mr.drc:1253
    Edge pairs: 0 (flat)  0 (hierarchical)
    Elapsed: 0.000s  Memory: 1208.00M
"sized" in: sky130B_mr.drc:1255
    Polygons (raw): 258 (flat)  130 (hierarchical)
    Elapsed: 0.040s  Memory: 1208.00M
"sized" in: sky130B_mr.drc:1255
    Polygons (raw): 258 (flat)  130 (hierarchical)
    Elapsed: 0.000s  Memory: 1208.00M
"snap" in: sky130B_mr.drc:1255
    Polygons (raw): 258 (flat)  130 (hierarchical)
    Elapsed: 0.000s  Memory: 1208.00M
"&" in: sky130B_mr.drc:1255
    Polygons (raw): 258 (flat)  130 (hierarchical)
    Elapsed: 0.000s  Memory: 1208.00M
"edges" in: sky130B_mr.drc:1256
    Edges: 645174 (flat)  55214 (hierarchical)
    Elapsed: 0.010s  Memory: 1208.00M
"-" in: sky130B_mr.drc:1256
    Edges: 644144 (flat)  54696 (hierarchical)
    Elapsed: 0.060s  Memory: 1208.00M
"edges" in: sky130B_mr.drc:1257
    Edges: 1032 (flat)  520 (hierarchical)
    Elapsed: 0.000s  Memory: 1208.00M
"merged" in: sky130B_mr.drc:1257
    Polygons (raw): 110607 (flat)  9299 (hierarchical)
    Elapsed: 0.160s  Memory: 1208.00M
"outside_part" in: sky130B_mr.drc:1257
    Edges: 1032 (flat)  520 (hierarchical)
    Elapsed: 0.010s  Memory: 1208.00M
"space" in: sky130B_mr.drc:1259
    Edge pairs: 0 (flat)  0 (hierarchical)
    Elapsed: 0.870s  Memory: 1208.00M
"output" in: sky130B_mr.drc:1259
    Edge pairs: 0 (flat)  0 (hierarchical)
    Elapsed: 0.010s  Memory: 1208.00M
"separation" in: sky130B_mr.drc:1265
    Edge pairs: 0 (flat)  0 (hierarchical)
    Elapsed: 0.030s  Memory: 1208.00M
"space" in: sky130B_mr.drc:1266
    Edge pairs: 0 (flat)  0 (hierarchical)
    Elapsed: 0.010s  Memory: 1208.00M
"+" in: sky130B_mr.drc:1265
    Edge pairs: 0 (flat)  0 (hierarchical)
    Elapsed: 0.000s  Memory: 1208.00M
"output" in: sky130B_mr.drc:1267
    Edge pairs: 0 (flat)  0 (hierarchical)
    Elapsed: 0.000s  Memory: 1208.00M
"enclosing" in: sky130B_mr.drc:1275
    Edge pairs: 0 (flat)  0 (hierarchical)
    Elapsed: 0.950s  Memory: 1208.00M
"output" in: sky130B_mr.drc:1275
    Edge pairs: 0 (flat)  0 (hierarchical)
    Elapsed: 0.020s  Memory: 1208.00M
"-" in: sky130B_mr.drc:1279
    Polygons (raw): 0 (flat)  0 (hierarchical)
    Elapsed: 0.050s  Memory: 1208.00M
"output" in: sky130B_mr.drc:1279
    Polygons (raw): 0 (flat)  0 (hierarchical)
    Elapsed: 0.000s  Memory: 1208.00M
"with_area" in: sky130B_mr.drc:1281
    Polygons (raw): 0 (flat)  0 (hierarchical)
    Elapsed: 0.010s  Memory: 1208.00M
"output" in: sky130B_mr.drc:1281
    Polygons (raw): 0 (flat)  0 (hierarchical)
    Elapsed: 0.000s  Memory: 1208.00M
"holes" in: sky130B_mr.drc:1283
    Polygons (raw): 0 (flat)  0 (hierarchical)
    Elapsed: 0.000s  Memory: 1208.00M
"with_area" in: sky130B_mr.drc:1284
    Polygons (raw): 0 (flat)  0 (hierarchical)
    Elapsed: 0.000s  Memory: 1208.00M
"output" in: sky130B_mr.drc:1285
    Polygons (raw): 0 (flat)  0 (hierarchical)
    Elapsed: 0.000s  Memory: 1208.00M
END: 70/20 (m3)
START: 70/44 (via3)
"drc" in: sky130B_mr.drc:1292
    Polygons (raw): 0 (flat)  0 (hierarchical)
    Elapsed: 0.030s  Memory: 1208.00M
"-" in: sky130B_mr.drc:1293
    Polygons (raw): 462848 (flat)  284 (hierarchical)
    Elapsed: 0.000s  Memory: 1208.00M
"-" in: sky130B_mr.drc:1298
    Polygons (raw): 462848 (flat)  284 (hierarchical)
    Elapsed: 0.000s  Memory: 1208.00M
"non_rectangles" in: sky130B_mr.drc:1299
    Polygons (raw): 0 (flat)  0 (hierarchical)
    Elapsed: 0.010s  Memory: 1208.00M
"output" in: sky130B_mr.drc:1299
    Polygons (raw): 0 (flat)  0 (hierarchical)
    Elapsed: 0.000s  Memory: 1208.00M
"width" in: sky130B_mr.drc:1303
    Edge pairs: 0 (flat)  0 (hierarchical)
    Elapsed: 0.000s  Memory: 1208.00M
"output" in: sky130B_mr.drc:1303
    Edge pairs: 0 (flat)  0 (hierarchical)
    Elapsed: 0.000s  Memory: 1208.00M
"edges" in: sky130B_mr.drc:1308
    Edges: 1851392 (flat)  1136 (hierarchical)
    Elapsed: 0.000s  Memory: 1208.00M
"without_length" in: sky130B_mr.drc:1309
    Edges: 0 (flat)  0 (hierarchical)
    Elapsed: 0.000s  Memory: 1208.00M
"output" in: sky130B_mr.drc:1310
    Edges: 0 (flat)  0 (hierarchical)
    Elapsed: 0.000s  Memory: 1208.00M
"space" in: sky130B_mr.drc:1312
    Edge pairs: 0 (flat)  0 (hierarchical)
    Elapsed: 0.040s  Memory: 1208.00M
"output" in: sky130B_mr.drc:1312
    Edge pairs: 0 (flat)  0 (hierarchical)
    Elapsed: 0.000s  Memory: 1208.00M
"enclosing" in: sky130B_mr.drc:1316
    Edge pairs: 0 (flat)  0 (hierarchical)
    Elapsed: 0.300s  Memory: 1208.00M
"output" in: sky130B_mr.drc:1316
    Edge pairs: 0 (flat)  0 (hierarchical)
    Elapsed: 0.000s  Memory: 1208.00M
"-" in: sky130B_mr.drc:1320
    Polygons (raw): 0 (flat)  0 (hierarchical)
    Elapsed: 0.050s  Memory: 1208.00M
"output" in: sky130B_mr.drc:1320
    Polygons (raw): 0 (flat)  0 (hierarchical)
    Elapsed: 0.000s  Memory: 1208.00M
"enclosing" in: sky130B_mr.drc:1326
    Edge pairs: 133376 (flat)  50832 (hierarchical)
    Elapsed: 0.570s  Memory: 1208.00M
"second_edges" in: sky130B_mr.drc:1326
    Edges: 133376 (flat)  50832 (hierarchical)
    Elapsed: 0.020s  Memory: 1208.00M
"width" in: sky130B_mr.drc:1328
    Edge pairs: 0 (flat)  0 (hierarchical)
    Elapsed: 0.130s  Memory: 1208.00M
"polygons" in: sky130B_mr.drc:1329
    Polygons (raw): 0 (flat)  0 (hierarchical)
    Elapsed: 0.000s  Memory: 1208.00M
"interacting" in: sky130B_mr.drc:1329
    Polygons (raw): 0 (flat)  0 (hierarchical)
    Elapsed: 0.000s  Memory: 1208.00M
"output" in: sky130B_mr.drc:1330
    Polygons (raw): 0 (flat)  0 (hierarchical)
    Elapsed: 0.000s  Memory: 1208.00M
END: 70/44 (via3)
START: 71/20 (m4)
"width" in: sky130B_mr.drc:1339
    Edge pairs: 0 (flat)  0 (hierarchical)
    Elapsed: 0.360s  Memory: 1208.00M
"output" in: sky130B_mr.drc:1339
    Edge pairs: 0 (flat)  0 (hierarchical)
    Elapsed: 0.030s  Memory: 1208.00M
"sized" in: sky130B_mr.drc:1341
    Polygons (raw): 8192 (flat)  8192 (hierarchical)
    Elapsed: 0.130s  Memory: 1208.00M
"sized" in: sky130B_mr.drc:1341
    Polygons (raw): 8192 (flat)  8192 (hierarchical)
    Elapsed: 0.030s  Memory: 1208.00M
"snap" in: sky130B_mr.drc:1341
    Polygons (raw): 8192 (flat)  8192 (hierarchical)
    Elapsed: 0.040s  Memory: 1208.00M
"&" in: sky130B_mr.drc:1341
    Polygons (raw): 8192 (flat)  8192 (hierarchical)
    Elapsed: 0.190s  Memory: 1208.00M
"edges" in: sky130B_mr.drc:1342
    Edges: 466436 (flat)  149164 (hierarchical)
    Elapsed: 0.010s  Memory: 1208.00M
"-" in: sky130B_mr.drc:1342
    Edges: 417284 (flat)  100012 (hierarchical)
    Elapsed: 0.270s  Memory: 1208.00M
"edges" in: sky130B_mr.drc:1343
    Edges: 32768 (flat)  32768 (hierarchical)
    Elapsed: 0.040s  Memory: 1208.00M
"merged" in: sky130B_mr.drc:1343
    Polygons (raw): 25729 (flat)  4245 (hierarchical)
    Elapsed: 0.270s  Memory: 1208.00M
"outside_part" in: sky130B_mr.drc:1343
    Edges: 49152 (flat)  49152 (hierarchical)
    Elapsed: 0.770s  Memory: 1208.00M
"space" in: sky130B_mr.drc:1345
    Edge pairs: 0 (flat)  0 (hierarchical)
    Elapsed: 1.640s  Memory: 1208.00M
"output" in: sky130B_mr.drc:1345
    Edge pairs: 0 (flat)  0 (hierarchical)
    Elapsed: 0.020s  Memory: 1208.00M
"with_area" in: sky130B_mr.drc:1350
    Polygons (raw): 0 (flat)  0 (hierarchical)
    Elapsed: 0.010s  Memory: 1208.00M
"output" in: sky130B_mr.drc:1350
    Polygons (raw): 0 (flat)  0 (hierarchical)
    Elapsed: 0.000s  Memory: 1208.00M
"separation" in: sky130B_mr.drc:1353
    Edge pairs: 0 (flat)  0 (hierarchical)
    Elapsed: 0.820s  Memory: 1208.00M
"space" in: sky130B_mr.drc:1354
    Edge pairs: 0 (flat)  0 (hierarchical)
    Elapsed: 0.080s  Memory: 1208.00M
"+" in: sky130B_mr.drc:1353
    Edge pairs: 0 (flat)  0 (hierarchical)
    Elapsed: 0.000s  Memory: 1208.00M
"output" in: sky130B_mr.drc:1355
    Edge pairs: 0 (flat)  0 (hierarchical)
    Elapsed: 0.000s  Memory: 1208.00M
"enclosing" in: sky130B_mr.drc:1363
    Edge pairs: 0 (flat)  0 (hierarchical)
    Elapsed: 3.170s  Memory: 1297.00M
"output" in: sky130B_mr.drc:1363
    Edge pairs: 0 (flat)  0 (hierarchical)
    Elapsed: 0.030s  Memory: 1208.00M
"-" in: sky130B_mr.drc:1367
    Polygons (raw): 0 (flat)  0 (hierarchical)
    Elapsed: 0.090s  Memory: 1208.00M
"output" in: sky130B_mr.drc:1367
    Polygons (raw): 0 (flat)  0 (hierarchical)
    Elapsed: 0.000s  Memory: 1208.00M
"holes" in: sky130B_mr.drc:1370
    Polygons (raw): 8064 (flat)  8064 (hierarchical)
    Elapsed: 0.020s  Memory: 1208.00M
"with_area" in: sky130B_mr.drc:1371
    Polygons (raw): 0 (flat)  0 (hierarchical)
    Elapsed: 0.080s  Memory: 1208.00M
"output" in: sky130B_mr.drc:1372
    Polygons (raw): 0 (flat)  0 (hierarchical)
    Elapsed: 0.000s  Memory: 1208.00M
END: 71/20 (m4)
START: 71/44 (via4)
"drc" in: sky130B_mr.drc:1378
    Polygons (raw): 0 (flat)  0 (hierarchical)
    Elapsed: 0.040s  Memory: 1208.00M
"-" in: sky130B_mr.drc:1379
    Polygons (raw): 51200 (flat)  23 (hierarchical)
    Elapsed: 0.000s  Memory: 1208.00M
"-" in: sky130B_mr.drc:1384
    Polygons (raw): 51200 (flat)  23 (hierarchical)
    Elapsed: 0.000s  Memory: 1208.00M
"non_rectangles" in: sky130B_mr.drc:1385
    Polygons (raw): 0 (flat)  0 (hierarchical)
    Elapsed: 0.010s  Memory: 1208.00M
"output" in: sky130B_mr.drc:1385
    Polygons (raw): 0 (flat)  0 (hierarchical)
    Elapsed: 0.000s  Memory: 1208.00M
"width" in: sky130B_mr.drc:1389
    Edge pairs: 0 (flat)  0 (hierarchical)
    Elapsed: 0.010s  Memory: 1208.00M
"output" in: sky130B_mr.drc:1389
    Edge pairs: 0 (flat)  0 (hierarchical)
    Elapsed: 0.000s  Memory: 1208.00M
"drc" in: sky130B_mr.drc:1393
    Edges: 0 (flat)  0 (hierarchical)
    Elapsed: 0.040s  Memory: 1208.00M
"output" in: sky130B_mr.drc:1393
    Edges: 0 (flat)  0 (hierarchical)
    Elapsed: 0.000s  Memory: 1208.00M
"space" in: sky130B_mr.drc:1399
    Edge pairs: 0 (flat)  0 (hierarchical)
    Elapsed: 0.050s  Memory: 1208.00M
"polygons" in: sky130B_mr.drc:1400
    Polygons (raw): 0 (flat)  0 (hierarchical)
    Elapsed: 0.000s  Memory: 1208.00M
"output" in: sky130B_mr.drc:1401
    Polygons (raw): 0 (flat)  0 (hierarchical)
    Elapsed: 0.000s  Memory: 1208.00M
"width" in: sky130B_mr.drc:1404
    Edge pairs: 0 (flat)  0 (hierarchical)
    Elapsed: 0.000s  Memory: 1208.00M
"output" in: sky130B_mr.drc:1404
    Edge pairs: 0 (flat)  0 (hierarchical)
    Elapsed: 0.000s  Memory: 1208.00M
"drc" in: sky130B_mr.drc:1408
    Edge pairs: 0 (flat)  0 (hierarchical)
    Elapsed: 0.010s  Memory: 1208.00M
"output" in: sky130B_mr.drc:1408
    Edge pairs: 0 (flat)  0 (hierarchical)
    Elapsed: 0.000s  Memory: 1208.00M
"-" in: sky130B_mr.drc:1412
    Polygons (raw): 0 (flat)  0 (hierarchical)
    Elapsed: 0.000s  Memory: 1208.00M
"output" in: sky130B_mr.drc:1412
    Polygons (raw): 0 (flat)  0 (hierarchical)
    Elapsed: 0.010s  Memory: 1208.00M
"enclosing" in: sky130B_mr.drc:1418
    Edge pairs: 0 (flat)  0 (hierarchical)
    Elapsed: 0.460s  Memory: 1208.00M
"output" in: sky130B_mr.drc:1418
    Edge pairs: 0 (flat)  0 (hierarchical)
    Elapsed: 0.010s  Memory: 1208.00M
"-" in: sky130B_mr.drc:1422
    Polygons (raw): 0 (flat)  0 (hierarchical)
    Elapsed: 0.080s  Memory: 1208.00M
"output" in: sky130B_mr.drc:1422
    Polygons (raw): 0 (flat)  0 (hierarchical)
    Elapsed: 0.000s  Memory: 1208.00M
END: 71/44 (via4)
START: 72/20 (m5)
"width" in: sky130B_mr.drc:1427
    Edge pairs: 0 (flat)  0 (hierarchical)
    Elapsed: 0.220s  Memory: 1208.00M
"output" in: sky130B_mr.drc:1427
    Edge pairs: 0 (flat)  0 (hierarchical)
    Elapsed: 0.000s  Memory: 1208.00M
"space" in: sky130B_mr.drc:1429
    Edge pairs: 0 (flat)  0 (hierarchical)
    Elapsed: 0.300s  Memory: 1208.00M
"output" in: sky130B_mr.drc:1429
    Edge pairs: 0 (flat)  0 (hierarchical)
    Elapsed: 0.000s  Memory: 1208.00M
"enclosing" in: sky130B_mr.drc:1431
    Edge pairs: 0 (flat)  0 (hierarchical)
    Elapsed: 0.200s  Memory: 1208.00M
"output" in: sky130B_mr.drc:1431
    Edge pairs: 0 (flat)  0 (hierarchical)
    Elapsed: 0.010s  Memory: 1208.00M
"-" in: sky130B_mr.drc:1435
    Polygons (raw): 0 (flat)  0 (hierarchical)
    Elapsed: 0.300s  Memory: 1208.00M
"output" in: sky130B_mr.drc:1435
    Polygons (raw): 0 (flat)  0 (hierarchical)
    Elapsed: 0.000s  Memory: 1208.00M
"with_area" in: sky130B_mr.drc:1442
    Polygons (raw): 0 (flat)  0 (hierarchical)
    Elapsed: 0.010s  Memory: 1208.00M
"output" in: sky130B_mr.drc:1442
    Polygons (raw): 0 (flat)  0 (hierarchical)
    Elapsed: 0.000s  Memory: 1208.00M
"holes" in: sky130B_mr.drc:1444
    Polygons (raw): 16384 (flat)  16384 (hierarchical)
    Elapsed: 0.010s  Memory: 1208.00M
"with_area" in: sky130B_mr.drc:1445
    Polygons (raw): 0 (flat)  0 (hierarchical)
    Elapsed: 0.070s  Memory: 1208.00M
"output" in: sky130B_mr.drc:1446
    Polygons (raw): 0 (flat)  0 (hierarchical)
    Elapsed: 0.000s  Memory: 1208.00M
END: 72/20 (m5)
START: 76/20 (pad)
"space" in: sky130B_mr.drc:1451
    Edge pairs: 0 (flat)  0 (hierarchical)
    Elapsed: 0.020s  Memory: 1208.00M
"output" in: sky130B_mr.drc:1451
    Edge pairs: 0 (flat)  0 (hierarchical)
    Elapsed: 0.000s  Memory: 1208.00M
END: 76/20 (pad)
START: 81/10 (moduleCut)
"output" in: sky130B_mr.drc:1457
    Polygons (raw): 0 (flat)  0 (hierarchical)
    Elapsed: 0.000s  Memory: 1208.00M
END: 81/10 (moduleCut)
Writing report database: /home/alienfalcon/Projects/skywater/open_dvs_py312/open_dvs/git_dvs/nic2025_openDVS/analog/magic/pixel_4tile_v7/outputs/reports/klayout_drc_check.xml ..
Total elapsed: 340.010s  Memory: 1206.00M
Args:
	sram_exclude: false
	feol: false
	beol: true
	floating_met: false
	offgrid: false
	seal: 
 
Cell exclusion list:
   rule    | cell
   nwell.6 | sky130_fd_io__gpiov2_amux, sky130_fd_io__simple_pad_and_busses
 
release 2024.2.11_01.09
