Subprocess exited with error code 1
Error output generated by subprocess:
Too many parameters for subcircuit type "biasbranchnmasterx1" (instance: xxbias)
    Simulation interrupted due to error!

Error: incomplete or empty netlist
       or no ".plot", ".print", or ".fourier" lines in batch mode;
no simulations run!
Subprocess exited with error code 1
Error output generated by subprocess:
Too many parameters for subcircuit type "biasbranchnmasterx1" (instance: xxbias)
    Simulation interrupted due to error!

Error: incomplete or empty netlist
       or no ".plot", ".print", or ".fourier" lines in batch mode;
no simulations run!
Subprocess exited with error code 1
Error output generated by subprocess:
Too many parameters for subcircuit type "biasbranchnmasterx1" (instance: xxbias)
    Simulation interrupted due to error!

Error: incomplete or empty netlist
       or no ".plot", ".print", or ".fourier" lines in batch mode;
no simulations run!
Subprocess exited with error code 1
Error output generated by subprocess:
Too many parameters for subcircuit type "biasbranchnmasterx1" (instance: xxbias)
    Simulation interrupted due to error!

Error: incomplete or empty netlist
       or no ".plot", ".print", or ".fourier" lines in batch mode;
no simulations run!
Subprocess exited with error code 1
Error output generated by subprocess:
Too many parameters for subcircuit type "biasbranchnmasterx1" (instance: xxbias)
    Simulation interrupted due to error!

Error: incomplete or empty netlist
       or no ".plot", ".print", or ".fourier" lines in batch mode;
no simulations run!
Subprocess exited with error code 1
Error output generated by subprocess:
Too many parameters for subcircuit type "biasbranchnmasterx1" (instance: xxbias)
    Simulation interrupted due to error!

Error: incomplete or empty netlist
       or no ".plot", ".print", or ".fourier" lines in batch mode;
no simulations run!
Subprocess exited with error code 1
Error output generated by subprocess:
Too many parameters for subcircuit type "biasbranchnmasterx1" (instance: xxbias)
    Simulation interrupted due to error!

Error: incomplete or empty netlist
       or no ".plot", ".print", or ".fourier" lines in batch mode;
no simulations run!
Subprocess exited with error code 1
Error output generated by subprocess:
Too many parameters for subcircuit type "biasbranchnmasterx1" (instance: xxbias)
    Simulation interrupted due to error!

Error: incomplete or empty netlist
       or no ".plot", ".print", or ".fourier" lines in batch mode;
no simulations run!
Subprocess exited with error code 1
Error output generated by subprocess:
Too many parameters for subcircuit type "biasbranchnmasterx1" (instance: xxbias)
    Simulation interrupted due to error!

Error: incomplete or empty netlist
       or no ".plot", ".print", or ".fourier" lines in batch mode;
no simulations run!
Subprocess exited with error code 1
Error output generated by subprocess:
Too many parameters for subcircuit type "biasbranchnmasterx1" (instance: xxbias)
    Simulation interrupted due to error!

Error: incomplete or empty netlist
       or no ".plot", ".print", or ".fourier" lines in batch mode;
no simulations run!
Subprocess exited with error code 1
Error output generated by subprocess:
Too many parameters for subcircuit type "biasbranchnmasterx1" (instance: xxbias)
    Simulation interrupted due to error!

Error: incomplete or empty netlist
       or no ".plot", ".print", or ".fourier" lines in batch mode;
no simulations run!
Subprocess exited with error code 1
Error output generated by subprocess:
Too many parameters for subcircuit type "biasbranchnmasterx1" (instance: xxbias)
    Simulation interrupted due to error!

Error: incomplete or empty netlist
       or no ".plot", ".print", or ".fourier" lines in batch mode;
no simulations run!
Subprocess exited with error code 1
Error output generated by subprocess:
Too many parameters for subcircuit type "biasbranchnmasterx1" (instance: xxbias)
    Simulation interrupted due to error!

Error: incomplete or empty netlist
       or no ".plot", ".print", or ".fourier" lines in batch mode;
no simulations run!
Subprocess exited with error code 1
Error output generated by subprocess:
Too many parameters for subcircuit type "biasbranchnmasterx1" (instance: xxbias)
    Simulation interrupted due to error!

Error: incomplete or empty netlist
       or no ".plot", ".print", or ".fourier" lines in batch mode;
no simulations run!
Subprocess exited with error code 1
Error output generated by subprocess:
Too many parameters for subcircuit type "biasbranchnmasterx1" (instance: xxbias)
    Simulation interrupted due to error!

Error: incomplete or empty netlist
       or no ".plot", ".print", or ".fourier" lines in batch mode;
no simulations run!
Subprocess exited with error code 1
Error output generated by subprocess:
Too many parameters for subcircuit type "biasbranchnmasterx1" (instance: xxbias)
    Simulation interrupted due to error!

Error: incomplete or empty netlist
       or no ".plot", ".print", or ".fourier" lines in batch mode;
no simulations run!
Subprocess exited with error code 1
Error output generated by subprocess:
Too many parameters for subcircuit type "biasbranchnmasterx1" (instance: xxbias)
    Simulation interrupted due to error!

Error: incomplete or empty netlist
       or no ".plot", ".print", or ".fourier" lines in batch mode;
no simulations run!
Subprocess exited with error code 1
Error output generated by subprocess:
Too many parameters for subcircuit type "biasbranchnmasterx1" (instance: xxbias)
    Simulation interrupted due to error!

Error: incomplete or empty netlist
       or no ".plot", ".print", or ".fourier" lines in batch mode;
no simulations run!
Subprocess exited with error code 1
Error output generated by subprocess:
Too many parameters for subcircuit type "biasbranchnmasterx1" (instance: xxbias)
    Simulation interrupted due to error!

Error: incomplete or empty netlist
       or no ".plot", ".print", or ".fourier" lines in batch mode;
no simulations run!
Subprocess exited with error code 1
Error output generated by subprocess:
Too many parameters for subcircuit type "biasbranchnmasterx1" (instance: xxbias)
    Simulation interrupted due to error!

Error: incomplete or empty netlist
       or no ".plot", ".print", or ".fourier" lines in batch mode;
no simulations run!
Subprocess exited with error code 1
Error output generated by subprocess:
Too many parameters for subcircuit type "biasbranchnmasterx1" (instance: xxbias)
    Simulation interrupted due to error!

Error: incomplete or empty netlist
       or no ".plot", ".print", or ".fourier" lines in batch mode;
no simulations run!
Subprocess exited with error code 1
Error output generated by subprocess:
Too many parameters for subcircuit type "biasbranchnmasterx1" (instance: xxbias)
    Simulation interrupted due to error!

Error: incomplete or empty netlist
       or no ".plot", ".print", or ".fourier" lines in batch mode;
no simulations run!
Subprocess exited with error code 1
Error output generated by subprocess:
Too many parameters for subcircuit type "biasbranchnmasterx1" (instance: xxbias)
    Simulation interrupted due to error!

Error: incomplete or empty netlist
       or no ".plot", ".print", or ".fourier" lines in batch mode;
no simulations run!
Subprocess exited with error code 1
Error output generated by subprocess:
Too many parameters for subcircuit type "biasbranchnmasterx1" (instance: xxbias)
    Simulation interrupted due to error!

Error: incomplete or empty netlist
       or no ".plot", ".print", or ".fourier" lines in batch mode;
no simulations run!
Subprocess exited with error code 1
Error output generated by subprocess:
Too many parameters for subcircuit type "biasbranchnmasterx1" (instance: xxbias)
    Simulation interrupted due to error!

Error: incomplete or empty netlist
       or no ".plot", ".print", or ".fourier" lines in batch mode;
no simulations run!
Subprocess exited with error code 1
Error output generated by subprocess:
Too many parameters for subcircuit type "biasbranchnmasterx1" (instance: xxbias)
    Simulation interrupted due to error!

Error: incomplete or empty netlist
       or no ".plot", ".print", or ".fourier" lines in batch mode;
no simulations run!
Subprocess exited with error code 1
Error output generated by subprocess:
Too many parameters for subcircuit type "biasbranchnmasterx1" (instance: xxbias)
    Simulation interrupted due to error!

Error: incomplete or empty netlist
       or no ".plot", ".print", or ".fourier" lines in batch mode;
no simulations run!
Subprocess exited with error code 1
Error output generated by subprocess:
Too many parameters for subcircuit type "biasbranchnmasterx1" (instance: xxbias)
    Simulation interrupted due to error!

Error: incomplete or empty netlist
       or no ".plot", ".print", or ".fourier" lines in batch mode;
no simulations run!
Subprocess exited with error code 1
Error output generated by subprocess:
Too many parameters for subcircuit type "biasbranchnmasterx1" (instance: xxbias)
    Simulation interrupted due to error!

Error: incomplete or empty netlist
       or no ".plot", ".print", or ".fourier" lines in batch mode;
no simulations run!
Subprocess exited with error code 1
Error output generated by subprocess:
Too many parameters for subcircuit type "biasbranchnmasterx1" (instance: xxbias)
    Simulation interrupted due to error!

Error: incomplete or empty netlist
       or no ".plot", ".print", or ".fourier" lines in batch mode;
no simulations run!
Subprocess exited with error code 1
Error output generated by subprocess:
Too many parameters for subcircuit type "biasbranchnmasterx1" (instance: xxbias)
    Simulation interrupted due to error!

Error: incomplete or empty netlist
       or no ".plot", ".print", or ".fourier" lines in batch mode;
no simulations run!
Subprocess exited with error code 1
Error output generated by subprocess:
Too many parameters for subcircuit type "biasbranchnmasterx1" (instance: xxbias)
    Simulation interrupted due to error!

Error: incomplete or empty netlist
       or no ".plot", ".print", or ".fourier" lines in batch mode;
no simulations run!
Subprocess exited with error code 1
Error output generated by subprocess:
Too many parameters for subcircuit type "biasbranchnmasterx1" (instance: xxbias)
    Simulation interrupted due to error!

Error: incomplete or empty netlist
       or no ".plot", ".print", or ".fourier" lines in batch mode;
no simulations run!
Subprocess exited with error code 1
Error output generated by subprocess:
Too many parameters for subcircuit type "biasbranchnmasterx1" (instance: xxbias)
    Simulation interrupted due to error!

Error: incomplete or empty netlist
       or no ".plot", ".print", or ".fourier" lines in batch mode;
no simulations run!
Subprocess exited with error code -2
Subprocess exited with error code -2
