Running parameters: op_sweep_code
Generating simulation netlist from schematic…
Parameter op_sweep_code: Generating simulation files…
Parameter op_sweep_code: Running simulations…
Subprocess exited with error code 1
Error output generated by subprocess:
Too many parameters for subcircuit type "biasbranchnmasterx1" (instance: xxbias)
    Simulation interrupted due to error!

Error: incomplete or empty netlist
       or no ".plot", ".print", or ".fourier" lines in batch mode;
no simulations run!
Subprocess exited with error code 1
Error output generated by subprocess:
Too many parameters for subcircuit type "biasbranchnmasterx1" (instance: xxbias)
    Simulation interrupted due to error!

Error: incomplete or empty netlist
       or no ".plot", ".print", or ".fourier" lines in batch mode;
no simulations run!
Subprocess exited with error code 1
Error output generated by subprocess:
Too many parameters for subcircuit type "biasbranchnmasterx1" (instance: xxbias)
    Simulation interrupted due to error!

Error: incomplete or empty netlist
       or no ".plot", ".print", or ".fourier" lines in batch mode;
no simulations run!
Subprocess exited with error code 1
Error output generated by subprocess:
Too many parameters for subcircuit type "biasbranchnmasterx1" (instance: xxbias)
    Simulation interrupted due to error!

Error: incomplete or empty netlist
       or no ".plot", ".print", or ".fourier" lines in batch mode;
no simulations run!
Subprocess exited with error code 1
Error output generated by subprocess:
Too many parameters for subcircuit type "biasbranchnmasterx1" (instance: xxbias)
    Simulation interrupted due to error!

Error: incomplete or empty netlist
       or no ".plot", ".print", or ".fourier" lines in batch mode;
no simulations run!
Subprocess exited with error code 1
Error output generated by subprocess:
Too many parameters for subcircuit type "biasbranchnmasterx1" (instance: xxbias)
    Simulation interrupted due to error!

Error: incomplete or empty netlist
       or no ".plot", ".print", or ".fourier" lines in batch mode;
no simulations run!
Subprocess exited with error code 1
Error output generated by subprocess:
Too many parameters for subcircuit type "biasbranchnmasterx1" (instance: xxbias)
    Simulation interrupted due to error!

Error: incomplete or empty netlist
       or no ".plot", ".print", or ".fourier" lines in batch mode;
no simulations run!
Subprocess exited with error code 1
Error output generated by subprocess:
Too many parameters for subcircuit type "biasbranchnmasterx1" (instance: xxbias)
    Simulation interrupted due to error!

Error: incomplete or empty netlist
       or no ".plot", ".print", or ".fourier" lines in batch mode;
no simulations run!
Subprocess exited with error code 1
Error output generated by subprocess:
Too many parameters for subcircuit type "biasbranchnmasterx1" (instance: xxbias)
    Simulation interrupted due to error!

Error: incomplete or empty netlist
       or no ".plot", ".print", or ".fourier" lines in batch mode;
no simulations run!
Subprocess exited with error code 1
Error output generated by subprocess:
Too many parameters for subcircuit type "biasbranchnmasterx1" (instance: xxbias)
    Simulation interrupted due to error!

Error: incomplete or empty netlist
       or no ".plot", ".print", or ".fourier" lines in batch mode;
no simulations run!
Subprocess exited with error code 1
Error output generated by subprocess:
Too many parameters for subcircuit type "biasbranchnmasterx1" (instance: xxbias)
    Simulation interrupted due to error!

Error: incomplete or empty netlist
       or no ".plot", ".print", or ".fourier" lines in batch mode;
no simulations run!
Subprocess exited with error code 1
Error output generated by subprocess:
Too many parameters for subcircuit type "biasbranchnmasterx1" (instance: xxbias)
    Simulation interrupted due to error!

Error: incomplete or empty netlist
       or no ".plot", ".print", or ".fourier" lines in batch mode;
no simulations run!
Subprocess exited with error code 1
Error output generated by subprocess:
Too many parameters for subcircuit type "biasbranchnmasterx1" (instance: xxbias)
    Simulation interrupted due to error!

Error: incomplete or empty netlist
       or no ".plot", ".print", or ".fourier" lines in batch mode;
no simulations run!
Subprocess exited with error code 1
Error output generated by subprocess:
Too many parameters for subcircuit type "biasbranchnmasterx1" (instance: xxbias)
    Simulation interrupted due to error!

Error: incomplete or empty netlist
       or no ".plot", ".print", or ".fourier" lines in batch mode;
no simulations run!
Subprocess exited with error code 1
Error output generated by subprocess:
Too many parameters for subcircuit type "biasbranchnmasterx1" (instance: xxbias)
    Simulation interrupted due to error!

Error: incomplete or empty netlist
       or no ".plot", ".print", or ".fourier" lines in batch mode;
no simulations run!
Subprocess exited with error code 1
Error output generated by subprocess:
Too many parameters for subcircuit type "biasbranchnmasterx1" (instance: xxbias)
    Simulation interrupted due to error!

Error: incomplete or empty netlist
       or no ".plot", ".print", or ".fourier" lines in batch mode;
no simulations run!
Subprocess exited with error code 1
Error output generated by subprocess:
Too many parameters for subcircuit type "biasbranchnmasterx1" (instance: xxbias)
    Simulation interrupted due to error!

Error: incomplete or empty netlist
       or no ".plot", ".print", or ".fourier" lines in batch mode;
no simulations run!
Subprocess exited with error code 1
Error output generated by subprocess:
Too many parameters for subcircuit type "biasbranchnmasterx1" (instance: xxbias)
    Simulation interrupted due to error!

Error: incomplete or empty netlist
       or no ".plot", ".print", or ".fourier" lines in batch mode;
no simulations run!
Subprocess exited with error code 1
Error output generated by subprocess:
Too many parameters for subcircuit type "biasbranchnmasterx1" (instance: xxbias)
    Simulation interrupted due to error!

Error: incomplete or empty netlist
       or no ".plot", ".print", or ".fourier" lines in batch mode;
no simulations run!
Subprocess exited with error code 1
Error output generated by subprocess:
Too many parameters for subcircuit type "biasbranchnmasterx1" (instance: xxbias)
    Simulation interrupted due to error!

Error: incomplete or empty netlist
       or no ".plot", ".print", or ".fourier" lines in batch mode;
no simulations run!
Subprocess exited with error code 1
Error output generated by subprocess:
Too many parameters for subcircuit type "biasbranchnmasterx1" (instance: xxbias)
    Simulation interrupted due to error!

Error: incomplete or empty netlist
       or no ".plot", ".print", or ".fourier" lines in batch mode;
no simulations run!
Subprocess exited with error code 1
Error output generated by subprocess:
Too many parameters for subcircuit type "biasbranchnmasterx1" (instance: xxbias)
    Simulation interrupted due to error!

Error: incomplete or empty netlist
       or no ".plot", ".print", or ".fourier" lines in batch mode;
no simulations run!
Subprocess exited with error code 1
Error output generated by subprocess:
Too many parameters for subcircuit type "biasbranchnmasterx1" (instance: xxbias)
    Simulation interrupted due to error!

Error: incomplete or empty netlist
       or no ".plot", ".print", or ".fourier" lines in batch mode;
no simulations run!
Subprocess exited with error code 1
Error output generated by subprocess:
Too many parameters for subcircuit type "biasbranchnmasterx1" (instance: xxbias)
    Simulation interrupted due to error!

Error: incomplete or empty netlist
       or no ".plot", ".print", or ".fourier" lines in batch mode;
no simulations run!
Subprocess exited with error code 1
Error output generated by subprocess:
Too many parameters for subcircuit type "biasbranchnmasterx1" (instance: xxbias)
    Simulation interrupted due to error!

Error: incomplete or empty netlist
       or no ".plot", ".print", or ".fourier" lines in batch mode;
no simulations run!
Subprocess exited with error code 1
Error output generated by subprocess:
Too many parameters for subcircuit type "biasbranchnmasterx1" (instance: xxbias)
    Simulation interrupted due to error!

Error: incomplete or empty netlist
       or no ".plot", ".print", or ".fourier" lines in batch mode;
no simulations run!
Subprocess exited with error code 1
Error output generated by subprocess:
Too many parameters for subcircuit type "biasbranchnmasterx1" (instance: xxbias)
    Simulation interrupted due to error!

Error: incomplete or empty netlist
       or no ".plot", ".print", or ".fourier" lines in batch mode;
no simulations run!
Subprocess exited with error code 1
Error output generated by subprocess:
Too many parameters for subcircuit type "biasbranchnmasterx1" (instance: xxbias)
    Simulation interrupted due to error!

Error: incomplete or empty netlist
       or no ".plot", ".print", or ".fourier" lines in batch mode;
no simulations run!
Subprocess exited with error code 1
Error output generated by subprocess:
Too many parameters for subcircuit type "biasbranchnmasterx1" (instance: xxbias)
    Simulation interrupted due to error!

Error: incomplete or empty netlist
       or no ".plot", ".print", or ".fourier" lines in batch mode;
no simulations run!
Subprocess exited with error code 1
Error output generated by subprocess:
Too many parameters for subcircuit type "biasbranchnmasterx1" (instance: xxbias)
    Simulation interrupted due to error!

Error: incomplete or empty netlist
       or no ".plot", ".print", or ".fourier" lines in batch mode;
no simulations run!
Subprocess exited with error code 1
Error output generated by subprocess:
Too many parameters for subcircuit type "biasbranchnmasterx1" (instance: xxbias)
    Simulation interrupted due to error!

Error: incomplete or empty netlist
       or no ".plot", ".print", or ".fourier" lines in batch mode;
no simulations run!
Subprocess exited with error code 1
Error output generated by subprocess:
Too many parameters for subcircuit type "biasbranchnmasterx1" (instance: xxbias)
    Simulation interrupted due to error!

Error: incomplete or empty netlist
       or no ".plot", ".print", or ".fourier" lines in batch mode;
no simulations run!
Subprocess exited with error code 1
Error output generated by subprocess:
Too many parameters for subcircuit type "biasbranchnmasterx1" (instance: xxbias)
    Simulation interrupted due to error!

Error: incomplete or empty netlist
       or no ".plot", ".print", or ".fourier" lines in batch mode;
no simulations run!
Subprocess exited with error code 1
Error output generated by subprocess:
Too many parameters for subcircuit type "biasbranchnmasterx1" (instance: xxbias)
    Simulation interrupted due to error!

Error: incomplete or empty netlist
       or no ".plot", ".print", or ".fourier" lines in batch mode;
no simulations run!
Parameter op_sweep_code: Canceled.
Subprocess exited with error code -2
Subprocess exited with error code -2
Done with CACE simulations and evaluations in 3:29:23.
