Running parameters: op_sweep_code
Generating simulation netlist from schematic…
Using run time directory XSCHEM_SHAREDIR = /usr/local/share/xschem
Sourcing /usr/local/share/xschem/xschemrc init file
Sourcing /home/alienfalcon/Projects/skywater/open_dvs_py312/open_dvs/git_dvs/nic2025_openDVS/analog/xschem/xschemrc init file
PDK_ROOT = /home/alienfalcon/.ciel
PDK = sky130B
open_pdks installation: using /home/alienfalcon/.ciel
SKYWATER_MODELS: /home/alienfalcon/.ciel/sky130B/libs.tech/combined
SKYWATER_STDCELLS: /home/alienfalcon/.ciel/sky130B/libs.ref/sky130_fd_sc_hd/spice
setup_tcp_bespice: problems finding a free TCP port
couldn't open socket: address already in use
l_s_d(): Symbol not found: ../../xschem/BiasBranch.sym
l_s_d(): Symbol not found: ../../xschem/BiasMasternCoarse.sym
l_s_d(): Symbol not found: ../../xschem/BiasBranchBuffer.sym
l_s_d(): Symbol not found: ../../xschem/BiasBranch.sym
l_s_d(): Symbol not found: ../../xschem/BiasMasternCoarse.sym
l_s_d(): Symbol not found: ../../xschem/BiasBranchBuffer.sym
l_s_d(): Symbol not found: ../../xschem/BiasBranch.sym
l_s_d(): Symbol not found: ../../xschem/BiasMasternCoarse.sym
l_s_d(): Symbol not found: ../../xschem/BiasBranchBuffer.sym
-----------/home/alienfalcon/Projects/skywater/open_dvs_py312/open_dvs/git_dvs/nic2025_openDVS/analog/xschem/BiasBranchnMasterx1.sch
Warning: open net: CoarseOneHotLowBiasEn
Warning: open net: nFineCodeBuffer[0]
Warning: open net: nFineCodeBuffer[1]
Warning: open net: nFineCodeBuffer[2]
Warning: open net: nFineCodeBuffer[3]
Warning: open net: nFineCodeBuffer[4]
Warning: open net: nFineCodeBuffer[5]
Warning: open net: nFineCodeBuffer[6]
Warning: open net: nFineCodeBuffer[7]
Warning: open net: FineCodeBuffer[0]
Warning: open net: FineCodeBuffer[1]
Warning: open net: FineCodeBuffer[2]
Warning: open net: FineCodeBuffer[3]
Warning: open net: FineCodeBuffer[4]
Warning: open net: FineCodeBuffer[5]
Warning: open net: FineCodeBuffer[6]
Warning: open net: FineCodeBuffer[7]
Warning: open net: nLowBiasInterfaceEn
Warning: open net: NBiasEn
Warning: open net: PowerDown
Warning: open net: CoarseOneHotLowBiasEnBuffer
Error: undriven node: BiasCB[0]
Error: undriven node: BiasCB[1]
Error: undriven node: BiasCB[2]
Error: undriven node: BiasCB[3]
Error: undriven node: BiasCB[4]
Error: undriven node: BiasCB[5]
Error: undriven node: BiasCB[6]
Error: undriven node: BiasCB[7]
Warning: open net: BiasEnable
Warning: open net: nLowBiasBuffEn
Warning: open net: rx
Warning: open net: LowBiasBuffEn
Error: undriven node: VMasterBiasN
Error: undriven node: VMasterBiasP
Warning: open net: BiasDisable
Warning: open net: CoarseOneHotBuffer[0]
Warning: open net: CoarseOneHotBuffer[1]
Warning: open net: CoarseOneHotBuffer[2]
Warning: open net: CoarseOneHotBuffer[3]
Warning: open net: CoarseOneHotBuffer[4]
Warning: open net: CoarseOneHotBuffer[5]
Warning: open net: CoarseOneHotBuffer[6]
Warning: open net: CoarseOneHotBuffer[7]
Warning: open net: LowBiasInterfaceEnBuffer
Warning: open net: FineCode[0]
Warning: open net: FineCode[1]
Warning: open net: FineCode[2]
Warning: open net: FineCode[3]
Warning: open net: FineCode[4]
Warning: open net: FineCode[5]
Warning: open net: FineCode[6]
Warning: open net: FineCode[7]
Warning: open net: nFineCode[0]
Warning: open net: nFineCode[1]
Warning: open net: nFineCode[2]
Warning: open net: nFineCode[3]
Warning: open net: nFineCode[4]
Warning: open net: nFineCode[5]
Warning: open net: nFineCode[6]
Warning: open net: nFineCode[7]
Warning: open net: LowBiasInterfaceEn
Warning: open net: CoarseOneHot[0]
Warning: open net: CoarseOneHot[1]
Warning: open net: CoarseOneHot[2]
Warning: open net: CoarseOneHot[3]
Warning: open net: CoarseOneHot[4]
Warning: open net: CoarseOneHot[5]
Warning: open net: VddA18
Warning: open net: GndA
Warning: open net: CoarseOneHot[6]
Warning: open net: CoarseOneHot[7]
Warning: open net: PBiasEn
Warning: open net: nLowBiasInterfaceEnBuffer
Error: undriven node: BufferN
Error: undriven node: BufferP
Error: undriven node: Bias
-----------/home/alienfalcon/Projects/skywater/open_dvs_py312/open_dvs/git_dvs/nic2025_openDVS/analog/xschem/BiasBranchnMasterx1.sch

Xschem process returned error code 10

Error in netlist generation:
Subcircuit BiasBranch was not found!
Error in netlist generation:
Subcircuit BiasMasternCoarse was not found!
Error in netlist generation:
Subcircuit BiasBranchBuffer was not found!
Parameter op_sweep_code: Generating simulation files…
Subprocess exited with error code 10
Error output generated by subprocess:
Using run time directory XSCHEM_SHAREDIR = /usr/local/share/xschem
Sourcing /usr/local/share/xschem/xschemrc init file
Sourcing /home/alienfalcon/.ciel/sky130B/libs.tech/xschem/xschemrc init file
open_pdks installation: using /home/alienfalcon/.ciel
SKYWATER_MODELS: /home/alienfalcon/.ciel/sky130B/libs.tech/combined
SKYWATER_STDCELLS: /home/alienfalcon/.ciel/sky130B/libs.ref/sky130_fd_sc_hd/spice
l_s_d(): Symbol not found: BiasDividerCell.sym
l_s_d(): Symbol not found: BiasMultiplierCell.sym
-----------/home/alienfalcon/Projects/skywater/open_dvs_py312/open_dvs/git_dvs/nic2025_openDVS/analog/runs/RUN_2026-05-06_19-05-58/parameters/op_sweep_code/run_00/tb_BiasBranchnMasterx1_op.sch
-----------/home/alienfalcon/Projects/skywater/open_dvs_py312/open_dvs/git_dvs/nic2025_openDVS/analog/cace/templates/../../xschem/BiasBranchnMasterx1.sch
-----------/home/alienfalcon/Projects/skywater/open_dvs_py312/open_dvs/git_dvs/nic2025_openDVS/analog/cace/templates/../../xschem/BiasBranch.sch
-----------/home/alienfalcon/Projects/skywater/open_dvs_py312/open_dvs/git_dvs/nic2025_openDVS/analog/cace/templates/../../xschem/BiasMasternCoarse.sch
-----------/home/alienfalcon/Projects/skywater/open_dvs_py312/open_dvs/git_dvs/nic2025_openDVS/analog/cace/templates/../../xschem/BiasBranchBuffer.sch
-----------/home/alienfalcon/Projects/skywater/open_dvs_py312/open_dvs/git_dvs/nic2025_openDVS/analog/cace/templates/../../xschem/BiasCoarseFineInterface.sch
-----------/home/alienfalcon/Projects/skywater/open_dvs_py312/open_dvs/git_dvs/nic2025_openDVS/analog/cace/templates/../../xschem/BiasDividerFine.sch
-----------/home/alienfalcon/Projects/skywater/open_dvs_py312/open_dvs/git_dvs/nic2025_openDVS/analog/cace/templates/../../xschem/BiasBuffers.sch
-----------/home/alienfalcon/Projects/skywater/open_dvs_py312/open_dvs/git_dvs/nic2025_openDVS/analog/cace/templates/../../xschem/BiasCoarseSel8to1.sch
-----------/home/alienfalcon/Projects/skywater/open_dvs_py312/open_dvs/git_dvs/nic2025_openDVS/analog/cace/templates/../../xschem/BiasMasterBias.sch
-----------/home/alienfalcon/Projects/skywater/open_dvs_py312/open_dvs/git_dvs/nic2025_openDVS/analog/cace/templates/../../xschem/BiasCoarseMBDivider.sch
-----------/home/alienfalcon/Projects/skywater/open_dvs_py312/open_dvs/git_dvs/nic2025_openDVS/analog/cace/templates/../../xschem/BiasDividerFineCell.sch
-----------/home/alienfalcon/Projects/skywater/open_dvs_py312/open_dvs/git_dvs/nic2025_openDVS/analog/cace/templates/../../xschem/BiasDivider.sch
Error: undriven node: VOut0
Error: undriven node: VOut1
Error: undriven node: VOut2
Error: undriven node: VOut3
Error: undriven node: VOut4
Warning: open net: GndA
Warning: open net: IOut0
Warning: open net: IOut1
Warning: open net: IOut2
Warning: open net: IOut3
Warning: open net: IOut4
Warning: open net: IOut5
-----------/home/alienfalcon/Projects/skywater/open_dvs_py312/open_dvs/git_dvs/nic2025_openDVS/analog/cace/templates/../../xschem/BiasMultiplier.sch
Error: undriven node: VOut0
Warning: open net: VddA18
Warning: open net: IOut0
Warning: open net: IOut1
-----------/home/alienfalcon/Projects/skywater/open_dvs_py312/open_dvs/git_dvs/nic2025_openDVS/analog/runs/RUN_2026-05-06_19-05-58/parameters/op_sweep_code/run_00/tb_BiasBranchnMasterx1_op.sch
Subprocess exited with error code 10
Error output generated by subprocess:
Using run time directory XSCHEM_SHAREDIR = /usr/local/share/xschem
Sourcing /usr/local/share/xschem/xschemrc init file
Sourcing /home/alienfalcon/.ciel/sky130B/libs.tech/xschem/xschemrc init file
open_pdks installation: using /home/alienfalcon/.ciel
SKYWATER_MODELS: /home/alienfalcon/.ciel/sky130B/libs.tech/combined
SKYWATER_STDCELLS: /home/alienfalcon/.ciel/sky130B/libs.ref/sky130_fd_sc_hd/spice
l_s_d(): Symbol not found: BiasDividerCell.sym
l_s_d(): Symbol not found: BiasMultiplierCell.sym
-----------/home/alienfalcon/Projects/skywater/open_dvs_py312/open_dvs/git_dvs/nic2025_openDVS/analog/runs/RUN_2026-05-06_19-05-58/parameters/op_sweep_code/run_01/tb_BiasBranchnMasterx1_op.sch
-----------/home/alienfalcon/Projects/skywater/open_dvs_py312/open_dvs/git_dvs/nic2025_openDVS/analog/cace/templates/../../xschem/BiasBranchnMasterx1.sch
-----------/home/alienfalcon/Projects/skywater/open_dvs_py312/open_dvs/git_dvs/nic2025_openDVS/analog/cace/templates/../../xschem/BiasBranch.sch
-----------/home/alienfalcon/Projects/skywater/open_dvs_py312/open_dvs/git_dvs/nic2025_openDVS/analog/cace/templates/../../xschem/BiasMasternCoarse.sch
-----------/home/alienfalcon/Projects/skywater/open_dvs_py312/open_dvs/git_dvs/nic2025_openDVS/analog/cace/templates/../../xschem/BiasBranchBuffer.sch
-----------/home/alienfalcon/Projects/skywater/open_dvs_py312/open_dvs/git_dvs/nic2025_openDVS/analog/cace/templates/../../xschem/BiasCoarseFineInterface.sch
-----------/home/alienfalcon/Projects/skywater/open_dvs_py312/open_dvs/git_dvs/nic2025_openDVS/analog/cace/templates/../../xschem/BiasDividerFine.sch
-----------/home/alienfalcon/Projects/skywater/open_dvs_py312/open_dvs/git_dvs/nic2025_openDVS/analog/cace/templates/../../xschem/BiasBuffers.sch
-----------/home/alienfalcon/Projects/skywater/open_dvs_py312/open_dvs/git_dvs/nic2025_openDVS/analog/cace/templates/../../xschem/BiasCoarseSel8to1.sch
-----------/home/alienfalcon/Projects/skywater/open_dvs_py312/open_dvs/git_dvs/nic2025_openDVS/analog/cace/templates/../../xschem/BiasMasterBias.sch
-----------/home/alienfalcon/Projects/skywater/open_dvs_py312/open_dvs/git_dvs/nic2025_openDVS/analog/cace/templates/../../xschem/BiasCoarseMBDivider.sch
-----------/home/alienfalcon/Projects/skywater/open_dvs_py312/open_dvs/git_dvs/nic2025_openDVS/analog/cace/templates/../../xschem/BiasDividerFineCell.sch
-----------/home/alienfalcon/Projects/skywater/open_dvs_py312/open_dvs/git_dvs/nic2025_openDVS/analog/cace/templates/../../xschem/BiasDivider.sch
Error: undriven node: VOut0
Error: undriven node: VOut1
Error: undriven node: VOut2
Error: undriven node: VOut3
Error: undriven node: VOut4
Warning: open net: GndA
Warning: open net: IOut0
Warning: open net: IOut1
Warning: open net: IOut2
Warning: open net: IOut3
Warning: open net: IOut4
Warning: open net: IOut5
-----------/home/alienfalcon/Projects/skywater/open_dvs_py312/open_dvs/git_dvs/nic2025_openDVS/analog/cace/templates/../../xschem/BiasMultiplier.sch
Error: undriven node: VOut0
Warning: open net: VddA18
Warning: open net: IOut0
Warning: open net: IOut1
-----------/home/alienfalcon/Projects/skywater/open_dvs_py312/open_dvs/git_dvs/nic2025_openDVS/analog/runs/RUN_2026-05-06_19-05-58/parameters/op_sweep_code/run_01/tb_BiasBranchnMasterx1_op.sch
Subprocess exited with error code 10
Error output generated by subprocess:
Using run time directory XSCHEM_SHAREDIR = /usr/local/share/xschem
Sourcing /usr/local/share/xschem/xschemrc init file
Sourcing /home/alienfalcon/.ciel/sky130B/libs.tech/xschem/xschemrc init file
open_pdks installation: using /home/alienfalcon/.ciel
SKYWATER_MODELS: /home/alienfalcon/.ciel/sky130B/libs.tech/combined
SKYWATER_STDCELLS: /home/alienfalcon/.ciel/sky130B/libs.ref/sky130_fd_sc_hd/spice
l_s_d(): Symbol not found: BiasDividerCell.sym
l_s_d(): Symbol not found: BiasMultiplierCell.sym
-----------/home/alienfalcon/Projects/skywater/open_dvs_py312/open_dvs/git_dvs/nic2025_openDVS/analog/runs/RUN_2026-05-06_19-05-58/parameters/op_sweep_code/run_02/tb_BiasBranchnMasterx1_op.sch
-----------/home/alienfalcon/Projects/skywater/open_dvs_py312/open_dvs/git_dvs/nic2025_openDVS/analog/cace/templates/../../xschem/BiasBranchnMasterx1.sch
-----------/home/alienfalcon/Projects/skywater/open_dvs_py312/open_dvs/git_dvs/nic2025_openDVS/analog/cace/templates/../../xschem/BiasBranch.sch
-----------/home/alienfalcon/Projects/skywater/open_dvs_py312/open_dvs/git_dvs/nic2025_openDVS/analog/cace/templates/../../xschem/BiasMasternCoarse.sch
-----------/home/alienfalcon/Projects/skywater/open_dvs_py312/open_dvs/git_dvs/nic2025_openDVS/analog/cace/templates/../../xschem/BiasBranchBuffer.sch
-----------/home/alienfalcon/Projects/skywater/open_dvs_py312/open_dvs/git_dvs/nic2025_openDVS/analog/cace/templates/../../xschem/BiasCoarseFineInterface.sch
-----------/home/alienfalcon/Projects/skywater/open_dvs_py312/open_dvs/git_dvs/nic2025_openDVS/analog/cace/templates/../../xschem/BiasDividerFine.sch
-----------/home/alienfalcon/Projects/skywater/open_dvs_py312/open_dvs/git_dvs/nic2025_openDVS/analog/cace/templates/../../xschem/BiasBuffers.sch
-----------/home/alienfalcon/Projects/skywater/open_dvs_py312/open_dvs/git_dvs/nic2025_openDVS/analog/cace/templates/../../xschem/BiasCoarseSel8to1.sch
-----------/home/alienfalcon/Projects/skywater/open_dvs_py312/open_dvs/git_dvs/nic2025_openDVS/analog/cace/templates/../../xschem/BiasMasterBias.sch
-----------/home/alienfalcon/Projects/skywater/open_dvs_py312/open_dvs/git_dvs/nic2025_openDVS/analog/cace/templates/../../xschem/BiasCoarseMBDivider.sch
-----------/home/alienfalcon/Projects/skywater/open_dvs_py312/open_dvs/git_dvs/nic2025_openDVS/analog/cace/templates/../../xschem/BiasDividerFineCell.sch
-----------/home/alienfalcon/Projects/skywater/open_dvs_py312/open_dvs/git_dvs/nic2025_openDVS/analog/cace/templates/../../xschem/BiasDivider.sch
Error: undriven node: VOut0
Error: undriven node: VOut1
Error: undriven node: VOut2
Error: undriven node: VOut3
Error: undriven node: VOut4
Warning: open net: GndA
Warning: open net: IOut0
Warning: open net: IOut1
Warning: open net: IOut2
Warning: open net: IOut3
Warning: open net: IOut4
Warning: open net: IOut5
-----------/home/alienfalcon/Projects/skywater/open_dvs_py312/open_dvs/git_dvs/nic2025_openDVS/analog/cace/templates/../../xschem/BiasMultiplier.sch
Error: undriven node: VOut0
Warning: open net: VddA18
Warning: open net: IOut0
Warning: open net: IOut1
-----------/home/alienfalcon/Projects/skywater/open_dvs_py312/open_dvs/git_dvs/nic2025_openDVS/analog/runs/RUN_2026-05-06_19-05-58/parameters/op_sweep_code/run_02/tb_BiasBranchnMasterx1_op.sch
Subprocess exited with error code 10
Error output generated by subprocess:
Using run time directory XSCHEM_SHAREDIR = /usr/local/share/xschem
Sourcing /usr/local/share/xschem/xschemrc init file
Sourcing /home/alienfalcon/.ciel/sky130B/libs.tech/xschem/xschemrc init file
open_pdks installation: using /home/alienfalcon/.ciel
SKYWATER_MODELS: /home/alienfalcon/.ciel/sky130B/libs.tech/combined
SKYWATER_STDCELLS: /home/alienfalcon/.ciel/sky130B/libs.ref/sky130_fd_sc_hd/spice
l_s_d(): Symbol not found: BiasDividerCell.sym
l_s_d(): Symbol not found: BiasMultiplierCell.sym
-----------/home/alienfalcon/Projects/skywater/open_dvs_py312/open_dvs/git_dvs/nic2025_openDVS/analog/runs/RUN_2026-05-06_19-05-58/parameters/op_sweep_code/run_03/tb_BiasBranchnMasterx1_op.sch
-----------/home/alienfalcon/Projects/skywater/open_dvs_py312/open_dvs/git_dvs/nic2025_openDVS/analog/cace/templates/../../xschem/BiasBranchnMasterx1.sch
-----------/home/alienfalcon/Projects/skywater/open_dvs_py312/open_dvs/git_dvs/nic2025_openDVS/analog/cace/templates/../../xschem/BiasBranch.sch
-----------/home/alienfalcon/Projects/skywater/open_dvs_py312/open_dvs/git_dvs/nic2025_openDVS/analog/cace/templates/../../xschem/BiasMasternCoarse.sch
-----------/home/alienfalcon/Projects/skywater/open_dvs_py312/open_dvs/git_dvs/nic2025_openDVS/analog/cace/templates/../../xschem/BiasBranchBuffer.sch
-----------/home/alienfalcon/Projects/skywater/open_dvs_py312/open_dvs/git_dvs/nic2025_openDVS/analog/cace/templates/../../xschem/BiasCoarseFineInterface.sch
-----------/home/alienfalcon/Projects/skywater/open_dvs_py312/open_dvs/git_dvs/nic2025_openDVS/analog/cace/templates/../../xschem/BiasDividerFine.sch
-----------/home/alienfalcon/Projects/skywater/open_dvs_py312/open_dvs/git_dvs/nic2025_openDVS/analog/cace/templates/../../xschem/BiasBuffers.sch
-----------/home/alienfalcon/Projects/skywater/open_dvs_py312/open_dvs/git_dvs/nic2025_openDVS/analog/cace/templates/../../xschem/BiasCoarseSel8to1.sch
-----------/home/alienfalcon/Projects/skywater/open_dvs_py312/open_dvs/git_dvs/nic2025_openDVS/analog/cace/templates/../../xschem/BiasMasterBias.sch
-----------/home/alienfalcon/Projects/skywater/open_dvs_py312/open_dvs/git_dvs/nic2025_openDVS/analog/cace/templates/../../xschem/BiasCoarseMBDivider.sch
-----------/home/alienfalcon/Projects/skywater/open_dvs_py312/open_dvs/git_dvs/nic2025_openDVS/analog/cace/templates/../../xschem/BiasDividerFineCell.sch
-----------/home/alienfalcon/Projects/skywater/open_dvs_py312/open_dvs/git_dvs/nic2025_openDVS/analog/cace/templates/../../xschem/BiasDivider.sch
Error: undriven node: VOut0
Error: undriven node: VOut1
Error: undriven node: VOut2
Error: undriven node: VOut3
Error: undriven node: VOut4
Warning: open net: GndA
Warning: open net: IOut0
Warning: open net: IOut1
Warning: open net: IOut2
Warning: open net: IOut3
Warning: open net: IOut4
Warning: open net: IOut5
-----------/home/alienfalcon/Projects/skywater/open_dvs_py312/open_dvs/git_dvs/nic2025_openDVS/analog/cace/templates/../../xschem/BiasMultiplier.sch
Error: undriven node: VOut0
Warning: open net: VddA18
Warning: open net: IOut0
Warning: open net: IOut1
-----------/home/alienfalcon/Projects/skywater/open_dvs_py312/open_dvs/git_dvs/nic2025_openDVS/analog/runs/RUN_2026-05-06_19-05-58/parameters/op_sweep_code/run_03/tb_BiasBranchnMasterx1_op.sch
Subprocess exited with error code 10
Error output generated by subprocess:
Using run time directory XSCHEM_SHAREDIR = /usr/local/share/xschem
Sourcing /usr/local/share/xschem/xschemrc init file
Sourcing /home/alienfalcon/.ciel/sky130B/libs.tech/xschem/xschemrc init file
open_pdks installation: using /home/alienfalcon/.ciel
SKYWATER_MODELS: /home/alienfalcon/.ciel/sky130B/libs.tech/combined
SKYWATER_STDCELLS: /home/alienfalcon/.ciel/sky130B/libs.ref/sky130_fd_sc_hd/spice
l_s_d(): Symbol not found: BiasDividerCell.sym
l_s_d(): Symbol not found: BiasMultiplierCell.sym
-----------/home/alienfalcon/Projects/skywater/open_dvs_py312/open_dvs/git_dvs/nic2025_openDVS/analog/runs/RUN_2026-05-06_19-05-58/parameters/op_sweep_code/run_04/tb_BiasBranchnMasterx1_op.sch
-----------/home/alienfalcon/Projects/skywater/open_dvs_py312/open_dvs/git_dvs/nic2025_openDVS/analog/cace/templates/../../xschem/BiasBranchnMasterx1.sch
-----------/home/alienfalcon/Projects/skywater/open_dvs_py312/open_dvs/git_dvs/nic2025_openDVS/analog/cace/templates/../../xschem/BiasBranch.sch
-----------/home/alienfalcon/Projects/skywater/open_dvs_py312/open_dvs/git_dvs/nic2025_openDVS/analog/cace/templates/../../xschem/BiasMasternCoarse.sch
-----------/home/alienfalcon/Projects/skywater/open_dvs_py312/open_dvs/git_dvs/nic2025_openDVS/analog/cace/templates/../../xschem/BiasBranchBuffer.sch
-----------/home/alienfalcon/Projects/skywater/open_dvs_py312/open_dvs/git_dvs/nic2025_openDVS/analog/cace/templates/../../xschem/BiasCoarseFineInterface.sch
-----------/home/alienfalcon/Projects/skywater/open_dvs_py312/open_dvs/git_dvs/nic2025_openDVS/analog/cace/templates/../../xschem/BiasDividerFine.sch
-----------/home/alienfalcon/Projects/skywater/open_dvs_py312/open_dvs/git_dvs/nic2025_openDVS/analog/cace/templates/../../xschem/BiasBuffers.sch
-----------/home/alienfalcon/Projects/skywater/open_dvs_py312/open_dvs/git_dvs/nic2025_openDVS/analog/cace/templates/../../xschem/BiasCoarseSel8to1.sch
-----------/home/alienfalcon/Projects/skywater/open_dvs_py312/open_dvs/git_dvs/nic2025_openDVS/analog/cace/templates/../../xschem/BiasMasterBias.sch
-----------/home/alienfalcon/Projects/skywater/open_dvs_py312/open_dvs/git_dvs/nic2025_openDVS/analog/cace/templates/../../xschem/BiasCoarseMBDivider.sch
-----------/home/alienfalcon/Projects/skywater/open_dvs_py312/open_dvs/git_dvs/nic2025_openDVS/analog/cace/templates/../../xschem/BiasDividerFineCell.sch
-----------/home/alienfalcon/Projects/skywater/open_dvs_py312/open_dvs/git_dvs/nic2025_openDVS/analog/cace/templates/../../xschem/BiasDivider.sch
Error: undriven node: VOut0
Error: undriven node: VOut1
Error: undriven node: VOut2
Error: undriven node: VOut3
Error: undriven node: VOut4
Warning: open net: GndA
Warning: open net: IOut0
Warning: open net: IOut1
Warning: open net: IOut2
Warning: open net: IOut3
Warning: open net: IOut4
Warning: open net: IOut5
-----------/home/alienfalcon/Projects/skywater/open_dvs_py312/open_dvs/git_dvs/nic2025_openDVS/analog/cace/templates/../../xschem/BiasMultiplier.sch
Error: undriven node: VOut0
Warning: open net: VddA18
Warning: open net: IOut0
Warning: open net: IOut1
-----------/home/alienfalcon/Projects/skywater/open_dvs_py312/open_dvs/git_dvs/nic2025_openDVS/analog/runs/RUN_2026-05-06_19-05-58/parameters/op_sweep_code/run_04/tb_BiasBranchnMasterx1_op.sch
Subprocess exited with error code 10
Error output generated by subprocess:
Using run time directory XSCHEM_SHAREDIR = /usr/local/share/xschem
Sourcing /usr/local/share/xschem/xschemrc init file
Sourcing /home/alienfalcon/.ciel/sky130B/libs.tech/xschem/xschemrc init file
open_pdks installation: using /home/alienfalcon/.ciel
SKYWATER_MODELS: /home/alienfalcon/.ciel/sky130B/libs.tech/combined
SKYWATER_STDCELLS: /home/alienfalcon/.ciel/sky130B/libs.ref/sky130_fd_sc_hd/spice
l_s_d(): Symbol not found: BiasDividerCell.sym
l_s_d(): Symbol not found: BiasMultiplierCell.sym
-----------/home/alienfalcon/Projects/skywater/open_dvs_py312/open_dvs/git_dvs/nic2025_openDVS/analog/runs/RUN_2026-05-06_19-05-58/parameters/op_sweep_code/run_05/tb_BiasBranchnMasterx1_op.sch
-----------/home/alienfalcon/Projects/skywater/open_dvs_py312/open_dvs/git_dvs/nic2025_openDVS/analog/cace/templates/../../xschem/BiasBranchnMasterx1.sch
-----------/home/alienfalcon/Projects/skywater/open_dvs_py312/open_dvs/git_dvs/nic2025_openDVS/analog/cace/templates/../../xschem/BiasBranch.sch
-----------/home/alienfalcon/Projects/skywater/open_dvs_py312/open_dvs/git_dvs/nic2025_openDVS/analog/cace/templates/../../xschem/BiasMasternCoarse.sch
-----------/home/alienfalcon/Projects/skywater/open_dvs_py312/open_dvs/git_dvs/nic2025_openDVS/analog/cace/templates/../../xschem/BiasBranchBuffer.sch
-----------/home/alienfalcon/Projects/skywater/open_dvs_py312/open_dvs/git_dvs/nic2025_openDVS/analog/cace/templates/../../xschem/BiasCoarseFineInterface.sch
-----------/home/alienfalcon/Projects/skywater/open_dvs_py312/open_dvs/git_dvs/nic2025_openDVS/analog/cace/templates/../../xschem/BiasDividerFine.sch
-----------/home/alienfalcon/Projects/skywater/open_dvs_py312/open_dvs/git_dvs/nic2025_openDVS/analog/cace/templates/../../xschem/BiasBuffers.sch
-----------/home/alienfalcon/Projects/skywater/open_dvs_py312/open_dvs/git_dvs/nic2025_openDVS/analog/cace/templates/../../xschem/BiasCoarseSel8to1.sch
-----------/home/alienfalcon/Projects/skywater/open_dvs_py312/open_dvs/git_dvs/nic2025_openDVS/analog/cace/templates/../../xschem/BiasMasterBias.sch
-----------/home/alienfalcon/Projects/skywater/open_dvs_py312/open_dvs/git_dvs/nic2025_openDVS/analog/cace/templates/../../xschem/BiasCoarseMBDivider.sch
-----------/home/alienfalcon/Projects/skywater/open_dvs_py312/open_dvs/git_dvs/nic2025_openDVS/analog/cace/templates/../../xschem/BiasDividerFineCell.sch
-----------/home/alienfalcon/Projects/skywater/open_dvs_py312/open_dvs/git_dvs/nic2025_openDVS/analog/cace/templates/../../xschem/BiasDivider.sch
Error: undriven node: VOut0
Error: undriven node: VOut1
Error: undriven node: VOut2
Error: undriven node: VOut3
Error: undriven node: VOut4
Warning: open net: GndA
Warning: open net: IOut0
Warning: open net: IOut1
Warning: open net: IOut2
Warning: open net: IOut3
Warning: open net: IOut4
Warning: open net: IOut5
-----------/home/alienfalcon/Projects/skywater/open_dvs_py312/open_dvs/git_dvs/nic2025_openDVS/analog/cace/templates/../../xschem/BiasMultiplier.sch
Error: undriven node: VOut0
Warning: open net: VddA18
Warning: open net: IOut0
Warning: open net: IOut1
-----------/home/alienfalcon/Projects/skywater/open_dvs_py312/open_dvs/git_dvs/nic2025_openDVS/analog/runs/RUN_2026-05-06_19-05-58/parameters/op_sweep_code/run_05/tb_BiasBranchnMasterx1_op.sch
Subprocess exited with error code 10
Error output generated by subprocess:
Using run time directory XSCHEM_SHAREDIR = /usr/local/share/xschem
Sourcing /usr/local/share/xschem/xschemrc init file
Sourcing /home/alienfalcon/.ciel/sky130B/libs.tech/xschem/xschemrc init file
open_pdks installation: using /home/alienfalcon/.ciel
SKYWATER_MODELS: /home/alienfalcon/.ciel/sky130B/libs.tech/combined
SKYWATER_STDCELLS: /home/alienfalcon/.ciel/sky130B/libs.ref/sky130_fd_sc_hd/spice
l_s_d(): Symbol not found: BiasDividerCell.sym
l_s_d(): Symbol not found: BiasMultiplierCell.sym
-----------/home/alienfalcon/Projects/skywater/open_dvs_py312/open_dvs/git_dvs/nic2025_openDVS/analog/runs/RUN_2026-05-06_19-05-58/parameters/op_sweep_code/run_06/tb_BiasBranchnMasterx1_op.sch
-----------/home/alienfalcon/Projects/skywater/open_dvs_py312/open_dvs/git_dvs/nic2025_openDVS/analog/cace/templates/../../xschem/BiasBranchnMasterx1.sch
-----------/home/alienfalcon/Projects/skywater/open_dvs_py312/open_dvs/git_dvs/nic2025_openDVS/analog/cace/templates/../../xschem/BiasBranch.sch
-----------/home/alienfalcon/Projects/skywater/open_dvs_py312/open_dvs/git_dvs/nic2025_openDVS/analog/cace/templates/../../xschem/BiasMasternCoarse.sch
-----------/home/alienfalcon/Projects/skywater/open_dvs_py312/open_dvs/git_dvs/nic2025_openDVS/analog/cace/templates/../../xschem/BiasBranchBuffer.sch
-----------/home/alienfalcon/Projects/skywater/open_dvs_py312/open_dvs/git_dvs/nic2025_openDVS/analog/cace/templates/../../xschem/BiasCoarseFineInterface.sch
-----------/home/alienfalcon/Projects/skywater/open_dvs_py312/open_dvs/git_dvs/nic2025_openDVS/analog/cace/templates/../../xschem/BiasDividerFine.sch
-----------/home/alienfalcon/Projects/skywater/open_dvs_py312/open_dvs/git_dvs/nic2025_openDVS/analog/cace/templates/../../xschem/BiasBuffers.sch
-----------/home/alienfalcon/Projects/skywater/open_dvs_py312/open_dvs/git_dvs/nic2025_openDVS/analog/cace/templates/../../xschem/BiasCoarseSel8to1.sch
-----------/home/alienfalcon/Projects/skywater/open_dvs_py312/open_dvs/git_dvs/nic2025_openDVS/analog/cace/templates/../../xschem/BiasMasterBias.sch
-----------/home/alienfalcon/Projects/skywater/open_dvs_py312/open_dvs/git_dvs/nic2025_openDVS/analog/cace/templates/../../xschem/BiasCoarseMBDivider.sch
-----------/home/alienfalcon/Projects/skywater/open_dvs_py312/open_dvs/git_dvs/nic2025_openDVS/analog/cace/templates/../../xschem/BiasDividerFineCell.sch
-----------/home/alienfalcon/Projects/skywater/open_dvs_py312/open_dvs/git_dvs/nic2025_openDVS/analog/cace/templates/../../xschem/BiasDivider.sch
Error: undriven node: VOut0
Error: undriven node: VOut1
Error: undriven node: VOut2
Error: undriven node: VOut3
Error: undriven node: VOut4
Warning: open net: GndA
Warning: open net: IOut0
Warning: open net: IOut1
Warning: open net: IOut2
Warning: open net: IOut3
Warning: open net: IOut4
Warning: open net: IOut5
-----------/home/alienfalcon/Projects/skywater/open_dvs_py312/open_dvs/git_dvs/nic2025_openDVS/analog/cace/templates/../../xschem/BiasMultiplier.sch
Error: undriven node: VOut0
Warning: open net: VddA18
Warning: open net: IOut0
Warning: open net: IOut1
-----------/home/alienfalcon/Projects/skywater/open_dvs_py312/open_dvs/git_dvs/nic2025_openDVS/analog/runs/RUN_2026-05-06_19-05-58/parameters/op_sweep_code/run_06/tb_BiasBranchnMasterx1_op.sch
Subprocess exited with error code 10
Error output generated by subprocess:
Using run time directory XSCHEM_SHAREDIR = /usr/local/share/xschem
Sourcing /usr/local/share/xschem/xschemrc init file
Sourcing /home/alienfalcon/.ciel/sky130B/libs.tech/xschem/xschemrc init file
open_pdks installation: using /home/alienfalcon/.ciel
SKYWATER_MODELS: /home/alienfalcon/.ciel/sky130B/libs.tech/combined
SKYWATER_STDCELLS: /home/alienfalcon/.ciel/sky130B/libs.ref/sky130_fd_sc_hd/spice
l_s_d(): Symbol not found: BiasDividerCell.sym
l_s_d(): Symbol not found: BiasMultiplierCell.sym
-----------/home/alienfalcon/Projects/skywater/open_dvs_py312/open_dvs/git_dvs/nic2025_openDVS/analog/runs/RUN_2026-05-06_19-05-58/parameters/op_sweep_code/run_07/tb_BiasBranchnMasterx1_op.sch
-----------/home/alienfalcon/Projects/skywater/open_dvs_py312/open_dvs/git_dvs/nic2025_openDVS/analog/cace/templates/../../xschem/BiasBranchnMasterx1.sch
-----------/home/alienfalcon/Projects/skywater/open_dvs_py312/open_dvs/git_dvs/nic2025_openDVS/analog/cace/templates/../../xschem/BiasBranch.sch
-----------/home/alienfalcon/Projects/skywater/open_dvs_py312/open_dvs/git_dvs/nic2025_openDVS/analog/cace/templates/../../xschem/BiasMasternCoarse.sch
-----------/home/alienfalcon/Projects/skywater/open_dvs_py312/open_dvs/git_dvs/nic2025_openDVS/analog/cace/templates/../../xschem/BiasBranchBuffer.sch
-----------/home/alienfalcon/Projects/skywater/open_dvs_py312/open_dvs/git_dvs/nic2025_openDVS/analog/cace/templates/../../xschem/BiasCoarseFineInterface.sch
-----------/home/alienfalcon/Projects/skywater/open_dvs_py312/open_dvs/git_dvs/nic2025_openDVS/analog/cace/templates/../../xschem/BiasDividerFine.sch
-----------/home/alienfalcon/Projects/skywater/open_dvs_py312/open_dvs/git_dvs/nic2025_openDVS/analog/cace/templates/../../xschem/BiasBuffers.sch
-----------/home/alienfalcon/Projects/skywater/open_dvs_py312/open_dvs/git_dvs/nic2025_openDVS/analog/cace/templates/../../xschem/BiasCoarseSel8to1.sch
-----------/home/alienfalcon/Projects/skywater/open_dvs_py312/open_dvs/git_dvs/nic2025_openDVS/analog/cace/templates/../../xschem/BiasMasterBias.sch
-----------/home/alienfalcon/Projects/skywater/open_dvs_py312/open_dvs/git_dvs/nic2025_openDVS/analog/cace/templates/../../xschem/BiasCoarseMBDivider.sch
-----------/home/alienfalcon/Projects/skywater/open_dvs_py312/open_dvs/git_dvs/nic2025_openDVS/analog/cace/templates/../../xschem/BiasDividerFineCell.sch
-----------/home/alienfalcon/Projects/skywater/open_dvs_py312/open_dvs/git_dvs/nic2025_openDVS/analog/cace/templates/../../xschem/BiasDivider.sch
Error: undriven node: VOut0
Error: undriven node: VOut1
Error: undriven node: VOut2
Error: undriven node: VOut3
Error: undriven node: VOut4
Warning: open net: GndA
Warning: open net: IOut0
Warning: open net: IOut1
Warning: open net: IOut2
Warning: open net: IOut3
Warning: open net: IOut4
Warning: open net: IOut5
-----------/home/alienfalcon/Projects/skywater/open_dvs_py312/open_dvs/git_dvs/nic2025_openDVS/analog/cace/templates/../../xschem/BiasMultiplier.sch
Error: undriven node: VOut0
Warning: open net: VddA18
Warning: open net: IOut0
Warning: open net: IOut1
-----------/home/alienfalcon/Projects/skywater/open_dvs_py312/open_dvs/git_dvs/nic2025_openDVS/analog/runs/RUN_2026-05-06_19-05-58/parameters/op_sweep_code/run_07/tb_BiasBranchnMasterx1_op.sch
Subprocess exited with error code 10
Error output generated by subprocess:
Using run time directory XSCHEM_SHAREDIR = /usr/local/share/xschem
Sourcing /usr/local/share/xschem/xschemrc init file
Sourcing /home/alienfalcon/.ciel/sky130B/libs.tech/xschem/xschemrc init file
open_pdks installation: using /home/alienfalcon/.ciel
SKYWATER_MODELS: /home/alienfalcon/.ciel/sky130B/libs.tech/combined
SKYWATER_STDCELLS: /home/alienfalcon/.ciel/sky130B/libs.ref/sky130_fd_sc_hd/spice
l_s_d(): Symbol not found: BiasDividerCell.sym
l_s_d(): Symbol not found: BiasMultiplierCell.sym
-----------/home/alienfalcon/Projects/skywater/open_dvs_py312/open_dvs/git_dvs/nic2025_openDVS/analog/runs/RUN_2026-05-06_19-05-58/parameters/op_sweep_code/run_08/tb_BiasBranchnMasterx1_op.sch
-----------/home/alienfalcon/Projects/skywater/open_dvs_py312/open_dvs/git_dvs/nic2025_openDVS/analog/cace/templates/../../xschem/BiasBranchnMasterx1.sch
-----------/home/alienfalcon/Projects/skywater/open_dvs_py312/open_dvs/git_dvs/nic2025_openDVS/analog/cace/templates/../../xschem/BiasBranch.sch
-----------/home/alienfalcon/Projects/skywater/open_dvs_py312/open_dvs/git_dvs/nic2025_openDVS/analog/cace/templates/../../xschem/BiasMasternCoarse.sch
-----------/home/alienfalcon/Projects/skywater/open_dvs_py312/open_dvs/git_dvs/nic2025_openDVS/analog/cace/templates/../../xschem/BiasBranchBuffer.sch
-----------/home/alienfalcon/Projects/skywater/open_dvs_py312/open_dvs/git_dvs/nic2025_openDVS/analog/cace/templates/../../xschem/BiasCoarseFineInterface.sch
-----------/home/alienfalcon/Projects/skywater/open_dvs_py312/open_dvs/git_dvs/nic2025_openDVS/analog/cace/templates/../../xschem/BiasDividerFine.sch
-----------/home/alienfalcon/Projects/skywater/open_dvs_py312/open_dvs/git_dvs/nic2025_openDVS/analog/cace/templates/../../xschem/BiasBuffers.sch
-----------/home/alienfalcon/Projects/skywater/open_dvs_py312/open_dvs/git_dvs/nic2025_openDVS/analog/cace/templates/../../xschem/BiasCoarseSel8to1.sch
-----------/home/alienfalcon/Projects/skywater/open_dvs_py312/open_dvs/git_dvs/nic2025_openDVS/analog/cace/templates/../../xschem/BiasMasterBias.sch
-----------/home/alienfalcon/Projects/skywater/open_dvs_py312/open_dvs/git_dvs/nic2025_openDVS/analog/cace/templates/../../xschem/BiasCoarseMBDivider.sch
-----------/home/alienfalcon/Projects/skywater/open_dvs_py312/open_dvs/git_dvs/nic2025_openDVS/analog/cace/templates/../../xschem/BiasDividerFineCell.sch
-----------/home/alienfalcon/Projects/skywater/open_dvs_py312/open_dvs/git_dvs/nic2025_openDVS/analog/cace/templates/../../xschem/BiasDivider.sch
Error: undriven node: VOut0
Error: undriven node: VOut1
Error: undriven node: VOut2
Error: undriven node: VOut3
Error: undriven node: VOut4
Warning: open net: GndA
Warning: open net: IOut0
Warning: open net: IOut1
Warning: open net: IOut2
Warning: open net: IOut3
Warning: open net: IOut4
Warning: open net: IOut5
-----------/home/alienfalcon/Projects/skywater/open_dvs_py312/open_dvs/git_dvs/nic2025_openDVS/analog/cace/templates/../../xschem/BiasMultiplier.sch
Error: undriven node: VOut0
Warning: open net: VddA18
Warning: open net: IOut0
Warning: open net: IOut1
-----------/home/alienfalcon/Projects/skywater/open_dvs_py312/open_dvs/git_dvs/nic2025_openDVS/analog/runs/RUN_2026-05-06_19-05-58/parameters/op_sweep_code/run_08/tb_BiasBranchnMasterx1_op.sch
Subprocess exited with error code 10
Error output generated by subprocess:
Using run time directory XSCHEM_SHAREDIR = /usr/local/share/xschem
Sourcing /usr/local/share/xschem/xschemrc init file
Sourcing /home/alienfalcon/.ciel/sky130B/libs.tech/xschem/xschemrc init file
open_pdks installation: using /home/alienfalcon/.ciel
SKYWATER_MODELS: /home/alienfalcon/.ciel/sky130B/libs.tech/combined
SKYWATER_STDCELLS: /home/alienfalcon/.ciel/sky130B/libs.ref/sky130_fd_sc_hd/spice
l_s_d(): Symbol not found: BiasDividerCell.sym
l_s_d(): Symbol not found: BiasMultiplierCell.sym
-----------/home/alienfalcon/Projects/skywater/open_dvs_py312/open_dvs/git_dvs/nic2025_openDVS/analog/runs/RUN_2026-05-06_19-05-58/parameters/op_sweep_code/run_09/tb_BiasBranchnMasterx1_op.sch
-----------/home/alienfalcon/Projects/skywater/open_dvs_py312/open_dvs/git_dvs/nic2025_openDVS/analog/cace/templates/../../xschem/BiasBranchnMasterx1.sch
-----------/home/alienfalcon/Projects/skywater/open_dvs_py312/open_dvs/git_dvs/nic2025_openDVS/analog/cace/templates/../../xschem/BiasBranch.sch
-----------/home/alienfalcon/Projects/skywater/open_dvs_py312/open_dvs/git_dvs/nic2025_openDVS/analog/cace/templates/../../xschem/BiasMasternCoarse.sch
-----------/home/alienfalcon/Projects/skywater/open_dvs_py312/open_dvs/git_dvs/nic2025_openDVS/analog/cace/templates/../../xschem/BiasBranchBuffer.sch
-----------/home/alienfalcon/Projects/skywater/open_dvs_py312/open_dvs/git_dvs/nic2025_openDVS/analog/cace/templates/../../xschem/BiasCoarseFineInterface.sch
-----------/home/alienfalcon/Projects/skywater/open_dvs_py312/open_dvs/git_dvs/nic2025_openDVS/analog/cace/templates/../../xschem/BiasDividerFine.sch
-----------/home/alienfalcon/Projects/skywater/open_dvs_py312/open_dvs/git_dvs/nic2025_openDVS/analog/cace/templates/../../xschem/BiasBuffers.sch
-----------/home/alienfalcon/Projects/skywater/open_dvs_py312/open_dvs/git_dvs/nic2025_openDVS/analog/cace/templates/../../xschem/BiasCoarseSel8to1.sch
-----------/home/alienfalcon/Projects/skywater/open_dvs_py312/open_dvs/git_dvs/nic2025_openDVS/analog/cace/templates/../../xschem/BiasMasterBias.sch
-----------/home/alienfalcon/Projects/skywater/open_dvs_py312/open_dvs/git_dvs/nic2025_openDVS/analog/cace/templates/../../xschem/BiasCoarseMBDivider.sch
-----------/home/alienfalcon/Projects/skywater/open_dvs_py312/open_dvs/git_dvs/nic2025_openDVS/analog/cace/templates/../../xschem/BiasDividerFineCell.sch
-----------/home/alienfalcon/Projects/skywater/open_dvs_py312/open_dvs/git_dvs/nic2025_openDVS/analog/cace/templates/../../xschem/BiasDivider.sch
Error: undriven node: VOut0
Error: undriven node: VOut1
Error: undriven node: VOut2
Error: undriven node: VOut3
Error: undriven node: VOut4
Warning: open net: GndA
Warning: open net: IOut0
Warning: open net: IOut1
Warning: open net: IOut2
Warning: open net: IOut3
Warning: open net: IOut4
Warning: open net: IOut5
-----------/home/alienfalcon/Projects/skywater/open_dvs_py312/open_dvs/git_dvs/nic2025_openDVS/analog/cace/templates/../../xschem/BiasMultiplier.sch
Error: undriven node: VOut0
Warning: open net: VddA18
Warning: open net: IOut0
Warning: open net: IOut1
-----------/home/alienfalcon/Projects/skywater/open_dvs_py312/open_dvs/git_dvs/nic2025_openDVS/analog/runs/RUN_2026-05-06_19-05-58/parameters/op_sweep_code/run_09/tb_BiasBranchnMasterx1_op.sch
Subprocess exited with error code 10
Error output generated by subprocess:
Using run time directory XSCHEM_SHAREDIR = /usr/local/share/xschem
Sourcing /usr/local/share/xschem/xschemrc init file
Sourcing /home/alienfalcon/.ciel/sky130B/libs.tech/xschem/xschemrc init file
open_pdks installation: using /home/alienfalcon/.ciel
SKYWATER_MODELS: /home/alienfalcon/.ciel/sky130B/libs.tech/combined
SKYWATER_STDCELLS: /home/alienfalcon/.ciel/sky130B/libs.ref/sky130_fd_sc_hd/spice
l_s_d(): Symbol not found: BiasDividerCell.sym
l_s_d(): Symbol not found: BiasMultiplierCell.sym
-----------/home/alienfalcon/Projects/skywater/open_dvs_py312/open_dvs/git_dvs/nic2025_openDVS/analog/runs/RUN_2026-05-06_19-05-58/parameters/op_sweep_code/run_10/tb_BiasBranchnMasterx1_op.sch
-----------/home/alienfalcon/Projects/skywater/open_dvs_py312/open_dvs/git_dvs/nic2025_openDVS/analog/cace/templates/../../xschem/BiasBranchnMasterx1.sch
-----------/home/alienfalcon/Projects/skywater/open_dvs_py312/open_dvs/git_dvs/nic2025_openDVS/analog/cace/templates/../../xschem/BiasBranch.sch
-----------/home/alienfalcon/Projects/skywater/open_dvs_py312/open_dvs/git_dvs/nic2025_openDVS/analog/cace/templates/../../xschem/BiasMasternCoarse.sch
-----------/home/alienfalcon/Projects/skywater/open_dvs_py312/open_dvs/git_dvs/nic2025_openDVS/analog/cace/templates/../../xschem/BiasBranchBuffer.sch
-----------/home/alienfalcon/Projects/skywater/open_dvs_py312/open_dvs/git_dvs/nic2025_openDVS/analog/cace/templates/../../xschem/BiasCoarseFineInterface.sch
-----------/home/alienfalcon/Projects/skywater/open_dvs_py312/open_dvs/git_dvs/nic2025_openDVS/analog/cace/templates/../../xschem/BiasDividerFine.sch
-----------/home/alienfalcon/Projects/skywater/open_dvs_py312/open_dvs/git_dvs/nic2025_openDVS/analog/cace/templates/../../xschem/BiasBuffers.sch
-----------/home/alienfalcon/Projects/skywater/open_dvs_py312/open_dvs/git_dvs/nic2025_openDVS/analog/cace/templates/../../xschem/BiasCoarseSel8to1.sch
-----------/home/alienfalcon/Projects/skywater/open_dvs_py312/open_dvs/git_dvs/nic2025_openDVS/analog/cace/templates/../../xschem/BiasMasterBias.sch
-----------/home/alienfalcon/Projects/skywater/open_dvs_py312/open_dvs/git_dvs/nic2025_openDVS/analog/cace/templates/../../xschem/BiasCoarseMBDivider.sch
-----------/home/alienfalcon/Projects/skywater/open_dvs_py312/open_dvs/git_dvs/nic2025_openDVS/analog/cace/templates/../../xschem/BiasDividerFineCell.sch
-----------/home/alienfalcon/Projects/skywater/open_dvs_py312/open_dvs/git_dvs/nic2025_openDVS/analog/cace/templates/../../xschem/BiasDivider.sch
Error: undriven node: VOut0
Error: undriven node: VOut1
Error: undriven node: VOut2
Error: undriven node: VOut3
Error: undriven node: VOut4
Warning: open net: GndA
Warning: open net: IOut0
Warning: open net: IOut1
Warning: open net: IOut2
Warning: open net: IOut3
Warning: open net: IOut4
Warning: open net: IOut5
-----------/home/alienfalcon/Projects/skywater/open_dvs_py312/open_dvs/git_dvs/nic2025_openDVS/analog/cace/templates/../../xschem/BiasMultiplier.sch
Error: undriven node: VOut0
Warning: open net: VddA18
Warning: open net: IOut0
Warning: open net: IOut1
-----------/home/alienfalcon/Projects/skywater/open_dvs_py312/open_dvs/git_dvs/nic2025_openDVS/analog/runs/RUN_2026-05-06_19-05-58/parameters/op_sweep_code/run_10/tb_BiasBranchnMasterx1_op.sch
Subprocess exited with error code 10
Error output generated by subprocess:
Using run time directory XSCHEM_SHAREDIR = /usr/local/share/xschem
Sourcing /usr/local/share/xschem/xschemrc init file
Sourcing /home/alienfalcon/.ciel/sky130B/libs.tech/xschem/xschemrc init file
open_pdks installation: using /home/alienfalcon/.ciel
SKYWATER_MODELS: /home/alienfalcon/.ciel/sky130B/libs.tech/combined
SKYWATER_STDCELLS: /home/alienfalcon/.ciel/sky130B/libs.ref/sky130_fd_sc_hd/spice
l_s_d(): Symbol not found: BiasDividerCell.sym
l_s_d(): Symbol not found: BiasMultiplierCell.sym
-----------/home/alienfalcon/Projects/skywater/open_dvs_py312/open_dvs/git_dvs/nic2025_openDVS/analog/runs/RUN_2026-05-06_19-05-58/parameters/op_sweep_code/run_11/tb_BiasBranchnMasterx1_op.sch
-----------/home/alienfalcon/Projects/skywater/open_dvs_py312/open_dvs/git_dvs/nic2025_openDVS/analog/cace/templates/../../xschem/BiasBranchnMasterx1.sch
-----------/home/alienfalcon/Projects/skywater/open_dvs_py312/open_dvs/git_dvs/nic2025_openDVS/analog/cace/templates/../../xschem/BiasBranch.sch
-----------/home/alienfalcon/Projects/skywater/open_dvs_py312/open_dvs/git_dvs/nic2025_openDVS/analog/cace/templates/../../xschem/BiasMasternCoarse.sch
-----------/home/alienfalcon/Projects/skywater/open_dvs_py312/open_dvs/git_dvs/nic2025_openDVS/analog/cace/templates/../../xschem/BiasBranchBuffer.sch
-----------/home/alienfalcon/Projects/skywater/open_dvs_py312/open_dvs/git_dvs/nic2025_openDVS/analog/cace/templates/../../xschem/BiasCoarseFineInterface.sch
-----------/home/alienfalcon/Projects/skywater/open_dvs_py312/open_dvs/git_dvs/nic2025_openDVS/analog/cace/templates/../../xschem/BiasDividerFine.sch
-----------/home/alienfalcon/Projects/skywater/open_dvs_py312/open_dvs/git_dvs/nic2025_openDVS/analog/cace/templates/../../xschem/BiasBuffers.sch
-----------/home/alienfalcon/Projects/skywater/open_dvs_py312/open_dvs/git_dvs/nic2025_openDVS/analog/cace/templates/../../xschem/BiasCoarseSel8to1.sch
-----------/home/alienfalcon/Projects/skywater/open_dvs_py312/open_dvs/git_dvs/nic2025_openDVS/analog/cace/templates/../../xschem/BiasMasterBias.sch
-----------/home/alienfalcon/Projects/skywater/open_dvs_py312/open_dvs/git_dvs/nic2025_openDVS/analog/cace/templates/../../xschem/BiasCoarseMBDivider.sch
-----------/home/alienfalcon/Projects/skywater/open_dvs_py312/open_dvs/git_dvs/nic2025_openDVS/analog/cace/templates/../../xschem/BiasDividerFineCell.sch
-----------/home/alienfalcon/Projects/skywater/open_dvs_py312/open_dvs/git_dvs/nic2025_openDVS/analog/cace/templates/../../xschem/BiasDivider.sch
Error: undriven node: VOut0
Error: undriven node: VOut1
Error: undriven node: VOut2
Error: undriven node: VOut3
Error: undriven node: VOut4
Warning: open net: GndA
Warning: open net: IOut0
Warning: open net: IOut1
Warning: open net: IOut2
Warning: open net: IOut3
Warning: open net: IOut4
Warning: open net: IOut5
-----------/home/alienfalcon/Projects/skywater/open_dvs_py312/open_dvs/git_dvs/nic2025_openDVS/analog/cace/templates/../../xschem/BiasMultiplier.sch
Error: undriven node: VOut0
Warning: open net: VddA18
Warning: open net: IOut0
Warning: open net: IOut1
-----------/home/alienfalcon/Projects/skywater/open_dvs_py312/open_dvs/git_dvs/nic2025_openDVS/analog/runs/RUN_2026-05-06_19-05-58/parameters/op_sweep_code/run_11/tb_BiasBranchnMasterx1_op.sch
Subprocess exited with error code 10
Error output generated by subprocess:
Using run time directory XSCHEM_SHAREDIR = /usr/local/share/xschem
Sourcing /usr/local/share/xschem/xschemrc init file
Sourcing /home/alienfalcon/.ciel/sky130B/libs.tech/xschem/xschemrc init file
open_pdks installation: using /home/alienfalcon/.ciel
SKYWATER_MODELS: /home/alienfalcon/.ciel/sky130B/libs.tech/combined
SKYWATER_STDCELLS: /home/alienfalcon/.ciel/sky130B/libs.ref/sky130_fd_sc_hd/spice
l_s_d(): Symbol not found: BiasDividerCell.sym
l_s_d(): Symbol not found: BiasMultiplierCell.sym
-----------/home/alienfalcon/Projects/skywater/open_dvs_py312/open_dvs/git_dvs/nic2025_openDVS/analog/runs/RUN_2026-05-06_19-05-58/parameters/op_sweep_code/run_12/tb_BiasBranchnMasterx1_op.sch
-----------/home/alienfalcon/Projects/skywater/open_dvs_py312/open_dvs/git_dvs/nic2025_openDVS/analog/cace/templates/../../xschem/BiasBranchnMasterx1.sch
-----------/home/alienfalcon/Projects/skywater/open_dvs_py312/open_dvs/git_dvs/nic2025_openDVS/analog/cace/templates/../../xschem/BiasBranch.sch
-----------/home/alienfalcon/Projects/skywater/open_dvs_py312/open_dvs/git_dvs/nic2025_openDVS/analog/cace/templates/../../xschem/BiasMasternCoarse.sch
-----------/home/alienfalcon/Projects/skywater/open_dvs_py312/open_dvs/git_dvs/nic2025_openDVS/analog/cace/templates/../../xschem/BiasBranchBuffer.sch
-----------/home/alienfalcon/Projects/skywater/open_dvs_py312/open_dvs/git_dvs/nic2025_openDVS/analog/cace/templates/../../xschem/BiasCoarseFineInterface.sch
-----------/home/alienfalcon/Projects/skywater/open_dvs_py312/open_dvs/git_dvs/nic2025_openDVS/analog/cace/templates/../../xschem/BiasDividerFine.sch
-----------/home/alienfalcon/Projects/skywater/open_dvs_py312/open_dvs/git_dvs/nic2025_openDVS/analog/cace/templates/../../xschem/BiasBuffers.sch
-----------/home/alienfalcon/Projects/skywater/open_dvs_py312/open_dvs/git_dvs/nic2025_openDVS/analog/cace/templates/../../xschem/BiasCoarseSel8to1.sch
-----------/home/alienfalcon/Projects/skywater/open_dvs_py312/open_dvs/git_dvs/nic2025_openDVS/analog/cace/templates/../../xschem/BiasMasterBias.sch
-----------/home/alienfalcon/Projects/skywater/open_dvs_py312/open_dvs/git_dvs/nic2025_openDVS/analog/cace/templates/../../xschem/BiasCoarseMBDivider.sch
-----------/home/alienfalcon/Projects/skywater/open_dvs_py312/open_dvs/git_dvs/nic2025_openDVS/analog/cace/templates/../../xschem/BiasDividerFineCell.sch
-----------/home/alienfalcon/Projects/skywater/open_dvs_py312/open_dvs/git_dvs/nic2025_openDVS/analog/cace/templates/../../xschem/BiasDivider.sch
Error: undriven node: VOut0
Error: undriven node: VOut1
Error: undriven node: VOut2
Error: undriven node: VOut3
Error: undriven node: VOut4
Warning: open net: GndA
Warning: open net: IOut0
Warning: open net: IOut1
Warning: open net: IOut2
Warning: open net: IOut3
Warning: open net: IOut4
Warning: open net: IOut5
-----------/home/alienfalcon/Projects/skywater/open_dvs_py312/open_dvs/git_dvs/nic2025_openDVS/analog/cace/templates/../../xschem/BiasMultiplier.sch
Error: undriven node: VOut0
Warning: open net: VddA18
Warning: open net: IOut0
Warning: open net: IOut1
-----------/home/alienfalcon/Projects/skywater/open_dvs_py312/open_dvs/git_dvs/nic2025_openDVS/analog/runs/RUN_2026-05-06_19-05-58/parameters/op_sweep_code/run_12/tb_BiasBranchnMasterx1_op.sch
Subprocess exited with error code 10
Error output generated by subprocess:
Using run time directory XSCHEM_SHAREDIR = /usr/local/share/xschem
Sourcing /usr/local/share/xschem/xschemrc init file
Sourcing /home/alienfalcon/.ciel/sky130B/libs.tech/xschem/xschemrc init file
open_pdks installation: using /home/alienfalcon/.ciel
SKYWATER_MODELS: /home/alienfalcon/.ciel/sky130B/libs.tech/combined
SKYWATER_STDCELLS: /home/alienfalcon/.ciel/sky130B/libs.ref/sky130_fd_sc_hd/spice
l_s_d(): Symbol not found: BiasDividerCell.sym
l_s_d(): Symbol not found: BiasMultiplierCell.sym
-----------/home/alienfalcon/Projects/skywater/open_dvs_py312/open_dvs/git_dvs/nic2025_openDVS/analog/runs/RUN_2026-05-06_19-05-58/parameters/op_sweep_code/run_13/tb_BiasBranchnMasterx1_op.sch
-----------/home/alienfalcon/Projects/skywater/open_dvs_py312/open_dvs/git_dvs/nic2025_openDVS/analog/cace/templates/../../xschem/BiasBranchnMasterx1.sch
-----------/home/alienfalcon/Projects/skywater/open_dvs_py312/open_dvs/git_dvs/nic2025_openDVS/analog/cace/templates/../../xschem/BiasBranch.sch
-----------/home/alienfalcon/Projects/skywater/open_dvs_py312/open_dvs/git_dvs/nic2025_openDVS/analog/cace/templates/../../xschem/BiasMasternCoarse.sch
-----------/home/alienfalcon/Projects/skywater/open_dvs_py312/open_dvs/git_dvs/nic2025_openDVS/analog/cace/templates/../../xschem/BiasBranchBuffer.sch
-----------/home/alienfalcon/Projects/skywater/open_dvs_py312/open_dvs/git_dvs/nic2025_openDVS/analog/cace/templates/../../xschem/BiasCoarseFineInterface.sch
-----------/home/alienfalcon/Projects/skywater/open_dvs_py312/open_dvs/git_dvs/nic2025_openDVS/analog/cace/templates/../../xschem/BiasDividerFine.sch
-----------/home/alienfalcon/Projects/skywater/open_dvs_py312/open_dvs/git_dvs/nic2025_openDVS/analog/cace/templates/../../xschem/BiasBuffers.sch
-----------/home/alienfalcon/Projects/skywater/open_dvs_py312/open_dvs/git_dvs/nic2025_openDVS/analog/cace/templates/../../xschem/BiasCoarseSel8to1.sch
-----------/home/alienfalcon/Projects/skywater/open_dvs_py312/open_dvs/git_dvs/nic2025_openDVS/analog/cace/templates/../../xschem/BiasMasterBias.sch
-----------/home/alienfalcon/Projects/skywater/open_dvs_py312/open_dvs/git_dvs/nic2025_openDVS/analog/cace/templates/../../xschem/BiasCoarseMBDivider.sch
-----------/home/alienfalcon/Projects/skywater/open_dvs_py312/open_dvs/git_dvs/nic2025_openDVS/analog/cace/templates/../../xschem/BiasDividerFineCell.sch
-----------/home/alienfalcon/Projects/skywater/open_dvs_py312/open_dvs/git_dvs/nic2025_openDVS/analog/cace/templates/../../xschem/BiasDivider.sch
Error: undriven node: VOut0
Error: undriven node: VOut1
Error: undriven node: VOut2
Error: undriven node: VOut3
Error: undriven node: VOut4
Warning: open net: GndA
Warning: open net: IOut0
Warning: open net: IOut1
Warning: open net: IOut2
Warning: open net: IOut3
Warning: open net: IOut4
Warning: open net: IOut5
-----------/home/alienfalcon/Projects/skywater/open_dvs_py312/open_dvs/git_dvs/nic2025_openDVS/analog/cace/templates/../../xschem/BiasMultiplier.sch
Error: undriven node: VOut0
Warning: open net: VddA18
Warning: open net: IOut0
Warning: open net: IOut1
-----------/home/alienfalcon/Projects/skywater/open_dvs_py312/open_dvs/git_dvs/nic2025_openDVS/analog/runs/RUN_2026-05-06_19-05-58/parameters/op_sweep_code/run_13/tb_BiasBranchnMasterx1_op.sch
Subprocess exited with error code 10
Error output generated by subprocess:
Using run time directory XSCHEM_SHAREDIR = /usr/local/share/xschem
Sourcing /usr/local/share/xschem/xschemrc init file
Sourcing /home/alienfalcon/.ciel/sky130B/libs.tech/xschem/xschemrc init file
open_pdks installation: using /home/alienfalcon/.ciel
SKYWATER_MODELS: /home/alienfalcon/.ciel/sky130B/libs.tech/combined
SKYWATER_STDCELLS: /home/alienfalcon/.ciel/sky130B/libs.ref/sky130_fd_sc_hd/spice
l_s_d(): Symbol not found: BiasDividerCell.sym
l_s_d(): Symbol not found: BiasMultiplierCell.sym
-----------/home/alienfalcon/Projects/skywater/open_dvs_py312/open_dvs/git_dvs/nic2025_openDVS/analog/runs/RUN_2026-05-06_19-05-58/parameters/op_sweep_code/run_14/tb_BiasBranchnMasterx1_op.sch
-----------/home/alienfalcon/Projects/skywater/open_dvs_py312/open_dvs/git_dvs/nic2025_openDVS/analog/cace/templates/../../xschem/BiasBranchnMasterx1.sch
-----------/home/alienfalcon/Projects/skywater/open_dvs_py312/open_dvs/git_dvs/nic2025_openDVS/analog/cace/templates/../../xschem/BiasBranch.sch
-----------/home/alienfalcon/Projects/skywater/open_dvs_py312/open_dvs/git_dvs/nic2025_openDVS/analog/cace/templates/../../xschem/BiasMasternCoarse.sch
-----------/home/alienfalcon/Projects/skywater/open_dvs_py312/open_dvs/git_dvs/nic2025_openDVS/analog/cace/templates/../../xschem/BiasBranchBuffer.sch
-----------/home/alienfalcon/Projects/skywater/open_dvs_py312/open_dvs/git_dvs/nic2025_openDVS/analog/cace/templates/../../xschem/BiasCoarseFineInterface.sch
-----------/home/alienfalcon/Projects/skywater/open_dvs_py312/open_dvs/git_dvs/nic2025_openDVS/analog/cace/templates/../../xschem/BiasDividerFine.sch
-----------/home/alienfalcon/Projects/skywater/open_dvs_py312/open_dvs/git_dvs/nic2025_openDVS/analog/cace/templates/../../xschem/BiasBuffers.sch
-----------/home/alienfalcon/Projects/skywater/open_dvs_py312/open_dvs/git_dvs/nic2025_openDVS/analog/cace/templates/../../xschem/BiasCoarseSel8to1.sch
-----------/home/alienfalcon/Projects/skywater/open_dvs_py312/open_dvs/git_dvs/nic2025_openDVS/analog/cace/templates/../../xschem/BiasMasterBias.sch
-----------/home/alienfalcon/Projects/skywater/open_dvs_py312/open_dvs/git_dvs/nic2025_openDVS/analog/cace/templates/../../xschem/BiasCoarseMBDivider.sch
-----------/home/alienfalcon/Projects/skywater/open_dvs_py312/open_dvs/git_dvs/nic2025_openDVS/analog/cace/templates/../../xschem/BiasDividerFineCell.sch
-----------/home/alienfalcon/Projects/skywater/open_dvs_py312/open_dvs/git_dvs/nic2025_openDVS/analog/cace/templates/../../xschem/BiasDivider.sch
Error: undriven node: VOut0
Error: undriven node: VOut1
Error: undriven node: VOut2
Error: undriven node: VOut3
Error: undriven node: VOut4
Warning: open net: GndA
Warning: open net: IOut0
Warning: open net: IOut1
Warning: open net: IOut2
Warning: open net: IOut3
Warning: open net: IOut4
Warning: open net: IOut5
-----------/home/alienfalcon/Projects/skywater/open_dvs_py312/open_dvs/git_dvs/nic2025_openDVS/analog/cace/templates/../../xschem/BiasMultiplier.sch
Error: undriven node: VOut0
Warning: open net: VddA18
Warning: open net: IOut0
Warning: open net: IOut1
-----------/home/alienfalcon/Projects/skywater/open_dvs_py312/open_dvs/git_dvs/nic2025_openDVS/analog/runs/RUN_2026-05-06_19-05-58/parameters/op_sweep_code/run_14/tb_BiasBranchnMasterx1_op.sch
Subprocess exited with error code 10
Error output generated by subprocess:
Using run time directory XSCHEM_SHAREDIR = /usr/local/share/xschem
Sourcing /usr/local/share/xschem/xschemrc init file
Sourcing /home/alienfalcon/.ciel/sky130B/libs.tech/xschem/xschemrc init file
open_pdks installation: using /home/alienfalcon/.ciel
SKYWATER_MODELS: /home/alienfalcon/.ciel/sky130B/libs.tech/combined
SKYWATER_STDCELLS: /home/alienfalcon/.ciel/sky130B/libs.ref/sky130_fd_sc_hd/spice
l_s_d(): Symbol not found: BiasDividerCell.sym
l_s_d(): Symbol not found: BiasMultiplierCell.sym
-----------/home/alienfalcon/Projects/skywater/open_dvs_py312/open_dvs/git_dvs/nic2025_openDVS/analog/runs/RUN_2026-05-06_19-05-58/parameters/op_sweep_code/run_15/tb_BiasBranchnMasterx1_op.sch
-----------/home/alienfalcon/Projects/skywater/open_dvs_py312/open_dvs/git_dvs/nic2025_openDVS/analog/cace/templates/../../xschem/BiasBranchnMasterx1.sch
-----------/home/alienfalcon/Projects/skywater/open_dvs_py312/open_dvs/git_dvs/nic2025_openDVS/analog/cace/templates/../../xschem/BiasBranch.sch
-----------/home/alienfalcon/Projects/skywater/open_dvs_py312/open_dvs/git_dvs/nic2025_openDVS/analog/cace/templates/../../xschem/BiasMasternCoarse.sch
-----------/home/alienfalcon/Projects/skywater/open_dvs_py312/open_dvs/git_dvs/nic2025_openDVS/analog/cace/templates/../../xschem/BiasBranchBuffer.sch
-----------/home/alienfalcon/Projects/skywater/open_dvs_py312/open_dvs/git_dvs/nic2025_openDVS/analog/cace/templates/../../xschem/BiasCoarseFineInterface.sch
-----------/home/alienfalcon/Projects/skywater/open_dvs_py312/open_dvs/git_dvs/nic2025_openDVS/analog/cace/templates/../../xschem/BiasDividerFine.sch
-----------/home/alienfalcon/Projects/skywater/open_dvs_py312/open_dvs/git_dvs/nic2025_openDVS/analog/cace/templates/../../xschem/BiasBuffers.sch
-----------/home/alienfalcon/Projects/skywater/open_dvs_py312/open_dvs/git_dvs/nic2025_openDVS/analog/cace/templates/../../xschem/BiasCoarseSel8to1.sch
-----------/home/alienfalcon/Projects/skywater/open_dvs_py312/open_dvs/git_dvs/nic2025_openDVS/analog/cace/templates/../../xschem/BiasMasterBias.sch
-----------/home/alienfalcon/Projects/skywater/open_dvs_py312/open_dvs/git_dvs/nic2025_openDVS/analog/cace/templates/../../xschem/BiasCoarseMBDivider.sch
-----------/home/alienfalcon/Projects/skywater/open_dvs_py312/open_dvs/git_dvs/nic2025_openDVS/analog/cace/templates/../../xschem/BiasDividerFineCell.sch
-----------/home/alienfalcon/Projects/skywater/open_dvs_py312/open_dvs/git_dvs/nic2025_openDVS/analog/cace/templates/../../xschem/BiasDivider.sch
Error: undriven node: VOut0
Error: undriven node: VOut1
Error: undriven node: VOut2
Error: undriven node: VOut3
Error: undriven node: VOut4
Warning: open net: GndA
Warning: open net: IOut0
Warning: open net: IOut1
Warning: open net: IOut2
Warning: open net: IOut3
Warning: open net: IOut4
Warning: open net: IOut5
-----------/home/alienfalcon/Projects/skywater/open_dvs_py312/open_dvs/git_dvs/nic2025_openDVS/analog/cace/templates/../../xschem/BiasMultiplier.sch
Error: undriven node: VOut0
Warning: open net: VddA18
Warning: open net: IOut0
Warning: open net: IOut1
-----------/home/alienfalcon/Projects/skywater/open_dvs_py312/open_dvs/git_dvs/nic2025_openDVS/analog/runs/RUN_2026-05-06_19-05-58/parameters/op_sweep_code/run_15/tb_BiasBranchnMasterx1_op.sch
Parameter op_sweep_code: Running simulations…
Subprocess exited with error code 1
Error output generated by subprocess:
Warning: redefinition of .subckt biasbranchnmasterx1, ignored
Error in netlist line no. 1698, new internal line no. 17:

Undefined parameter [xbiasenable]
Error in netlist line no. 1698, new internal line no. 17:

 Expression err: xbiasenable*xvdd}
Error in netlist line no. 1698, new internal line no. 17:

Cannot compute substitute

ERROR: fatal error in ngspice, exit(1)
Subprocess exited with error code 1
Error output generated by subprocess:
Warning: redefinition of .subckt biasbranchnmasterx1, ignored
Error in netlist line no. 1698, new internal line no. 17:

Undefined parameter [xbiasenable]
Error in netlist line no. 1698, new internal line no. 17:

 Expression err: xbiasenable*xvdd}
Error in netlist line no. 1698, new internal line no. 17:

Cannot compute substitute

ERROR: fatal error in ngspice, exit(1)
Parameter op_sweep_code: Canceled.
Subprocess exited with error code -2
Subprocess exited with error code -2
Done with CACE simulations and evaluations in 0:00:46.
