Running parameters: op_sweep_code
Generating simulation netlist from schematic…
l_s_d(): Symbol not found: ../../xschem/BiasDivider.sym
l_s_d(): Symbol not found: ../../xschem/BiasMultiplier.sym
Error in netlist generation:
Subcircuit BiasDivider was not found!
Error in netlist generation:
Subcircuit BiasMultiplier was not found!
Parameter op_sweep_code: Generating simulation files…
Subprocess exited with error code 10
Error output generated by subprocess:
Using run time directory XSCHEM_SHAREDIR = /usr/local/share/xschem
Sourcing /usr/local/share/xschem/xschemrc init file
Sourcing /home/alienfalcon/.ciel/sky130B/libs.tech/xschem/xschemrc init file
open_pdks installation: using /home/alienfalcon/.ciel
SKYWATER_MODELS: /home/alienfalcon/.ciel/sky130B/libs.tech/combined
SKYWATER_STDCELLS: /home/alienfalcon/.ciel/sky130B/libs.ref/sky130_fd_sc_hd/spice
l_s_d(): Symbol not found: ../xschem/BiasBranchnMasterx1.sym
l_s_d(): Symbol not found: ../xschem/BiasBranchnMasterx1.sym
l_s_d(): Symbol not found: ../xschem/BiasBranchnMasterx1.sym
-----------/home/alienfalcon/Projects/skywater/open_dvs_py312/open_dvs/git_dvs/nic2025_openDVS/analog/runs/RUN_2026-05-06_19-33-46/parameters/op_sweep_code/run_00/tb_BiasBranchnMasterx1_op.sch
Warning: open net: nFineBit0
Warning: open net: nFineBit1
Warning: open net: nFineBit2
Warning: open net: nFineBit3
Warning: open net: nFineBit4
Warning: open net: nFineBit5
Warning: open net: nFineBit6
Warning: open net: nFineBit7
Warning: open net: CoarseOneHotLowBiasEn
Warning: open net: nBFineBit0
Warning: open net: nBFineBit1
Warning: open net: nBFineBit2
Warning: open net: nBFineBit3
Warning: open net: nBFineBit4
Warning: open net: nBFineBit5
Warning: open net: nBFineBit6
Warning: open net: nBFineBit7
Warning: open net: nLowBiasInterfaceEn
Warning: open net: PowerDown
Warning: open net: CoarseOneHotLowBiasEnBuffer
Warning: open net: BiasCB[0]
Warning: open net: BiasCB[1]
Warning: open net: BiasCB[2]
Warning: open net: BiasCB[3]
Warning: open net: BiasCB[4]
Warning: open net: BiasCB[5]
Warning: open net: BiasCB[6]
Warning: open net: BiasCB[7]
Warning: open net: BCoarse0
Warning: open net: BCoarse1
Warning: open net: BCoarse2
Warning: open net: BCoarse3
Warning: open net: BCoarse4
Warning: open net: BCoarse5
Warning: open net: BCoarse6
Warning: open net: BCoarse7
Error: undriven node: vout
Warning: open net: IR
Warning: open net: VMasterBiasN
Warning: open net: VMasterBiasP
Warning: open net: BiasDisable
Warning: open net: nLowBiasBufEn
Warning: open net: Coarse0
Warning: open net: Coarse1
Warning: open net: Coarse2
Warning: open net: Coarse3
Warning: open net: Coarse4
Warning: open net: Coarse5
Warning: open net: Coarse6
Warning: open net: Coarse7
Warning: open net: PBiasEn
Warning: open net: nLowBiasInterfaceEnBuffer
Warning: open net: BufferN
Warning: open net: BufferP
-----------/home/alienfalcon/Projects/skywater/open_dvs_py312/open_dvs/git_dvs/nic2025_openDVS/analog/runs/RUN_2026-05-06_19-33-46/parameters/op_sweep_code/run_00/tb_BiasBranchnMasterx1_op.sch
Subprocess exited with error code 10
Error output generated by subprocess:
Using run time directory XSCHEM_SHAREDIR = /usr/local/share/xschem
Sourcing /usr/local/share/xschem/xschemrc init file
Sourcing /home/alienfalcon/.ciel/sky130B/libs.tech/xschem/xschemrc init file
open_pdks installation: using /home/alienfalcon/.ciel
SKYWATER_MODELS: /home/alienfalcon/.ciel/sky130B/libs.tech/combined
SKYWATER_STDCELLS: /home/alienfalcon/.ciel/sky130B/libs.ref/sky130_fd_sc_hd/spice
l_s_d(): Symbol not found: ../xschem/BiasBranchnMasterx1.sym
l_s_d(): Symbol not found: ../xschem/BiasBranchnMasterx1.sym
l_s_d(): Symbol not found: ../xschem/BiasBranchnMasterx1.sym
-----------/home/alienfalcon/Projects/skywater/open_dvs_py312/open_dvs/git_dvs/nic2025_openDVS/analog/runs/RUN_2026-05-06_19-33-46/parameters/op_sweep_code/run_01/tb_BiasBranchnMasterx1_op.sch
Warning: open net: nFineBit0
Warning: open net: nFineBit1
Warning: open net: nFineBit2
Warning: open net: nFineBit3
Warning: open net: nFineBit4
Warning: open net: nFineBit5
Warning: open net: nFineBit6
Warning: open net: nFineBit7
Warning: open net: CoarseOneHotLowBiasEn
Warning: open net: nBFineBit0
Warning: open net: nBFineBit1
Warning: open net: nBFineBit2
Warning: open net: nBFineBit3
Warning: open net: nBFineBit4
Warning: open net: nBFineBit5
Warning: open net: nBFineBit6
Warning: open net: nBFineBit7
Warning: open net: nLowBiasInterfaceEn
Warning: open net: PowerDown
Warning: open net: CoarseOneHotLowBiasEnBuffer
Warning: open net: BiasCB[0]
Warning: open net: BiasCB[1]
Warning: open net: BiasCB[2]
Warning: open net: BiasCB[3]
Warning: open net: BiasCB[4]
Warning: open net: BiasCB[5]
Warning: open net: BiasCB[6]
Warning: open net: BiasCB[7]
Warning: open net: BCoarse0
Warning: open net: BCoarse1
Warning: open net: BCoarse2
Warning: open net: BCoarse3
Warning: open net: BCoarse4
Warning: open net: BCoarse5
Warning: open net: BCoarse6
Warning: open net: BCoarse7
Error: undriven node: vout
Warning: open net: IR
Warning: open net: VMasterBiasN
Warning: open net: VMasterBiasP
Warning: open net: BiasDisable
Warning: open net: nLowBiasBufEn
Warning: open net: Coarse0
Warning: open net: Coarse1
Warning: open net: Coarse2
Warning: open net: Coarse3
Warning: open net: Coarse4
Warning: open net: Coarse5
Warning: open net: Coarse6
Warning: open net: Coarse7
Warning: open net: PBiasEn
Warning: open net: nLowBiasInterfaceEnBuffer
Warning: open net: BufferN
Warning: open net: BufferP
-----------/home/alienfalcon/Projects/skywater/open_dvs_py312/open_dvs/git_dvs/nic2025_openDVS/analog/runs/RUN_2026-05-06_19-33-46/parameters/op_sweep_code/run_01/tb_BiasBranchnMasterx1_op.sch
Subprocess exited with error code 10
Error output generated by subprocess:
Using run time directory XSCHEM_SHAREDIR = /usr/local/share/xschem
Sourcing /usr/local/share/xschem/xschemrc init file
Sourcing /home/alienfalcon/.ciel/sky130B/libs.tech/xschem/xschemrc init file
open_pdks installation: using /home/alienfalcon/.ciel
SKYWATER_MODELS: /home/alienfalcon/.ciel/sky130B/libs.tech/combined
SKYWATER_STDCELLS: /home/alienfalcon/.ciel/sky130B/libs.ref/sky130_fd_sc_hd/spice
l_s_d(): Symbol not found: ../xschem/BiasBranchnMasterx1.sym
l_s_d(): Symbol not found: ../xschem/BiasBranchnMasterx1.sym
l_s_d(): Symbol not found: ../xschem/BiasBranchnMasterx1.sym
-----------/home/alienfalcon/Projects/skywater/open_dvs_py312/open_dvs/git_dvs/nic2025_openDVS/analog/runs/RUN_2026-05-06_19-33-46/parameters/op_sweep_code/run_02/tb_BiasBranchnMasterx1_op.sch
Warning: open net: nFineBit0
Warning: open net: nFineBit1
Warning: open net: nFineBit2
Warning: open net: nFineBit3
Warning: open net: nFineBit4
Warning: open net: nFineBit5
Warning: open net: nFineBit6
Warning: open net: nFineBit7
Warning: open net: CoarseOneHotLowBiasEn
Warning: open net: nBFineBit0
Warning: open net: nBFineBit1
Warning: open net: nBFineBit2
Warning: open net: nBFineBit3
Warning: open net: nBFineBit4
Warning: open net: nBFineBit5
Warning: open net: nBFineBit6
Warning: open net: nBFineBit7
Warning: open net: nLowBiasInterfaceEn
Warning: open net: PowerDown
Warning: open net: CoarseOneHotLowBiasEnBuffer
Warning: open net: BiasCB[0]
Warning: open net: BiasCB[1]
Warning: open net: BiasCB[2]
Warning: open net: BiasCB[3]
Warning: open net: BiasCB[4]
Warning: open net: BiasCB[5]
Warning: open net: BiasCB[6]
Warning: open net: BiasCB[7]
Warning: open net: BCoarse0
Warning: open net: BCoarse1
Warning: open net: BCoarse2
Warning: open net: BCoarse3
Warning: open net: BCoarse4
Warning: open net: BCoarse5
Warning: open net: BCoarse6
Warning: open net: BCoarse7
Error: undriven node: vout
Warning: open net: IR
Warning: open net: VMasterBiasN
Warning: open net: VMasterBiasP
Warning: open net: BiasDisable
Warning: open net: nLowBiasBufEn
Warning: open net: Coarse0
Warning: open net: Coarse1
Warning: open net: Coarse2
Warning: open net: Coarse3
Warning: open net: Coarse4
Warning: open net: Coarse5
Warning: open net: Coarse6
Warning: open net: Coarse7
Warning: open net: PBiasEn
Warning: open net: nLowBiasInterfaceEnBuffer
Warning: open net: BufferN
Warning: open net: BufferP
-----------/home/alienfalcon/Projects/skywater/open_dvs_py312/open_dvs/git_dvs/nic2025_openDVS/analog/runs/RUN_2026-05-06_19-33-46/parameters/op_sweep_code/run_02/tb_BiasBranchnMasterx1_op.sch
Subprocess exited with error code 10
Error output generated by subprocess:
Using run time directory XSCHEM_SHAREDIR = /usr/local/share/xschem
Sourcing /usr/local/share/xschem/xschemrc init file
Sourcing /home/alienfalcon/.ciel/sky130B/libs.tech/xschem/xschemrc init file
open_pdks installation: using /home/alienfalcon/.ciel
SKYWATER_MODELS: /home/alienfalcon/.ciel/sky130B/libs.tech/combined
SKYWATER_STDCELLS: /home/alienfalcon/.ciel/sky130B/libs.ref/sky130_fd_sc_hd/spice
l_s_d(): Symbol not found: ../xschem/BiasBranchnMasterx1.sym
l_s_d(): Symbol not found: ../xschem/BiasBranchnMasterx1.sym
l_s_d(): Symbol not found: ../xschem/BiasBranchnMasterx1.sym
-----------/home/alienfalcon/Projects/skywater/open_dvs_py312/open_dvs/git_dvs/nic2025_openDVS/analog/runs/RUN_2026-05-06_19-33-46/parameters/op_sweep_code/run_03/tb_BiasBranchnMasterx1_op.sch
Warning: open net: nFineBit0
Warning: open net: nFineBit1
Warning: open net: nFineBit2
Warning: open net: nFineBit3
Warning: open net: nFineBit4
Warning: open net: nFineBit5
Warning: open net: nFineBit6
Warning: open net: nFineBit7
Warning: open net: CoarseOneHotLowBiasEn
Warning: open net: nBFineBit0
Warning: open net: nBFineBit1
Warning: open net: nBFineBit2
Warning: open net: nBFineBit3
Warning: open net: nBFineBit4
Warning: open net: nBFineBit5
Warning: open net: nBFineBit6
Warning: open net: nBFineBit7
Warning: open net: nLowBiasInterfaceEn
Warning: open net: PowerDown
Warning: open net: CoarseOneHotLowBiasEnBuffer
Warning: open net: BiasCB[0]
Warning: open net: BiasCB[1]
Warning: open net: BiasCB[2]
Warning: open net: BiasCB[3]
Warning: open net: BiasCB[4]
Warning: open net: BiasCB[5]
Warning: open net: BiasCB[6]
Warning: open net: BiasCB[7]
Warning: open net: BCoarse0
Warning: open net: BCoarse1
Warning: open net: BCoarse2
Warning: open net: BCoarse3
Warning: open net: BCoarse4
Warning: open net: BCoarse5
Warning: open net: BCoarse6
Warning: open net: BCoarse7
Error: undriven node: vout
Warning: open net: IR
Warning: open net: VMasterBiasN
Warning: open net: VMasterBiasP
Warning: open net: BiasDisable
Warning: open net: nLowBiasBufEn
Warning: open net: Coarse0
Warning: open net: Coarse1
Warning: open net: Coarse2
Warning: open net: Coarse3
Warning: open net: Coarse4
Warning: open net: Coarse5
Warning: open net: Coarse6
Warning: open net: Coarse7
Warning: open net: PBiasEn
Warning: open net: nLowBiasInterfaceEnBuffer
Warning: open net: BufferN
Warning: open net: BufferP
-----------/home/alienfalcon/Projects/skywater/open_dvs_py312/open_dvs/git_dvs/nic2025_openDVS/analog/runs/RUN_2026-05-06_19-33-46/parameters/op_sweep_code/run_03/tb_BiasBranchnMasterx1_op.sch
Subprocess exited with error code 10
Error output generated by subprocess:
Using run time directory XSCHEM_SHAREDIR = /usr/local/share/xschem
Sourcing /usr/local/share/xschem/xschemrc init file
Sourcing /home/alienfalcon/.ciel/sky130B/libs.tech/xschem/xschemrc init file
open_pdks installation: using /home/alienfalcon/.ciel
SKYWATER_MODELS: /home/alienfalcon/.ciel/sky130B/libs.tech/combined
SKYWATER_STDCELLS: /home/alienfalcon/.ciel/sky130B/libs.ref/sky130_fd_sc_hd/spice
l_s_d(): Symbol not found: ../xschem/BiasBranchnMasterx1.sym
l_s_d(): Symbol not found: ../xschem/BiasBranchnMasterx1.sym
l_s_d(): Symbol not found: ../xschem/BiasBranchnMasterx1.sym
-----------/home/alienfalcon/Projects/skywater/open_dvs_py312/open_dvs/git_dvs/nic2025_openDVS/analog/runs/RUN_2026-05-06_19-33-46/parameters/op_sweep_code/run_04/tb_BiasBranchnMasterx1_op.sch
Warning: open net: nFineBit0
Warning: open net: nFineBit1
Warning: open net: nFineBit2
Warning: open net: nFineBit3
Warning: open net: nFineBit4
Warning: open net: nFineBit5
Warning: open net: nFineBit6
Warning: open net: nFineBit7
Warning: open net: CoarseOneHotLowBiasEn
Warning: open net: nBFineBit0
Warning: open net: nBFineBit1
Warning: open net: nBFineBit2
Warning: open net: nBFineBit3
Warning: open net: nBFineBit4
Warning: open net: nBFineBit5
Warning: open net: nBFineBit6
Warning: open net: nBFineBit7
Warning: open net: nLowBiasInterfaceEn
Warning: open net: PowerDown
Warning: open net: CoarseOneHotLowBiasEnBuffer
Warning: open net: BiasCB[0]
Warning: open net: BiasCB[1]
Warning: open net: BiasCB[2]
Warning: open net: BiasCB[3]
Warning: open net: BiasCB[4]
Warning: open net: BiasCB[5]
Warning: open net: BiasCB[6]
Warning: open net: BiasCB[7]
Warning: open net: BCoarse0
Warning: open net: BCoarse1
Warning: open net: BCoarse2
Warning: open net: BCoarse3
Warning: open net: BCoarse4
Warning: open net: BCoarse5
Warning: open net: BCoarse6
Warning: open net: BCoarse7
Error: undriven node: vout
Warning: open net: IR
Warning: open net: VMasterBiasN
Warning: open net: VMasterBiasP
Warning: open net: BiasDisable
Warning: open net: nLowBiasBufEn
Warning: open net: Coarse0
Warning: open net: Coarse1
Warning: open net: Coarse2
Warning: open net: Coarse3
Warning: open net: Coarse4
Warning: open net: Coarse5
Warning: open net: Coarse6
Warning: open net: Coarse7
Warning: open net: PBiasEn
Warning: open net: nLowBiasInterfaceEnBuffer
Warning: open net: BufferN
Warning: open net: BufferP
-----------/home/alienfalcon/Projects/skywater/open_dvs_py312/open_dvs/git_dvs/nic2025_openDVS/analog/runs/RUN_2026-05-06_19-33-46/parameters/op_sweep_code/run_04/tb_BiasBranchnMasterx1_op.sch
Subprocess exited with error code 10
Error output generated by subprocess:
Using run time directory XSCHEM_SHAREDIR = /usr/local/share/xschem
Sourcing /usr/local/share/xschem/xschemrc init file
Sourcing /home/alienfalcon/.ciel/sky130B/libs.tech/xschem/xschemrc init file
open_pdks installation: using /home/alienfalcon/.ciel
SKYWATER_MODELS: /home/alienfalcon/.ciel/sky130B/libs.tech/combined
SKYWATER_STDCELLS: /home/alienfalcon/.ciel/sky130B/libs.ref/sky130_fd_sc_hd/spice
l_s_d(): Symbol not found: ../xschem/BiasBranchnMasterx1.sym
l_s_d(): Symbol not found: ../xschem/BiasBranchnMasterx1.sym
l_s_d(): Symbol not found: ../xschem/BiasBranchnMasterx1.sym
-----------/home/alienfalcon/Projects/skywater/open_dvs_py312/open_dvs/git_dvs/nic2025_openDVS/analog/runs/RUN_2026-05-06_19-33-46/parameters/op_sweep_code/run_05/tb_BiasBranchnMasterx1_op.sch
Warning: open net: nFineBit0
Warning: open net: nFineBit1
Warning: open net: nFineBit2
Warning: open net: nFineBit3
Warning: open net: nFineBit4
Warning: open net: nFineBit5
Warning: open net: nFineBit6
Warning: open net: nFineBit7
Warning: open net: CoarseOneHotLowBiasEn
Warning: open net: nBFineBit0
Warning: open net: nBFineBit1
Warning: open net: nBFineBit2
Warning: open net: nBFineBit3
Warning: open net: nBFineBit4
Warning: open net: nBFineBit5
Warning: open net: nBFineBit6
Warning: open net: nBFineBit7
Warning: open net: nLowBiasInterfaceEn
Warning: open net: PowerDown
Warning: open net: CoarseOneHotLowBiasEnBuffer
Warning: open net: BiasCB[0]
Warning: open net: BiasCB[1]
Warning: open net: BiasCB[2]
Warning: open net: BiasCB[3]
Warning: open net: BiasCB[4]
Warning: open net: BiasCB[5]
Warning: open net: BiasCB[6]
Warning: open net: BiasCB[7]
Warning: open net: BCoarse0
Warning: open net: BCoarse1
Warning: open net: BCoarse2
Warning: open net: BCoarse3
Warning: open net: BCoarse4
Warning: open net: BCoarse5
Warning: open net: BCoarse6
Warning: open net: BCoarse7
Error: undriven node: vout
Warning: open net: IR
Warning: open net: VMasterBiasN
Warning: open net: VMasterBiasP
Warning: open net: BiasDisable
Warning: open net: nLowBiasBufEn
Warning: open net: Coarse0
Warning: open net: Coarse1
Warning: open net: Coarse2
Warning: open net: Coarse3
Warning: open net: Coarse4
Warning: open net: Coarse5
Warning: open net: Coarse6
Warning: open net: Coarse7
Warning: open net: PBiasEn
Warning: open net: nLowBiasInterfaceEnBuffer
Warning: open net: BufferN
Warning: open net: BufferP
-----------/home/alienfalcon/Projects/skywater/open_dvs_py312/open_dvs/git_dvs/nic2025_openDVS/analog/runs/RUN_2026-05-06_19-33-46/parameters/op_sweep_code/run_05/tb_BiasBranchnMasterx1_op.sch
Subprocess exited with error code 10
Error output generated by subprocess:
Using run time directory XSCHEM_SHAREDIR = /usr/local/share/xschem
Sourcing /usr/local/share/xschem/xschemrc init file
Sourcing /home/alienfalcon/.ciel/sky130B/libs.tech/xschem/xschemrc init file
open_pdks installation: using /home/alienfalcon/.ciel
SKYWATER_MODELS: /home/alienfalcon/.ciel/sky130B/libs.tech/combined
SKYWATER_STDCELLS: /home/alienfalcon/.ciel/sky130B/libs.ref/sky130_fd_sc_hd/spice
l_s_d(): Symbol not found: ../xschem/BiasBranchnMasterx1.sym
l_s_d(): Symbol not found: ../xschem/BiasBranchnMasterx1.sym
l_s_d(): Symbol not found: ../xschem/BiasBranchnMasterx1.sym
-----------/home/alienfalcon/Projects/skywater/open_dvs_py312/open_dvs/git_dvs/nic2025_openDVS/analog/runs/RUN_2026-05-06_19-33-46/parameters/op_sweep_code/run_06/tb_BiasBranchnMasterx1_op.sch
Warning: open net: nFineBit0
Warning: open net: nFineBit1
Warning: open net: nFineBit2
Warning: open net: nFineBit3
Warning: open net: nFineBit4
Warning: open net: nFineBit5
Warning: open net: nFineBit6
Warning: open net: nFineBit7
Warning: open net: CoarseOneHotLowBiasEn
Warning: open net: nBFineBit0
Warning: open net: nBFineBit1
Warning: open net: nBFineBit2
Warning: open net: nBFineBit3
Warning: open net: nBFineBit4
Warning: open net: nBFineBit5
Warning: open net: nBFineBit6
Warning: open net: nBFineBit7
Warning: open net: nLowBiasInterfaceEn
Warning: open net: PowerDown
Warning: open net: CoarseOneHotLowBiasEnBuffer
Warning: open net: BiasCB[0]
Warning: open net: BiasCB[1]
Warning: open net: BiasCB[2]
Warning: open net: BiasCB[3]
Warning: open net: BiasCB[4]
Warning: open net: BiasCB[5]
Warning: open net: BiasCB[6]
Warning: open net: BiasCB[7]
Warning: open net: BCoarse0
Warning: open net: BCoarse1
Warning: open net: BCoarse2
Warning: open net: BCoarse3
Warning: open net: BCoarse4
Warning: open net: BCoarse5
Warning: open net: BCoarse6
Warning: open net: BCoarse7
Error: undriven node: vout
Warning: open net: IR
Warning: open net: VMasterBiasN
Warning: open net: VMasterBiasP
Warning: open net: BiasDisable
Warning: open net: nLowBiasBufEn
Warning: open net: Coarse0
Warning: open net: Coarse1
Warning: open net: Coarse2
Warning: open net: Coarse3
Warning: open net: Coarse4
Warning: open net: Coarse5
Warning: open net: Coarse6
Warning: open net: Coarse7
Warning: open net: PBiasEn
Warning: open net: nLowBiasInterfaceEnBuffer
Warning: open net: BufferN
Warning: open net: BufferP
-----------/home/alienfalcon/Projects/skywater/open_dvs_py312/open_dvs/git_dvs/nic2025_openDVS/analog/runs/RUN_2026-05-06_19-33-46/parameters/op_sweep_code/run_06/tb_BiasBranchnMasterx1_op.sch
Subprocess exited with error code 10
Error output generated by subprocess:
Using run time directory XSCHEM_SHAREDIR = /usr/local/share/xschem
Sourcing /usr/local/share/xschem/xschemrc init file
Sourcing /home/alienfalcon/.ciel/sky130B/libs.tech/xschem/xschemrc init file
open_pdks installation: using /home/alienfalcon/.ciel
SKYWATER_MODELS: /home/alienfalcon/.ciel/sky130B/libs.tech/combined
SKYWATER_STDCELLS: /home/alienfalcon/.ciel/sky130B/libs.ref/sky130_fd_sc_hd/spice
l_s_d(): Symbol not found: ../xschem/BiasBranchnMasterx1.sym
l_s_d(): Symbol not found: ../xschem/BiasBranchnMasterx1.sym
l_s_d(): Symbol not found: ../xschem/BiasBranchnMasterx1.sym
-----------/home/alienfalcon/Projects/skywater/open_dvs_py312/open_dvs/git_dvs/nic2025_openDVS/analog/runs/RUN_2026-05-06_19-33-46/parameters/op_sweep_code/run_07/tb_BiasBranchnMasterx1_op.sch
Warning: open net: nFineBit0
Warning: open net: nFineBit1
Warning: open net: nFineBit2
Warning: open net: nFineBit3
Warning: open net: nFineBit4
Warning: open net: nFineBit5
Warning: open net: nFineBit6
Warning: open net: nFineBit7
Warning: open net: CoarseOneHotLowBiasEn
Warning: open net: nBFineBit0
Warning: open net: nBFineBit1
Warning: open net: nBFineBit2
Warning: open net: nBFineBit3
Warning: open net: nBFineBit4
Warning: open net: nBFineBit5
Warning: open net: nBFineBit6
Warning: open net: nBFineBit7
Warning: open net: nLowBiasInterfaceEn
Warning: open net: PowerDown
Warning: open net: CoarseOneHotLowBiasEnBuffer
Warning: open net: BiasCB[0]
Warning: open net: BiasCB[1]
Warning: open net: BiasCB[2]
Warning: open net: BiasCB[3]
Warning: open net: BiasCB[4]
Warning: open net: BiasCB[5]
Warning: open net: BiasCB[6]
Warning: open net: BiasCB[7]
Warning: open net: BCoarse0
Warning: open net: BCoarse1
Warning: open net: BCoarse2
Warning: open net: BCoarse3
Warning: open net: BCoarse4
Warning: open net: BCoarse5
Warning: open net: BCoarse6
Warning: open net: BCoarse7
Error: undriven node: vout
Warning: open net: IR
Warning: open net: VMasterBiasN
Warning: open net: VMasterBiasP
Warning: open net: BiasDisable
Warning: open net: nLowBiasBufEn
Warning: open net: Coarse0
Warning: open net: Coarse1
Warning: open net: Coarse2
Warning: open net: Coarse3
Warning: open net: Coarse4
Warning: open net: Coarse5
Warning: open net: Coarse6
Warning: open net: Coarse7
Warning: open net: PBiasEn
Warning: open net: nLowBiasInterfaceEnBuffer
Warning: open net: BufferN
Warning: open net: BufferP
-----------/home/alienfalcon/Projects/skywater/open_dvs_py312/open_dvs/git_dvs/nic2025_openDVS/analog/runs/RUN_2026-05-06_19-33-46/parameters/op_sweep_code/run_07/tb_BiasBranchnMasterx1_op.sch
Subprocess exited with error code 10
Error output generated by subprocess:
Using run time directory XSCHEM_SHAREDIR = /usr/local/share/xschem
Sourcing /usr/local/share/xschem/xschemrc init file
Sourcing /home/alienfalcon/.ciel/sky130B/libs.tech/xschem/xschemrc init file
open_pdks installation: using /home/alienfalcon/.ciel
SKYWATER_MODELS: /home/alienfalcon/.ciel/sky130B/libs.tech/combined
SKYWATER_STDCELLS: /home/alienfalcon/.ciel/sky130B/libs.ref/sky130_fd_sc_hd/spice
l_s_d(): Symbol not found: ../xschem/BiasBranchnMasterx1.sym
l_s_d(): Symbol not found: ../xschem/BiasBranchnMasterx1.sym
l_s_d(): Symbol not found: ../xschem/BiasBranchnMasterx1.sym
-----------/home/alienfalcon/Projects/skywater/open_dvs_py312/open_dvs/git_dvs/nic2025_openDVS/analog/runs/RUN_2026-05-06_19-33-46/parameters/op_sweep_code/run_08/tb_BiasBranchnMasterx1_op.sch
Warning: open net: nFineBit0
Warning: open net: nFineBit1
Warning: open net: nFineBit2
Warning: open net: nFineBit3
Warning: open net: nFineBit4
Warning: open net: nFineBit5
Warning: open net: nFineBit6
Warning: open net: nFineBit7
Warning: open net: CoarseOneHotLowBiasEn
Warning: open net: nBFineBit0
Warning: open net: nBFineBit1
Warning: open net: nBFineBit2
Warning: open net: nBFineBit3
Warning: open net: nBFineBit4
Warning: open net: nBFineBit5
Warning: open net: nBFineBit6
Warning: open net: nBFineBit7
Warning: open net: nLowBiasInterfaceEn
Warning: open net: PowerDown
Warning: open net: CoarseOneHotLowBiasEnBuffer
Warning: open net: BiasCB[0]
Warning: open net: BiasCB[1]
Warning: open net: BiasCB[2]
Warning: open net: BiasCB[3]
Warning: open net: BiasCB[4]
Warning: open net: BiasCB[5]
Warning: open net: BiasCB[6]
Warning: open net: BiasCB[7]
Warning: open net: BCoarse0
Warning: open net: BCoarse1
Warning: open net: BCoarse2
Warning: open net: BCoarse3
Warning: open net: BCoarse4
Warning: open net: BCoarse5
Warning: open net: BCoarse6
Warning: open net: BCoarse7
Error: undriven node: vout
Warning: open net: IR
Warning: open net: VMasterBiasN
Warning: open net: VMasterBiasP
Warning: open net: BiasDisable
Warning: open net: nLowBiasBufEn
Warning: open net: Coarse0
Warning: open net: Coarse1
Warning: open net: Coarse2
Warning: open net: Coarse3
Warning: open net: Coarse4
Warning: open net: Coarse5
Warning: open net: Coarse6
Warning: open net: Coarse7
Warning: open net: PBiasEn
Warning: open net: nLowBiasInterfaceEnBuffer
Warning: open net: BufferN
Warning: open net: BufferP
-----------/home/alienfalcon/Projects/skywater/open_dvs_py312/open_dvs/git_dvs/nic2025_openDVS/analog/runs/RUN_2026-05-06_19-33-46/parameters/op_sweep_code/run_08/tb_BiasBranchnMasterx1_op.sch
Subprocess exited with error code 10
Error output generated by subprocess:
Using run time directory XSCHEM_SHAREDIR = /usr/local/share/xschem
Sourcing /usr/local/share/xschem/xschemrc init file
Sourcing /home/alienfalcon/.ciel/sky130B/libs.tech/xschem/xschemrc init file
open_pdks installation: using /home/alienfalcon/.ciel
SKYWATER_MODELS: /home/alienfalcon/.ciel/sky130B/libs.tech/combined
SKYWATER_STDCELLS: /home/alienfalcon/.ciel/sky130B/libs.ref/sky130_fd_sc_hd/spice
l_s_d(): Symbol not found: ../xschem/BiasBranchnMasterx1.sym
l_s_d(): Symbol not found: ../xschem/BiasBranchnMasterx1.sym
l_s_d(): Symbol not found: ../xschem/BiasBranchnMasterx1.sym
-----------/home/alienfalcon/Projects/skywater/open_dvs_py312/open_dvs/git_dvs/nic2025_openDVS/analog/runs/RUN_2026-05-06_19-33-46/parameters/op_sweep_code/run_09/tb_BiasBranchnMasterx1_op.sch
Warning: open net: nFineBit0
Warning: open net: nFineBit1
Warning: open net: nFineBit2
Warning: open net: nFineBit3
Warning: open net: nFineBit4
Warning: open net: nFineBit5
Warning: open net: nFineBit6
Warning: open net: nFineBit7
Warning: open net: CoarseOneHotLowBiasEn
Warning: open net: nBFineBit0
Warning: open net: nBFineBit1
Warning: open net: nBFineBit2
Warning: open net: nBFineBit3
Warning: open net: nBFineBit4
Warning: open net: nBFineBit5
Warning: open net: nBFineBit6
Warning: open net: nBFineBit7
Warning: open net: nLowBiasInterfaceEn
Warning: open net: PowerDown
Warning: open net: CoarseOneHotLowBiasEnBuffer
Warning: open net: BiasCB[0]
Warning: open net: BiasCB[1]
Warning: open net: BiasCB[2]
Warning: open net: BiasCB[3]
Warning: open net: BiasCB[4]
Warning: open net: BiasCB[5]
Warning: open net: BiasCB[6]
Warning: open net: BiasCB[7]
Warning: open net: BCoarse0
Warning: open net: BCoarse1
Warning: open net: BCoarse2
Warning: open net: BCoarse3
Warning: open net: BCoarse4
Warning: open net: BCoarse5
Warning: open net: BCoarse6
Warning: open net: BCoarse7
Error: undriven node: vout
Warning: open net: IR
Warning: open net: VMasterBiasN
Warning: open net: VMasterBiasP
Warning: open net: BiasDisable
Warning: open net: nLowBiasBufEn
Warning: open net: Coarse0
Warning: open net: Coarse1
Warning: open net: Coarse2
Warning: open net: Coarse3
Warning: open net: Coarse4
Warning: open net: Coarse5
Warning: open net: Coarse6
Warning: open net: Coarse7
Warning: open net: PBiasEn
Warning: open net: nLowBiasInterfaceEnBuffer
Warning: open net: BufferN
Warning: open net: BufferP
-----------/home/alienfalcon/Projects/skywater/open_dvs_py312/open_dvs/git_dvs/nic2025_openDVS/analog/runs/RUN_2026-05-06_19-33-46/parameters/op_sweep_code/run_09/tb_BiasBranchnMasterx1_op.sch
Subprocess exited with error code 10
Error output generated by subprocess:
Using run time directory XSCHEM_SHAREDIR = /usr/local/share/xschem
Sourcing /usr/local/share/xschem/xschemrc init file
Sourcing /home/alienfalcon/.ciel/sky130B/libs.tech/xschem/xschemrc init file
open_pdks installation: using /home/alienfalcon/.ciel
SKYWATER_MODELS: /home/alienfalcon/.ciel/sky130B/libs.tech/combined
SKYWATER_STDCELLS: /home/alienfalcon/.ciel/sky130B/libs.ref/sky130_fd_sc_hd/spice
l_s_d(): Symbol not found: ../xschem/BiasBranchnMasterx1.sym
l_s_d(): Symbol not found: ../xschem/BiasBranchnMasterx1.sym
l_s_d(): Symbol not found: ../xschem/BiasBranchnMasterx1.sym
-----------/home/alienfalcon/Projects/skywater/open_dvs_py312/open_dvs/git_dvs/nic2025_openDVS/analog/runs/RUN_2026-05-06_19-33-46/parameters/op_sweep_code/run_10/tb_BiasBranchnMasterx1_op.sch
Warning: open net: nFineBit0
Warning: open net: nFineBit1
Warning: open net: nFineBit2
Warning: open net: nFineBit3
Warning: open net: nFineBit4
Warning: open net: nFineBit5
Warning: open net: nFineBit6
Warning: open net: nFineBit7
Warning: open net: CoarseOneHotLowBiasEn
Warning: open net: nBFineBit0
Warning: open net: nBFineBit1
Warning: open net: nBFineBit2
Warning: open net: nBFineBit3
Warning: open net: nBFineBit4
Warning: open net: nBFineBit5
Warning: open net: nBFineBit6
Warning: open net: nBFineBit7
Warning: open net: nLowBiasInterfaceEn
Warning: open net: PowerDown
Warning: open net: CoarseOneHotLowBiasEnBuffer
Warning: open net: BiasCB[0]
Warning: open net: BiasCB[1]
Warning: open net: BiasCB[2]
Warning: open net: BiasCB[3]
Warning: open net: BiasCB[4]
Warning: open net: BiasCB[5]
Warning: open net: BiasCB[6]
Warning: open net: BiasCB[7]
Warning: open net: BCoarse0
Warning: open net: BCoarse1
Warning: open net: BCoarse2
Warning: open net: BCoarse3
Warning: open net: BCoarse4
Warning: open net: BCoarse5
Warning: open net: BCoarse6
Warning: open net: BCoarse7
Error: undriven node: vout
Warning: open net: IR
Warning: open net: VMasterBiasN
Warning: open net: VMasterBiasP
Warning: open net: BiasDisable
Warning: open net: nLowBiasBufEn
Warning: open net: Coarse0
Warning: open net: Coarse1
Warning: open net: Coarse2
Warning: open net: Coarse3
Warning: open net: Coarse4
Warning: open net: Coarse5
Warning: open net: Coarse6
Warning: open net: Coarse7
Warning: open net: PBiasEn
Warning: open net: nLowBiasInterfaceEnBuffer
Warning: open net: BufferN
Warning: open net: BufferP
-----------/home/alienfalcon/Projects/skywater/open_dvs_py312/open_dvs/git_dvs/nic2025_openDVS/analog/runs/RUN_2026-05-06_19-33-46/parameters/op_sweep_code/run_10/tb_BiasBranchnMasterx1_op.sch
Subprocess exited with error code 10
Error output generated by subprocess:
Using run time directory XSCHEM_SHAREDIR = /usr/local/share/xschem
Sourcing /usr/local/share/xschem/xschemrc init file
Sourcing /home/alienfalcon/.ciel/sky130B/libs.tech/xschem/xschemrc init file
open_pdks installation: using /home/alienfalcon/.ciel
SKYWATER_MODELS: /home/alienfalcon/.ciel/sky130B/libs.tech/combined
SKYWATER_STDCELLS: /home/alienfalcon/.ciel/sky130B/libs.ref/sky130_fd_sc_hd/spice
l_s_d(): Symbol not found: ../xschem/BiasBranchnMasterx1.sym
l_s_d(): Symbol not found: ../xschem/BiasBranchnMasterx1.sym
l_s_d(): Symbol not found: ../xschem/BiasBranchnMasterx1.sym
-----------/home/alienfalcon/Projects/skywater/open_dvs_py312/open_dvs/git_dvs/nic2025_openDVS/analog/runs/RUN_2026-05-06_19-33-46/parameters/op_sweep_code/run_11/tb_BiasBranchnMasterx1_op.sch
Warning: open net: nFineBit0
Warning: open net: nFineBit1
Warning: open net: nFineBit2
Warning: open net: nFineBit3
Warning: open net: nFineBit4
Warning: open net: nFineBit5
Warning: open net: nFineBit6
Warning: open net: nFineBit7
Warning: open net: CoarseOneHotLowBiasEn
Warning: open net: nBFineBit0
Warning: open net: nBFineBit1
Warning: open net: nBFineBit2
Warning: open net: nBFineBit3
Warning: open net: nBFineBit4
Warning: open net: nBFineBit5
Warning: open net: nBFineBit6
Warning: open net: nBFineBit7
Warning: open net: nLowBiasInterfaceEn
Warning: open net: PowerDown
Warning: open net: CoarseOneHotLowBiasEnBuffer
Warning: open net: BiasCB[0]
Warning: open net: BiasCB[1]
Warning: open net: BiasCB[2]
Warning: open net: BiasCB[3]
Warning: open net: BiasCB[4]
Warning: open net: BiasCB[5]
Warning: open net: BiasCB[6]
Warning: open net: BiasCB[7]
Warning: open net: BCoarse0
Warning: open net: BCoarse1
Warning: open net: BCoarse2
Warning: open net: BCoarse3
Warning: open net: BCoarse4
Warning: open net: BCoarse5
Warning: open net: BCoarse6
Warning: open net: BCoarse7
Error: undriven node: vout
Warning: open net: IR
Warning: open net: VMasterBiasN
Warning: open net: VMasterBiasP
Warning: open net: BiasDisable
Warning: open net: nLowBiasBufEn
Warning: open net: Coarse0
Warning: open net: Coarse1
Warning: open net: Coarse2
Warning: open net: Coarse3
Warning: open net: Coarse4
Warning: open net: Coarse5
Warning: open net: Coarse6
Warning: open net: Coarse7
Warning: open net: PBiasEn
Warning: open net: nLowBiasInterfaceEnBuffer
Warning: open net: BufferN
Warning: open net: BufferP
-----------/home/alienfalcon/Projects/skywater/open_dvs_py312/open_dvs/git_dvs/nic2025_openDVS/analog/runs/RUN_2026-05-06_19-33-46/parameters/op_sweep_code/run_11/tb_BiasBranchnMasterx1_op.sch
Subprocess exited with error code 10
Error output generated by subprocess:
Using run time directory XSCHEM_SHAREDIR = /usr/local/share/xschem
Sourcing /usr/local/share/xschem/xschemrc init file
Sourcing /home/alienfalcon/.ciel/sky130B/libs.tech/xschem/xschemrc init file
open_pdks installation: using /home/alienfalcon/.ciel
SKYWATER_MODELS: /home/alienfalcon/.ciel/sky130B/libs.tech/combined
SKYWATER_STDCELLS: /home/alienfalcon/.ciel/sky130B/libs.ref/sky130_fd_sc_hd/spice
l_s_d(): Symbol not found: ../xschem/BiasBranchnMasterx1.sym
l_s_d(): Symbol not found: ../xschem/BiasBranchnMasterx1.sym
l_s_d(): Symbol not found: ../xschem/BiasBranchnMasterx1.sym
-----------/home/alienfalcon/Projects/skywater/open_dvs_py312/open_dvs/git_dvs/nic2025_openDVS/analog/runs/RUN_2026-05-06_19-33-46/parameters/op_sweep_code/run_12/tb_BiasBranchnMasterx1_op.sch
Warning: open net: nFineBit0
Warning: open net: nFineBit1
Warning: open net: nFineBit2
Warning: open net: nFineBit3
Warning: open net: nFineBit4
Warning: open net: nFineBit5
Warning: open net: nFineBit6
Warning: open net: nFineBit7
Warning: open net: CoarseOneHotLowBiasEn
Warning: open net: nBFineBit0
Warning: open net: nBFineBit1
Warning: open net: nBFineBit2
Warning: open net: nBFineBit3
Warning: open net: nBFineBit4
Warning: open net: nBFineBit5
Warning: open net: nBFineBit6
Warning: open net: nBFineBit7
Warning: open net: nLowBiasInterfaceEn
Warning: open net: PowerDown
Warning: open net: CoarseOneHotLowBiasEnBuffer
Warning: open net: BiasCB[0]
Warning: open net: BiasCB[1]
Warning: open net: BiasCB[2]
Warning: open net: BiasCB[3]
Warning: open net: BiasCB[4]
Warning: open net: BiasCB[5]
Warning: open net: BiasCB[6]
Warning: open net: BiasCB[7]
Warning: open net: BCoarse0
Warning: open net: BCoarse1
Warning: open net: BCoarse2
Warning: open net: BCoarse3
Warning: open net: BCoarse4
Warning: open net: BCoarse5
Warning: open net: BCoarse6
Warning: open net: BCoarse7
Error: undriven node: vout
Warning: open net: IR
Warning: open net: VMasterBiasN
Warning: open net: VMasterBiasP
Warning: open net: BiasDisable
Warning: open net: nLowBiasBufEn
Warning: open net: Coarse0
Warning: open net: Coarse1
Warning: open net: Coarse2
Warning: open net: Coarse3
Warning: open net: Coarse4
Warning: open net: Coarse5
Warning: open net: Coarse6
Warning: open net: Coarse7
Warning: open net: PBiasEn
Warning: open net: nLowBiasInterfaceEnBuffer
Warning: open net: BufferN
Warning: open net: BufferP
-----------/home/alienfalcon/Projects/skywater/open_dvs_py312/open_dvs/git_dvs/nic2025_openDVS/analog/runs/RUN_2026-05-06_19-33-46/parameters/op_sweep_code/run_12/tb_BiasBranchnMasterx1_op.sch
Subprocess exited with error code 10
Error output generated by subprocess:
Using run time directory XSCHEM_SHAREDIR = /usr/local/share/xschem
Sourcing /usr/local/share/xschem/xschemrc init file
Sourcing /home/alienfalcon/.ciel/sky130B/libs.tech/xschem/xschemrc init file
open_pdks installation: using /home/alienfalcon/.ciel
SKYWATER_MODELS: /home/alienfalcon/.ciel/sky130B/libs.tech/combined
SKYWATER_STDCELLS: /home/alienfalcon/.ciel/sky130B/libs.ref/sky130_fd_sc_hd/spice
l_s_d(): Symbol not found: ../xschem/BiasBranchnMasterx1.sym
l_s_d(): Symbol not found: ../xschem/BiasBranchnMasterx1.sym
l_s_d(): Symbol not found: ../xschem/BiasBranchnMasterx1.sym
-----------/home/alienfalcon/Projects/skywater/open_dvs_py312/open_dvs/git_dvs/nic2025_openDVS/analog/runs/RUN_2026-05-06_19-33-46/parameters/op_sweep_code/run_13/tb_BiasBranchnMasterx1_op.sch
Warning: open net: nFineBit0
Warning: open net: nFineBit1
Warning: open net: nFineBit2
Warning: open net: nFineBit3
Warning: open net: nFineBit4
Warning: open net: nFineBit5
Warning: open net: nFineBit6
Warning: open net: nFineBit7
Warning: open net: CoarseOneHotLowBiasEn
Warning: open net: nBFineBit0
Warning: open net: nBFineBit1
Warning: open net: nBFineBit2
Warning: open net: nBFineBit3
Warning: open net: nBFineBit4
Warning: open net: nBFineBit5
Warning: open net: nBFineBit6
Warning: open net: nBFineBit7
Warning: open net: nLowBiasInterfaceEn
Warning: open net: PowerDown
Warning: open net: CoarseOneHotLowBiasEnBuffer
Warning: open net: BiasCB[0]
Warning: open net: BiasCB[1]
Warning: open net: BiasCB[2]
Warning: open net: BiasCB[3]
Warning: open net: BiasCB[4]
Warning: open net: BiasCB[5]
Warning: open net: BiasCB[6]
Warning: open net: BiasCB[7]
Warning: open net: BCoarse0
Warning: open net: BCoarse1
Warning: open net: BCoarse2
Warning: open net: BCoarse3
Warning: open net: BCoarse4
Warning: open net: BCoarse5
Warning: open net: BCoarse6
Warning: open net: BCoarse7
Error: undriven node: vout
Warning: open net: IR
Warning: open net: VMasterBiasN
Warning: open net: VMasterBiasP
Warning: open net: BiasDisable
Warning: open net: nLowBiasBufEn
Warning: open net: Coarse0
Warning: open net: Coarse1
Warning: open net: Coarse2
Warning: open net: Coarse3
Warning: open net: Coarse4
Warning: open net: Coarse5
Warning: open net: Coarse6
Warning: open net: Coarse7
Warning: open net: PBiasEn
Warning: open net: nLowBiasInterfaceEnBuffer
Warning: open net: BufferN
Warning: open net: BufferP
-----------/home/alienfalcon/Projects/skywater/open_dvs_py312/open_dvs/git_dvs/nic2025_openDVS/analog/runs/RUN_2026-05-06_19-33-46/parameters/op_sweep_code/run_13/tb_BiasBranchnMasterx1_op.sch
Subprocess exited with error code 10
Error output generated by subprocess:
Using run time directory XSCHEM_SHAREDIR = /usr/local/share/xschem
Sourcing /usr/local/share/xschem/xschemrc init file
Sourcing /home/alienfalcon/.ciel/sky130B/libs.tech/xschem/xschemrc init file
open_pdks installation: using /home/alienfalcon/.ciel
SKYWATER_MODELS: /home/alienfalcon/.ciel/sky130B/libs.tech/combined
SKYWATER_STDCELLS: /home/alienfalcon/.ciel/sky130B/libs.ref/sky130_fd_sc_hd/spice
l_s_d(): Symbol not found: ../xschem/BiasBranchnMasterx1.sym
l_s_d(): Symbol not found: ../xschem/BiasBranchnMasterx1.sym
l_s_d(): Symbol not found: ../xschem/BiasBranchnMasterx1.sym
-----------/home/alienfalcon/Projects/skywater/open_dvs_py312/open_dvs/git_dvs/nic2025_openDVS/analog/runs/RUN_2026-05-06_19-33-46/parameters/op_sweep_code/run_14/tb_BiasBranchnMasterx1_op.sch
Warning: open net: nFineBit0
Warning: open net: nFineBit1
Warning: open net: nFineBit2
Warning: open net: nFineBit3
Warning: open net: nFineBit4
Warning: open net: nFineBit5
Warning: open net: nFineBit6
Warning: open net: nFineBit7
Warning: open net: CoarseOneHotLowBiasEn
Warning: open net: nBFineBit0
Warning: open net: nBFineBit1
Warning: open net: nBFineBit2
Warning: open net: nBFineBit3
Warning: open net: nBFineBit4
Warning: open net: nBFineBit5
Warning: open net: nBFineBit6
Warning: open net: nBFineBit7
Warning: open net: nLowBiasInterfaceEn
Warning: open net: PowerDown
Warning: open net: CoarseOneHotLowBiasEnBuffer
Warning: open net: BiasCB[0]
Warning: open net: BiasCB[1]
Warning: open net: BiasCB[2]
Warning: open net: BiasCB[3]
Warning: open net: BiasCB[4]
Warning: open net: BiasCB[5]
Warning: open net: BiasCB[6]
Warning: open net: BiasCB[7]
Warning: open net: BCoarse0
Warning: open net: BCoarse1
Warning: open net: BCoarse2
Warning: open net: BCoarse3
Warning: open net: BCoarse4
Warning: open net: BCoarse5
Warning: open net: BCoarse6
Warning: open net: BCoarse7
Error: undriven node: vout
Warning: open net: IR
Warning: open net: VMasterBiasN
Warning: open net: VMasterBiasP
Warning: open net: BiasDisable
Warning: open net: nLowBiasBufEn
Warning: open net: Coarse0
Warning: open net: Coarse1
Warning: open net: Coarse2
Warning: open net: Coarse3
Warning: open net: Coarse4
Warning: open net: Coarse5
Warning: open net: Coarse6
Warning: open net: Coarse7
Warning: open net: PBiasEn
Warning: open net: nLowBiasInterfaceEnBuffer
Warning: open net: BufferN
Warning: open net: BufferP
-----------/home/alienfalcon/Projects/skywater/open_dvs_py312/open_dvs/git_dvs/nic2025_openDVS/analog/runs/RUN_2026-05-06_19-33-46/parameters/op_sweep_code/run_14/tb_BiasBranchnMasterx1_op.sch
Subprocess exited with error code 10
Error output generated by subprocess:
Using run time directory XSCHEM_SHAREDIR = /usr/local/share/xschem
Sourcing /usr/local/share/xschem/xschemrc init file
Sourcing /home/alienfalcon/.ciel/sky130B/libs.tech/xschem/xschemrc init file
open_pdks installation: using /home/alienfalcon/.ciel
SKYWATER_MODELS: /home/alienfalcon/.ciel/sky130B/libs.tech/combined
SKYWATER_STDCELLS: /home/alienfalcon/.ciel/sky130B/libs.ref/sky130_fd_sc_hd/spice
l_s_d(): Symbol not found: ../xschem/BiasBranchnMasterx1.sym
l_s_d(): Symbol not found: ../xschem/BiasBranchnMasterx1.sym
l_s_d(): Symbol not found: ../xschem/BiasBranchnMasterx1.sym
-----------/home/alienfalcon/Projects/skywater/open_dvs_py312/open_dvs/git_dvs/nic2025_openDVS/analog/runs/RUN_2026-05-06_19-33-46/parameters/op_sweep_code/run_15/tb_BiasBranchnMasterx1_op.sch
Warning: open net: nFineBit0
Warning: open net: nFineBit1
Warning: open net: nFineBit2
Warning: open net: nFineBit3
Warning: open net: nFineBit4
Warning: open net: nFineBit5
Warning: open net: nFineBit6
Warning: open net: nFineBit7
Warning: open net: CoarseOneHotLowBiasEn
Warning: open net: nBFineBit0
Warning: open net: nBFineBit1
Warning: open net: nBFineBit2
Warning: open net: nBFineBit3
Warning: open net: nBFineBit4
Warning: open net: nBFineBit5
Warning: open net: nBFineBit6
Warning: open net: nBFineBit7
Warning: open net: nLowBiasInterfaceEn
Warning: open net: PowerDown
Warning: open net: CoarseOneHotLowBiasEnBuffer
Warning: open net: BiasCB[0]
Warning: open net: BiasCB[1]
Warning: open net: BiasCB[2]
Warning: open net: BiasCB[3]
Warning: open net: BiasCB[4]
Warning: open net: BiasCB[5]
Warning: open net: BiasCB[6]
Warning: open net: BiasCB[7]
Warning: open net: BCoarse0
Warning: open net: BCoarse1
Warning: open net: BCoarse2
Warning: open net: BCoarse3
Warning: open net: BCoarse4
Warning: open net: BCoarse5
Warning: open net: BCoarse6
Warning: open net: BCoarse7
Error: undriven node: vout
Warning: open net: IR
Warning: open net: VMasterBiasN
Warning: open net: VMasterBiasP
Warning: open net: BiasDisable
Warning: open net: nLowBiasBufEn
Warning: open net: Coarse0
Warning: open net: Coarse1
Warning: open net: Coarse2
Warning: open net: Coarse3
Warning: open net: Coarse4
Warning: open net: Coarse5
Warning: open net: Coarse6
Warning: open net: Coarse7
Warning: open net: PBiasEn
Warning: open net: nLowBiasInterfaceEnBuffer
Warning: open net: BufferN
Warning: open net: BufferP
-----------/home/alienfalcon/Projects/skywater/open_dvs_py312/open_dvs/git_dvs/nic2025_openDVS/analog/runs/RUN_2026-05-06_19-33-46/parameters/op_sweep_code/run_15/tb_BiasBranchnMasterx1_op.sch
Parameter op_sweep_code: Running simulations…
Parameter op_sweep_code: Canceled.
Subprocess exited with error code -2
Done with CACE simulations and evaluations in 0:00:04.
Subprocess exited with error code -2
