Using run time directory XSCHEM_SHAREDIR = /usr/local/share/xschem
Sourcing /usr/local/share/xschem/xschemrc init file
Sourcing /home/alienfalcon/Projects/skywater/open_dvs_py312/open_dvs/git_dvs/nic2025_openDVS/analog/xschem/xschemrc init file
PDK_ROOT = /home/alienfalcon/.ciel
PDK = sky130B
open_pdks installation: using /home/alienfalcon/.ciel
SKYWATER_MODELS: /home/alienfalcon/.ciel/sky130B/libs.tech/combined
SKYWATER_STDCELLS: /home/alienfalcon/.ciel/sky130B/libs.ref/sky130_fd_sc_hd/spice
setup_tcp_bespice: problems finding a free TCP port
couldn't open socket: address already in use
-----------/home/alienfalcon/Projects/skywater/open_dvs_py312/open_dvs/git_dvs/nic2025_openDVS/analog/xschem/BiasBranchnMasterx1.sch
-----------/home/alienfalcon/Projects/skywater/open_dvs_py312/open_dvs/git_dvs/nic2025_openDVS/analog/xschem/BiasBranch.sch
-----------/home/alienfalcon/Projects/skywater/open_dvs_py312/open_dvs/git_dvs/nic2025_openDVS/analog/xschem/BiasMasternCoarse.sch
-----------/home/alienfalcon/Projects/skywater/open_dvs_py312/open_dvs/git_dvs/nic2025_openDVS/analog/xschem/BiasBranchBuffer.sch
-----------/home/alienfalcon/Projects/skywater/open_dvs_py312/open_dvs/git_dvs/nic2025_openDVS/analog/xschem/BiasCoarseFineInterface.sch
-----------/home/alienfalcon/Projects/skywater/open_dvs_py312/open_dvs/git_dvs/nic2025_openDVS/analog/xschem/BiasDividerFine.sch
-----------/home/alienfalcon/Projects/skywater/open_dvs_py312/open_dvs/git_dvs/nic2025_openDVS/analog/xschem/BiasBuffers.sch
Warning: open net: NBiasEn
Error: undriven node: PowerDown
Error: undriven node: PBiasEnabled
Error: undriven node: NBiasEnabled
-----------/home/alienfalcon/Projects/skywater/open_dvs_py312/open_dvs/git_dvs/nic2025_openDVS/analog/xschem/BiasCoarseSel8to1.sch
-----------/home/alienfalcon/Projects/skywater/open_dvs_py312/open_dvs/git_dvs/nic2025_openDVS/analog/xschem/BiasMasterBias.sch
-----------/home/alienfalcon/Projects/skywater/open_dvs_py312/open_dvs/git_dvs/nic2025_openDVS/analog/xschem/BiasCoarseMBDivider.sch
-----------/home/alienfalcon/Projects/skywater/open_dvs_py312/open_dvs/git_dvs/nic2025_openDVS/analog/xschem/BiasDividerFineCell.sch
-----------/home/alienfalcon/Projects/skywater/open_dvs_py312/open_dvs/git_dvs/nic2025_openDVS/analog/xschem/sky130_fd_sc_hd__and2_1.sch
-----------/home/alienfalcon/Projects/skywater/open_dvs_py312/open_dvs/git_dvs/nic2025_openDVS/analog/xschem/sky130_fd_sc_hd__nor2_1.sch
-----------/home/alienfalcon/Projects/skywater/open_dvs_py312/open_dvs/git_dvs/nic2025_openDVS/analog/xschem/sky130_fd_sc_hd__inv_1.sch
-----------/home/alienfalcon/Projects/skywater/open_dvs_py312/open_dvs/git_dvs/nic2025_openDVS/analog/xschem/BiasDivider.sch
-----------/home/alienfalcon/Projects/skywater/open_dvs_py312/open_dvs/git_dvs/nic2025_openDVS/analog/xschem/BiasMultiplier.sch
-----------/home/alienfalcon/Projects/skywater/open_dvs_py312/open_dvs/git_dvs/nic2025_openDVS/analog/xschem/BiasDividerCell.sch
-----------/home/alienfalcon/Projects/skywater/open_dvs_py312/open_dvs/git_dvs/nic2025_openDVS/analog/xschem/BiasMultiplierCell.sch
Error: Symbol BiasBuffers.sym: schematic pin: NBiasEn not in symbol
Error: Symbol BiasBuffers.sym: schematic pin: PBiasEn not in symbol
Error: Symbol BiasBuffers.sym: symbol pin: NBiasEnabled not in schematic
Error: Symbol BiasBuffers.sym: symbol pin: PBiasEnabled not in schematic
-----------/home/alienfalcon/Projects/skywater/open_dvs_py312/open_dvs/git_dvs/nic2025_openDVS/analog/xschem/BiasBranchnMasterx1.sch

Xschem process returned error code 10

Subprocess exited with error code -9
Error output generated by subprocess:
Using run time directory XSCHEM_SHAREDIR = /usr/local/share/xschem
Sourcing /usr/local/share/xschem/xschemrc init file
Sourcing /home/alienfalcon/.ciel/sky130B/libs.tech/xschem/xschemrc init file
open_pdks installation: using /home/alienfalcon/.ciel
SKYWATER_MODELS: /home/alienfalcon/.ciel/sky130B/libs.tech/combined
SKYWATER_STDCELLS: /home/alienfalcon/.ciel/sky130B/libs.ref/sky130_fd_sc_hd/spice
Use 'exit' to close the program
