Subprocess exited with error code 1
Error output generated by subprocess:
Error in netlist line no. 1698, new internal line no. 17:

Undefined parameter [xbiasenable]
Error in netlist line no. 1698, new internal line no. 17:

 Expression err: xbiasenable*xvdd}
Error in netlist line no. 1698, new internal line no. 17:

Cannot compute substitute

ERROR: fatal error in ngspice, exit(1)
Subprocess exited with error code 1
Error output generated by subprocess:
Error in netlist line no. 1698, new internal line no. 17:

Undefined parameter [xbiasenable]
Error in netlist line no. 1698, new internal line no. 17:

 Expression err: xbiasenable*xvdd}
Error in netlist line no. 1698, new internal line no. 17:

Cannot compute substitute

ERROR: fatal error in ngspice, exit(1)
Subprocess exited with error code 1
Error output generated by subprocess:
Error in netlist line no. 1698, new internal line no. 17:

Undefined parameter [xbiasenable]
Error in netlist line no. 1698, new internal line no. 17:

 Expression err: xbiasenable*xvdd}
Error in netlist line no. 1698, new internal line no. 17:

Cannot compute substitute

ERROR: fatal error in ngspice, exit(1)
Subprocess exited with error code 1
Error output generated by subprocess:
Error in netlist line no. 1698, new internal line no. 17:

Undefined parameter [xbiasenable]
Error in netlist line no. 1698, new internal line no. 17:

 Expression err: xbiasenable*xvdd}
Error in netlist line no. 1698, new internal line no. 17:

Cannot compute substitute

ERROR: fatal error in ngspice, exit(1)
Subprocess exited with error code -2
Subprocess exited with error code -2
